{"/home/lazar/Desktop/diplomski/transportApp/config/index.js":{"path":"/home/lazar/Desktop/diplomski/transportApp/config/index.js","s":{"1":1,"2":1},"b":{"1":[1,0]},"f":{},"fnMap":{},"statementMap":{"1":{"start":{"line":6,"column":0},"end":{"line":7,"column":51}},"2":{"start":{"line":9,"column":0},"end":{"line":9,"column":21}}},"branchMap":{"1":{"line":6,"type":"binary-expr","locations":[{"start":{"line":6,"column":10},"end":{"line":6,"column":30}},{"start":{"line":6,"column":34},"end":{"line":6,"column":40}}]}}},"/home/lazar/Desktop/diplomski/transportApp/config/config.test.js":{"path":"/home/lazar/Desktop/diplomski/transportApp/config/config.test.js","s":{"1":1,"2":1},"b":{},"f":{},"fnMap":{},"statementMap":{"1":{"start":{"line":1,"column":0},"end":{"line":29,"column":4}},"2":{"start":{"line":31,"column":2},"end":{"line":31,"column":26}}},"branchMap":{}},"/home/lazar/Desktop/diplomski/transportApp/lib/logger.js":{"path":"/home/lazar/Desktop/diplomski/transportApp/lib/logger.js","s":{"1":1,"2":1,"3":1,"4":1,"5":1,"6":1,"7":1,"8":1,"9":1,"10":1,"11":1,"12":0,"13":1,"14":1,"15":1,"16":0,"17":0,"18":0,"19":0,"20":0,"21":0,"22":0,"23":0,"24":1},"b":{"1":[1,0],"2":[1,0],"3":[1,0],"4":[0,1],"5":[0,0],"6":[0,0],"7":[0,0]},"f":{"1":0,"2":0},"fnMap":{"1":{"name":"(anonymous_1)","line":61,"loc":{"start":{"line":61,"column":26},"end":{"line":61,"column":38}}},"2":{"name":"(anonymous_2)","line":66,"loc":{"start":{"line":66,"column":35},"end":{"line":66,"column":50}}}},"statementMap":{"1":{"start":{"line":1,"column":0},"end":{"line":1,"column":33}},"2":{"start":{"line":2,"column":0},"end":{"line":2,"column":37}},"3":{"start":{"line":7,"column":0},"end":{"line":20,"column":2}},"4":{"start":{"line":22,"column":0},"end":{"line":29,"column":2}},"5":{"start":{"line":31,"column":0},"end":{"line":31,"column":55}},"6":{"start":{"line":32,"column":0},"end":{"line":34,"column":1}},"7":{"start":{"line":33,"column":2},"end":{"line":33,"column":24}},"8":{"start":{"line":35,"column":0},"end":{"line":37,"column":1}},"9":{"start":{"line":36,"column":2},"end":{"line":36,"column":68}},"10":{"start":{"line":38,"column":0},"end":{"line":46,"column":2}},"11":{"start":{"line":47,"column":0},"end":{"line":49,"column":1}},"12":{"start":{"line":48,"column":2},"end":{"line":48,"column":59}},"13":{"start":{"line":50,"column":0},"end":{"line":50,"column":65}},"14":{"start":{"line":56,"column":0},"end":{"line":59,"column":3}},"15":{"start":{"line":61,"column":0},"end":{"line":74,"column":2}},"16":{"start":{"line":62,"column":2},"end":{"line":73,"column":3}},"17":{"start":{"line":63,"column":4},"end":{"line":63,"column":157}},"18":{"start":{"line":64,"column":4},"end":{"line":64,"column":113}},"19":{"start":{"line":65,"column":4},"end":{"line":65,"column":76}},"20":{"start":{"line":66,"column":4},"end":{"line":72,"column":7}},"21":{"start":{"line":67,"column":6},"end":{"line":71,"column":7}},"22":{"start":{"line":68,"column":8},"end":{"line":70,"column":9}},"23":{"start":{"line":69,"column":10},"end":{"line":69,"column":38}},"24":{"start":{"line":75,"column":0},"end":{"line":75,"column":24}}},"branchMap":{"1":{"line":31,"type":"binary-expr","locations":[{"start":{"line":31,"column":13},"end":{"line":31,"column":44}},{"start":{"line":31,"column":48},"end":{"line":31,"column":54}}]},"2":{"line":32,"type":"if","locations":[{"start":{"line":32,"column":0},"end":{"line":32,"column":0}},{"start":{"line":32,"column":0},"end":{"line":32,"column":0}}]},"3":{"line":35,"type":"if","locations":[{"start":{"line":35,"column":0},"end":{"line":35,"column":0}},{"start":{"line":35,"column":0},"end":{"line":35,"column":0}}]},"4":{"line":47,"type":"if","locations":[{"start":{"line":47,"column":0},"end":{"line":47,"column":0}},{"start":{"line":47,"column":0},"end":{"line":47,"column":0}}]},"5":{"line":62,"type":"if","locations":[{"start":{"line":62,"column":2},"end":{"line":62,"column":2}},{"start":{"line":62,"column":2},"end":{"line":62,"column":2}}]},"6":{"line":67,"type":"if","locations":[{"start":{"line":67,"column":6},"end":{"line":67,"column":6}},{"start":{"line":67,"column":6},"end":{"line":67,"column":6}}]},"7":{"line":68,"type":"if","locations":[{"start":{"line":68,"column":8},"end":{"line":68,"column":8}},{"start":{"line":68,"column":8},"end":{"line":68,"column":8}}]}}},"/home/lazar/Desktop/diplomski/transportApp/server.js":{"path":"/home/lazar/Desktop/diplomski/transportApp/server.js","s":{"1":1,"2":1,"3":1,"4":1,"5":1,"6":1,"7":1,"8":1,"9":1,"10":1,"11":59,"12":59,"13":59,"14":1,"15":1,"16":1,"17":1,"18":1,"19":1,"20":0,"21":0,"22":1,"23":1,"24":1,"25":1,"26":1,"27":1,"28":1,"29":1,"30":1,"31":1,"32":1,"33":1,"34":1},"b":{"1":[0,1],"2":[1,1]},"f":{"1":59,"2":1,"3":1},"fnMap":{"1":{"name":"(anonymous_1)","line":39,"loc":{"start":{"line":39,"column":6},"end":{"line":39,"column":32}}},"2":{"name":"(anonymous_2)","line":62,"loc":{"start":{"line":62,"column":3},"end":{"line":62,"column":18}}},"3":{"name":"(anonymous_3)","line":89,"loc":{"start":{"line":89,"column":28},"end":{"line":89,"column":40}}}},"statementMap":{"1":{"start":{"line":2,"column":0},"end":{"line":2,"column":30}},"2":{"start":{"line":3,"column":0},"end":{"line":3,"column":33}},"3":{"start":{"line":4,"column":0},"end":{"line":4,"column":37}},"4":{"start":{"line":5,"column":0},"end":{"line":5,"column":23}},"5":{"start":{"line":9,"column":0},"end":{"line":9,"column":46}},"6":{"start":{"line":11,"column":0},"end":{"line":21,"column":37}},"7":{"start":{"line":25,"column":0},"end":{"line":27,"column":4}},"8":{"start":{"line":28,"column":0},"end":{"line":31,"column":4}},"9":{"start":{"line":33,"column":0},"end":{"line":35,"column":4}},"10":{"start":{"line":37,"column":0},"end":{"line":43,"column":3}},"11":{"start":{"line":40,"column":3},"end":{"line":40,"column":50}},"12":{"start":{"line":41,"column":3},"end":{"line":41,"column":66}},"13":{"start":{"line":42,"column":3},"end":{"line":42,"column":10}},"14":{"start":{"line":46,"column":0},"end":{"line":46,"column":20}},"15":{"start":{"line":48,"column":0},"end":{"line":48,"column":17}},"16":{"start":{"line":51,"column":0},"end":{"line":51,"column":19}},"17":{"start":{"line":54,"column":0},"end":{"line":54,"column":32}},"18":{"start":{"line":57,"column":0},"end":{"line":71,"column":3}},"19":{"start":{"line":63,"column":2},"end":{"line":66,"column":3}},"20":{"start":{"line":64,"column":4},"end":{"line":64,"column":56}},"21":{"start":{"line":65,"column":4},"end":{"line":65,"column":14}},"22":{"start":{"line":67,"column":2},"end":{"line":67,"column":89}},"23":{"start":{"line":68,"column":2},"end":{"line":68,"column":16}},"24":{"start":{"line":70,"column":2},"end":{"line":70,"column":89}},"25":{"start":{"line":76,"column":0},"end":{"line":76,"column":61}},"26":{"start":{"line":77,"column":0},"end":{"line":77,"column":47}},"27":{"start":{"line":78,"column":0},"end":{"line":78,"column":52}},"28":{"start":{"line":79,"column":0},"end":{"line":79,"column":57}},"29":{"start":{"line":86,"column":0},"end":{"line":86,"column":42}},"30":{"start":{"line":89,"column":0},"end":{"line":93,"column":2}},"31":{"start":{"line":89,"column":41},"end":{"line":89,"column":98}},"32":{"start":{"line":90,"column":2},"end":{"line":90,"column":56}},"33":{"start":{"line":92,"column":2},"end":{"line":92,"column":39}},"34":{"start":{"line":95,"column":0},"end":{"line":95,"column":21}}},"branchMap":{"1":{"line":63,"type":"if","locations":[{"start":{"line":63,"column":2},"end":{"line":63,"column":2}},{"start":{"line":63,"column":2},"end":{"line":63,"column":2}}]},"2":{"line":86,"type":"binary-expr","locations":[{"start":{"line":86,"column":16},"end":{"line":86,"column":32}},{"start":{"line":86,"column":36},"end":{"line":86,"column":40}}]}}},"/home/lazar/Desktop/diplomski/transportApp/lib/error.js":{"path":"/home/lazar/Desktop/diplomski/transportApp/lib/error.js","s":{"1":1,"2":1,"3":50,"4":50,"5":50,"6":50,"7":50,"8":0,"9":0,"10":0,"11":50},"b":{"1":[50,0],"2":[50,50]},"f":{"1":50},"fnMap":{"1":{"name":"(anonymous_1)","line":3,"loc":{"start":{"line":3,"column":16},"end":{"line":3,"column":47}}}},"statementMap":{"1":{"start":{"line":1,"column":0},"end":{"line":1,"column":49}},"2":{"start":{"line":3,"column":0},"end":{"line":16,"column":2}},"3":{"start":{"line":4,"column":2},"end":{"line":4,"column":13}},"4":{"start":{"line":5,"column":2},"end":{"line":13,"column":3}},"5":{"start":{"line":6,"column":4},"end":{"line":6,"column":43}},"6":{"start":{"line":7,"column":4},"end":{"line":7,"column":57}},"7":{"start":{"line":8,"column":4},"end":{"line":8,"column":22}},"8":{"start":{"line":10,"column":4},"end":{"line":10,"column":25}},"9":{"start":{"line":11,"column":4},"end":{"line":11,"column":28}},"10":{"start":{"line":12,"column":4},"end":{"line":12,"column":26}},"11":{"start":{"line":15,"column":2},"end":{"line":15,"column":11}}},"branchMap":{"1":{"line":5,"type":"if","locations":[{"start":{"line":5,"column":2},"end":{"line":5,"column":2}},{"start":{"line":5,"column":2},"end":{"line":5,"column":2}}]},"2":{"line":7,"type":"binary-expr","locations":[{"start":{"line":7,"column":16},"end":{"line":7,"column":23}},{"start":{"line":7,"column":27},"end":{"line":7,"column":56}}]}}},"/home/lazar/Desktop/diplomski/transportApp/config/errorCodes.js":{"path":"/home/lazar/Desktop/diplomski/transportApp/config/errorCodes.js","s":{"1":1},"b":{},"f":{},"fnMap":{},"statementMap":{"1":{"start":{"line":1,"column":0},"end":{"line":38,"column":4}}},"branchMap":{}},"/home/lazar/Desktop/diplomski/transportApp/router.js":{"path":"/home/lazar/Desktop/diplomski/transportApp/router.js","s":{"1":1,"2":1,"3":1,"4":4,"5":3,"6":3},"b":{"1":[3,1]},"f":{"1":1,"2":4},"fnMap":{"1":{"name":"(anonymous_1)","line":17,"loc":{"start":{"line":17,"column":15},"end":{"line":17,"column":30}}},"2":{"name":"(anonymous_2)","line":18,"loc":{"start":{"line":18,"column":51},"end":{"line":18,"column":66}}}},"statementMap":{"1":{"start":{"line":1,"column":0},"end":{"line":2,"column":28}},"2":{"start":{"line":17,"column":0},"end":{"line":24,"column":2}},"3":{"start":{"line":18,"column":2},"end":{"line":23,"column":5}},"4":{"start":{"line":19,"column":4},"end":{"line":22,"column":5}},"5":{"start":{"line":20,"column":6},"end":{"line":20,"column":74}},"6":{"start":{"line":21,"column":6},"end":{"line":21,"column":57}}},"branchMap":{"1":{"line":19,"type":"if","locations":[{"start":{"line":19,"column":4},"end":{"line":19,"column":4}},{"start":{"line":19,"column":4},"end":{"line":19,"column":4}}]}}},"/home/lazar/Desktop/diplomski/transportApp/middleware/loggerMiddleware.js":{"path":"/home/lazar/Desktop/diplomski/transportApp/middleware/loggerMiddleware.js","s":{"1":1,"2":59,"3":59,"4":59,"5":59,"6":59,"7":1,"8":52,"9":52,"10":52},"b":{"1":[59,0],"2":[59,0],"3":[59,0],"4":[59,0],"5":[59,0],"6":[59,59,59,59],"7":[52,0],"8":[52,0],"9":[52,0],"10":[52,0],"11":[52,0],"12":[52,50]},"f":{"1":59,"2":52},"fnMap":{"1":{"name":"(anonymous_1)","line":1,"loc":{"start":{"line":1,"column":21},"end":{"line":1,"column":47}}},"2":{"name":"(anonymous_2)","line":16,"loc":{"start":{"line":16,"column":20},"end":{"line":16,"column":51}}}},"statementMap":{"1":{"start":{"line":1,"column":0},"end":{"line":14,"column":2}},"2":{"start":{"line":2,"column":4},"end":{"line":2,"column":36}},"3":{"start":{"line":3,"column":4},"end":{"line":9,"column":6}},"4":{"start":{"line":10,"column":4},"end":{"line":12,"column":5}},"5":{"start":{"line":11,"column":8},"end":{"line":11,"column":26}},"6":{"start":{"line":13,"column":4},"end":{"line":13,"column":11}},"7":{"start":{"line":16,"column":0},"end":{"line":28,"column":2}},"8":{"start":{"line":17,"column":4},"end":{"line":25,"column":6}},"9":{"start":{"line":26,"column":4},"end":{"line":26,"column":23}},"10":{"start":{"line":27,"column":4},"end":{"line":27,"column":14}}},"branchMap":{"1":{"line":2,"type":"binary-expr","locations":[{"start":{"line":2,"column":14},"end":{"line":2,"column":29}},{"start":{"line":2,"column":33},"end":{"line":2,"column":35}}]},"2":{"line":6,"type":"binary-expr","locations":[{"start":{"line":6,"column":20},"end":{"line":6,"column":30}},{"start":{"line":6,"column":34},"end":{"line":6,"column":36}}]},"3":{"line":7,"type":"binary-expr","locations":[{"start":{"line":7,"column":21},"end":{"line":7,"column":30}},{"start":{"line":7,"column":34},"end":{"line":7,"column":36}}]},"4":{"line":8,"type":"binary-expr","locations":[{"start":{"line":8,"column":20},"end":{"line":8,"column":28}},{"start":{"line":8,"column":32},"end":{"line":8,"column":34}}]},"5":{"line":10,"type":"if","locations":[{"start":{"line":10,"column":4},"end":{"line":10,"column":4}},{"start":{"line":10,"column":4},"end":{"line":10,"column":4}}]},"6":{"line":10,"type":"binary-expr","locations":[{"start":{"line":10,"column":8},"end":{"line":10,"column":33}},{"start":{"line":10,"column":37},"end":{"line":10,"column":67}},{"start":{"line":10,"column":71},"end":{"line":10,"column":102}},{"start":{"line":10,"column":106},"end":{"line":10,"column":134}}]},"7":{"line":19,"type":"binary-expr","locations":[{"start":{"line":19,"column":13},"end":{"line":19,"column":28}},{"start":{"line":19,"column":32},"end":{"line":19,"column":34}}]},"8":{"line":20,"type":"binary-expr","locations":[{"start":{"line":20,"column":20},"end":{"line":20,"column":30}},{"start":{"line":20,"column":34},"end":{"line":20,"column":36}}]},"9":{"line":21,"type":"binary-expr","locations":[{"start":{"line":21,"column":21},"end":{"line":21,"column":30}},{"start":{"line":21,"column":34},"end":{"line":21,"column":36}}]},"10":{"line":22,"type":"binary-expr","locations":[{"start":{"line":22,"column":20},"end":{"line":22,"column":28}},{"start":{"line":22,"column":32},"end":{"line":22,"column":34}}]},"11":{"line":23,"type":"binary-expr","locations":[{"start":{"line":23,"column":13},"end":{"line":23,"column":16}},{"start":{"line":23,"column":20},"end":{"line":23,"column":22}}]},"12":{"line":24,"type":"binary-expr","locations":[{"start":{"line":24,"column":15},"end":{"line":24,"column":24}},{"start":{"line":24,"column":28},"end":{"line":24,"column":30}}]}}},"/home/lazar/Desktop/diplomski/transportApp/middleware/errorHandlerMiddleware.js":{"path":"/home/lazar/Desktop/diplomski/transportApp/middleware/errorHandlerMiddleware.js","s":{"1":1,"2":52,"3":52},"b":{"1":[52,2]},"f":{"1":52},"fnMap":{"1":{"name":"(anonymous_1)","line":3,"loc":{"start":{"line":3,"column":33},"end":{"line":3,"column":64}}}},"statementMap":{"1":{"start":{"line":3,"column":0},"end":{"line":6,"column":4}},"2":{"start":{"line":4,"column":4},"end":{"line":4,"column":32}},"3":{"start":{"line":5,"column":4},"end":{"line":5,"column":27}}},"branchMap":{"1":{"line":4,"type":"binary-expr","locations":[{"start":{"line":4,"column":15},"end":{"line":4,"column":23}},{"start":{"line":4,"column":27},"end":{"line":4,"column":30}}]}}},"/home/lazar/Desktop/diplomski/transportApp/middleware/routeValidatorMiddleware.js":{"path":"/home/lazar/Desktop/diplomski/transportApp/middleware/routeValidatorMiddleware.js","s":{"1":1,"2":1,"3":0,"4":0,"5":0,"6":0,"7":0,"8":0,"9":0,"10":0,"11":0,"12":0,"13":0},"b":{"1":[0,0],"2":[0,0],"3":[0,0]},"f":{"1":0,"2":0},"fnMap":{"1":{"name":"(anonymous_1)","line":11,"loc":{"start":{"line":11,"column":17},"end":{"line":11,"column":43}}},"2":{"name":"(anonymous_2)","line":18,"loc":{"start":{"line":18,"column":35},"end":{"line":18,"column":61}}}},"statementMap":{"1":{"start":{"line":1,"column":0},"end":{"line":2,"column":63}},"2":{"start":{"line":11,"column":0},"end":{"line":28,"column":2}},"3":{"start":{"line":12,"column":2},"end":{"line":12,"column":56}},"4":{"start":{"line":13,"column":2},"end":{"line":13,"column":70}},"5":{"start":{"line":14,"column":2},"end":{"line":16,"column":3}},"6":{"start":{"line":15,"column":4},"end":{"line":15,"column":27}},"7":{"start":{"line":18,"column":2},"end":{"line":26,"column":5}},"8":{"start":{"line":19,"column":4},"end":{"line":19,"column":18}},"9":{"start":{"line":20,"column":4},"end":{"line":24,"column":5}},"10":{"start":{"line":21,"column":6},"end":{"line":21,"column":26}},"11":{"start":{"line":23,"column":6},"end":{"line":23,"column":51}},"12":{"start":{"line":25,"column":4},"end":{"line":25,"column":12}},"13":{"start":{"line":27,"column":2},"end":{"line":27,"column":27}}},"branchMap":{"1":{"line":14,"type":"if","locations":[{"start":{"line":14,"column":2},"end":{"line":14,"column":2}},{"start":{"line":14,"column":2},"end":{"line":14,"column":2}}]},"2":{"line":14,"type":"binary-expr","locations":[{"start":{"line":14,"column":6},"end":{"line":14,"column":21}},{"start":{"line":14,"column":25},"end":{"line":14,"column":48}}]},"3":{"line":20,"type":"if","locations":[{"start":{"line":20,"column":4},"end":{"line":20,"column":4}},{"start":{"line":20,"column":4},"end":{"line":20,"column":4}}]}}},"/home/lazar/Desktop/diplomski/transportApp/lib/validator/validators.js":{"path":"/home/lazar/Desktop/diplomski/transportApp/lib/validator/validators.js","s":{"1":1,"2":1,"3":0,"4":0,"5":0,"6":0,"7":0,"8":0,"9":0,"10":0,"11":0,"12":0,"13":0,"14":0},"b":{"1":[0,0],"2":[0,0],"3":[0,0],"4":[0,0],"5":[0,0]},"f":{"1":0},"fnMap":{"1":{"name":"(anonymous_1)","line":6,"loc":{"start":{"line":6,"column":11},"end":{"line":6,"column":39}}}},"statementMap":{"1":{"start":{"line":1,"column":0},"end":{"line":2,"column":34}},"2":{"start":{"line":4,"column":0},"end":{"line":24,"column":2}},"3":{"start":{"line":7,"column":0},"end":{"line":7,"column":35}},"4":{"start":{"line":8,"column":0},"end":{"line":8,"column":23}},"5":{"start":{"line":9,"column":0},"end":{"line":11,"column":1}},"6":{"start":{"line":10,"column":2},"end":{"line":10,"column":52}},"7":{"start":{"line":12,"column":0},"end":{"line":12,"column":65}},"8":{"start":{"line":13,"column":0},"end":{"line":21,"column":1}},"9":{"start":{"line":14,"column":2},"end":{"line":20,"column":3}},"10":{"start":{"line":15,"column":4},"end":{"line":15,"column":83}},"11":{"start":{"line":16,"column":4},"end":{"line":16,"column":42}},"12":{"start":{"line":17,"column":4},"end":{"line":19,"column":5}},"13":{"start":{"line":18,"column":6},"end":{"line":18,"column":33}},"14":{"start":{"line":22,"column":0},"end":{"line":22,"column":42}}},"branchMap":{"1":{"line":9,"type":"if","locations":[{"start":{"line":9,"column":0},"end":{"line":9,"column":0}},{"start":{"line":9,"column":0},"end":{"line":9,"column":0}}]},"2":{"line":12,"type":"cond-expr","locations":[{"start":{"line":12,"column":37},"end":{"line":12,"column":59}},{"start":{"line":12,"column":62},"end":{"line":12,"column":64}}]},"3":{"line":13,"type":"if","locations":[{"start":{"line":13,"column":0},"end":{"line":13,"column":0}},{"start":{"line":13,"column":0},"end":{"line":13,"column":0}}]},"4":{"line":17,"type":"if","locations":[{"start":{"line":17,"column":4},"end":{"line":17,"column":4}},{"start":{"line":17,"column":4},"end":{"line":17,"column":4}}]},"5":{"line":22,"type":"cond-expr","locations":[{"start":{"line":22,"column":23},"end":{"line":22,"column":36}},{"start":{"line":22,"column":39},"end":{"line":22,"column":41}}]}}},"/home/lazar/Desktop/diplomski/transportApp/lib/validator/notationValidators.js":{"path":"/home/lazar/Desktop/diplomski/transportApp/lib/validator/notationValidators.js","s":{"1":1,"2":1,"3":1,"4":1,"5":48,"6":48,"7":48,"8":48,"9":68,"10":162,"11":89,"12":50,"13":89,"14":48,"15":31,"16":48,"17":1,"18":1},"b":{"1":[48,0],"2":[89,73],"3":[50,39],"4":[0,89],"5":[31,17],"6":[1,0]},"f":{"1":1,"2":162},"fnMap":{"1":{"name":"_parseValidators","line":4,"loc":{"start":{"line":4,"column":0},"end":{"line":4,"column":32}}},"2":{"name":"(anonymous_2)","line":15,"loc":{"start":{"line":15,"column":46},"end":{"line":15,"column":63}}}},"statementMap":{"1":{"start":{"line":1,"column":0},"end":{"line":1,"column":53}},"2":{"start":{"line":2,"column":0},"end":{"line":2,"column":21}},"3":{"start":{"line":4,"column":0},"end":{"line":36,"column":1}},"4":{"start":{"line":5,"column":2},"end":{"line":33,"column":3}},"5":{"start":{"line":6,"column":4},"end":{"line":6,"column":30}},"6":{"start":{"line":7,"column":4},"end":{"line":11,"column":6}},"7":{"start":{"line":13,"column":4},"end":{"line":27,"column":5}},"8":{"start":{"line":14,"column":6},"end":{"line":26,"column":7}},"9":{"start":{"line":15,"column":8},"end":{"line":25,"column":11}},"10":{"start":{"line":16,"column":10},"end":{"line":24,"column":11}},"11":{"start":{"line":17,"column":12},"end":{"line":19,"column":13}},"12":{"start":{"line":18,"column":14},"end":{"line":18,"column":51}},"13":{"start":{"line":20,"column":12},"end":{"line":23,"column":13}},"14":{"start":{"line":28,"column":4},"end":{"line":30,"column":5}},"15":{"start":{"line":29,"column":6},"end":{"line":29,"column":33}},"16":{"start":{"line":31,"column":4},"end":{"line":31,"column":51}},"17":{"start":{"line":35,"column":2},"end":{"line":35,"column":21}},"18":{"start":{"line":38,"column":0},"end":{"line":42,"column":2}}},"branchMap":{"1":{"line":13,"type":"if","locations":[{"start":{"line":13,"column":4},"end":{"line":13,"column":4}},{"start":{"line":13,"column":4},"end":{"line":13,"column":4}}]},"2":{"line":16,"type":"if","locations":[{"start":{"line":16,"column":10},"end":{"line":16,"column":10}},{"start":{"line":16,"column":10},"end":{"line":16,"column":10}}]},"3":{"line":17,"type":"if","locations":[{"start":{"line":17,"column":12},"end":{"line":17,"column":12}},{"start":{"line":17,"column":12},"end":{"line":17,"column":12}}]},"4":{"line":22,"type":"cond-expr","locations":[{"start":{"line":22,"column":51},"end":{"line":22,"column":57}},{"start":{"line":22,"column":60},"end":{"line":22,"column":71}}]},"5":{"line":28,"type":"if","locations":[{"start":{"line":28,"column":4},"end":{"line":28,"column":4}},{"start":{"line":28,"column":4},"end":{"line":28,"column":4}}]},"6":{"line":40,"type":"cond-expr","locations":[{"start":{"line":40,"column":57},"end":{"line":40,"column":81}},{"start":{"line":40,"column":84},"end":{"line":40,"column":95}}]}}},"/home/lazar/Desktop/diplomski/transportApp/services/module_client/router.js":{"path":"/home/lazar/Desktop/diplomski/transportApp/services/module_client/router.js","s":{"1":1,"2":1,"3":1,"4":1,"5":1,"6":1,"7":1,"8":1,"9":1,"10":1,"11":1,"12":1,"13":1,"14":1,"15":1,"16":1,"17":1,"18":1,"19":1,"20":1,"21":1,"22":1,"23":1,"24":1},"b":{},"f":{},"fnMap":{},"statementMap":{"1":{"start":{"line":1,"column":0},"end":{"line":1,"column":41}},"2":{"start":{"line":2,"column":0},"end":{"line":2,"column":33}},"3":{"start":{"line":3,"column":0},"end":{"line":3,"column":54}},"4":{"start":{"line":4,"column":0},"end":{"line":4,"column":30}},"5":{"start":{"line":28,"column":0},"end":{"line":28,"column":46}},"6":{"start":{"line":62,"column":0},"end":{"line":62,"column":93}},"7":{"start":{"line":99,"column":0},"end":{"line":99,"column":105}},"8":{"start":{"line":127,"column":0},"end":{"line":127,"column":116}},"9":{"start":{"line":161,"column":0},"end":{"line":161,"column":106}},"10":{"start":{"line":196,"column":0},"end":{"line":196,"column":114}},"11":{"start":{"line":215,"column":0},"end":{"line":215,"column":117}},"12":{"start":{"line":256,"column":0},"end":{"line":256,"column":105}},"13":{"start":{"line":286,"column":0},"end":{"line":286,"column":116}},"14":{"start":{"line":325,"column":0},"end":{"line":325,"column":101}},"15":{"start":{"line":359,"column":0},"end":{"line":359,"column":114}},"16":{"start":{"line":378,"column":0},"end":{"line":378,"column":117}},"17":{"start":{"line":414,"column":0},"end":{"line":414,"column":131}},"18":{"start":{"line":451,"column":0},"end":{"line":451,"column":103}},"19":{"start":{"line":479,"column":0},"end":{"line":479,"column":113}},"20":{"start":{"line":513,"column":0},"end":{"line":513,"column":99}},"21":{"start":{"line":548,"column":0},"end":{"line":548,"column":111}},"22":{"start":{"line":567,"column":0},"end":{"line":567,"column":114}},"23":{"start":{"line":569,"column":0},"end":{"line":569,"column":36}},"24":{"start":{"line":571,"column":0},"end":{"line":571,"column":24}}},"branchMap":{}},"/home/lazar/Desktop/diplomski/transportApp/services/module_client/controller.js":{"path":"/home/lazar/Desktop/diplomski/transportApp/services/module_client/controller.js","s":{"1":1,"2":1,"3":1,"4":1,"5":1,"6":1,"7":1,"8":1,"9":4,"10":0,"11":0,"12":4,"13":0,"14":0,"15":4,"16":2,"17":2,"18":2,"19":0,"20":2,"21":1,"22":0,"23":0,"24":0,"25":1,"26":0,"27":0,"28":0,"29":1,"30":0,"31":0,"32":0,"33":0,"34":0,"35":1,"36":0,"37":0,"38":0,"39":0,"40":0,"41":0,"42":0,"43":0,"44":0,"45":0,"46":0,"47":0,"48":1,"49":0,"50":0,"51":0,"52":0,"53":0,"54":0,"55":0,"56":1,"57":0,"58":0,"59":0,"60":1,"61":0,"62":0,"63":0,"64":1,"65":0,"66":0,"67":0,"68":0,"69":0,"70":1,"71":0,"72":0,"73":0,"74":0,"75":0,"76":0,"77":0,"78":0,"79":0,"80":0,"81":0,"82":0,"83":1,"84":0,"85":0,"86":0,"87":1,"88":0,"89":0,"90":0,"91":1,"92":0,"93":0,"94":0,"95":0,"96":0,"97":0,"98":0,"99":1,"100":0,"101":0,"102":0,"103":1,"104":0,"105":0,"106":0,"107":0,"108":0,"109":1,"110":0,"111":0,"112":0,"113":0,"114":0,"115":0,"116":0,"117":0,"118":0,"119":0,"120":0,"121":0,"122":0,"123":0,"124":0,"125":1,"126":0,"127":0,"128":0,"129":0,"130":0,"131":0,"132":0,"133":1,"134":0,"135":0,"136":0},"b":{"1":[0,4],"2":[0,4],"3":[2,2],"4":[0,0],"5":[0,0],"6":[0,0],"7":[0,0],"8":[0,0],"9":[0,0],"10":[0,0],"11":[0,0],"12":[0,0],"13":[0,0],"14":[0,0],"15":[0,0],"16":[0,0],"17":[0,0],"18":[0,0],"19":[0,0],"20":[0,0],"21":[0,0]},"f":{"1":4,"2":0,"3":2,"4":0,"5":0,"6":0,"7":0,"8":0,"9":0,"10":0,"11":0,"12":0,"13":0,"14":0,"15":0,"16":0,"17":0,"18":0,"19":0,"20":0,"21":0,"22":0,"23":0,"24":0,"25":0,"26":0,"27":0,"28":0,"29":0,"30":0,"31":0,"32":0,"33":0,"34":0,"35":0,"36":0,"37":0,"38":0,"39":0,"40":0,"41":0,"42":0,"43":0,"44":0,"45":0,"46":0,"47":0,"48":0,"49":0,"50":0,"51":0,"52":0,"53":0,"54":0,"55":0,"56":0},"fnMap":{"1":{"name":"(anonymous_1)","line":19,"loc":{"start":{"line":19,"column":22},"end":{"line":19,"column":46}}},"2":{"name":"(anonymous_2)","line":35,"loc":{"start":{"line":35,"column":37},"end":{"line":35,"column":51}}},"3":{"name":"(anonymous_3)","line":37,"loc":{"start":{"line":37,"column":12},"end":{"line":37,"column":25}}},"4":{"name":"(anonymous_4)","line":48,"loc":{"start":{"line":48,"column":23},"end":{"line":48,"column":47}}},"5":{"name":"(anonymous_5)","line":49,"loc":{"start":{"line":49,"column":59},"end":{"line":49,"column":75}}},"6":{"name":"(anonymous_6)","line":51,"loc":{"start":{"line":51,"column":12},"end":{"line":51,"column":25}}},"7":{"name":"(anonymous_7)","line":64,"loc":{"start":{"line":64,"column":26},"end":{"line":64,"column":50}}},"8":{"name":"(anonymous_8)","line":65,"loc":{"start":{"line":65,"column":32},"end":{"line":65,"column":50}}},"9":{"name":"(anonymous_9)","line":67,"loc":{"start":{"line":67,"column":12},"end":{"line":67,"column":25}}},"10":{"name":"(anonymous_10)","line":79,"loc":{"start":{"line":79,"column":26},"end":{"line":79,"column":50}}},"11":{"name":"(anonymous_11)","line":80,"loc":{"start":{"line":80,"column":53},"end":{"line":80,"column":70}}},"12":{"name":"(anonymous_12)","line":83,"loc":{"start":{"line":83,"column":12},"end":{"line":83,"column":25}}},"13":{"name":"(anonymous_13)","line":94,"loc":{"start":{"line":94,"column":26},"end":{"line":94,"column":50}}},"14":{"name":"(anonymous_14)","line":110,"loc":{"start":{"line":110,"column":41},"end":{"line":110,"column":58}}},"15":{"name":"(anonymous_15)","line":112,"loc":{"start":{"line":112,"column":12},"end":{"line":112,"column":25}}},"16":{"name":"(anonymous_16)","line":123,"loc":{"start":{"line":123,"column":24},"end":{"line":123,"column":48}}},"17":{"name":"(anonymous_17)","line":131,"loc":{"start":{"line":131,"column":61},"end":{"line":131,"column":78}}},"18":{"name":"(anonymous_18)","line":133,"loc":{"start":{"line":133,"column":12},"end":{"line":133,"column":25}}},"19":{"name":"(anonymous_19)","line":144,"loc":{"start":{"line":144,"column":24},"end":{"line":144,"column":48}}},"20":{"name":"(anonymous_20)","line":145,"loc":{"start":{"line":145,"column":51},"end":{"line":145,"column":68}}},"21":{"name":"(anonymous_21)","line":147,"loc":{"start":{"line":147,"column":12},"end":{"line":147,"column":25}}},"22":{"name":"(anonymous_22)","line":160,"loc":{"start":{"line":160,"column":26},"end":{"line":160,"column":50}}},"23":{"name":"(anonymous_23)","line":161,"loc":{"start":{"line":161,"column":32},"end":{"line":161,"column":50}}},"24":{"name":"(anonymous_24)","line":163,"loc":{"start":{"line":163,"column":12},"end":{"line":163,"column":25}}},"25":{"name":"(anonymous_25)","line":174,"loc":{"start":{"line":174,"column":26},"end":{"line":174,"column":50}}},"26":{"name":"(anonymous_26)","line":175,"loc":{"start":{"line":175,"column":53},"end":{"line":175,"column":70}}},"27":{"name":"(anonymous_27)","line":178,"loc":{"start":{"line":178,"column":12},"end":{"line":178,"column":25}}},"28":{"name":"(anonymous_28)","line":189,"loc":{"start":{"line":189,"column":21},"end":{"line":189,"column":45}}},"29":{"name":"(anonymous_29)","line":205,"loc":{"start":{"line":205,"column":36},"end":{"line":205,"column":53}}},"30":{"name":"(anonymous_30)","line":207,"loc":{"start":{"line":207,"column":12},"end":{"line":207,"column":25}}},"31":{"name":"(anonymous_31)","line":218,"loc":{"start":{"line":218,"column":24},"end":{"line":218,"column":48}}},"32":{"name":"(anonymous_32)","line":219,"loc":{"start":{"line":219,"column":61},"end":{"line":219,"column":78}}},"33":{"name":"(anonymous_33)","line":221,"loc":{"start":{"line":221,"column":12},"end":{"line":221,"column":25}}},"34":{"name":"(anonymous_34)","line":232,"loc":{"start":{"line":232,"column":24},"end":{"line":232,"column":48}}},"35":{"name":"(anonymous_35)","line":233,"loc":{"start":{"line":233,"column":51},"end":{"line":233,"column":68}}},"36":{"name":"(anonymous_36)","line":235,"loc":{"start":{"line":235,"column":12},"end":{"line":235,"column":25}}},"37":{"name":"(anonymous_37)","line":246,"loc":{"start":{"line":246,"column":32},"end":{"line":246,"column":56}}},"38":{"name":"(anonymous_38)","line":247,"loc":{"start":{"line":247,"column":53},"end":{"line":247,"column":70}}},"39":{"name":"(anonymous_39)","line":250,"loc":{"start":{"line":250,"column":71},"end":{"line":250,"column":89}}},"40":{"name":"(anonymous_40)","line":252,"loc":{"start":{"line":252,"column":16},"end":{"line":252,"column":29}}},"41":{"name":"(anonymous_41)","line":255,"loc":{"start":{"line":255,"column":12},"end":{"line":255,"column":25}}},"42":{"name":"(anonymous_42)","line":293,"loc":{"start":{"line":293,"column":25},"end":{"line":293,"column":49}}},"43":{"name":"(anonymous_43)","line":294,"loc":{"start":{"line":294,"column":31},"end":{"line":294,"column":48}}},"44":{"name":"(anonymous_44)","line":296,"loc":{"start":{"line":296,"column":12},"end":{"line":296,"column":25}}},"45":{"name":"(anonymous_45)","line":307,"loc":{"start":{"line":307,"column":25},"end":{"line":307,"column":49}}},"46":{"name":"(anonymous_46)","line":308,"loc":{"start":{"line":308,"column":51},"end":{"line":308,"column":67}}},"47":{"name":"(anonymous_47)","line":311,"loc":{"start":{"line":311,"column":12},"end":{"line":311,"column":25}}},"48":{"name":"(anonymous_48)","line":322,"loc":{"start":{"line":322,"column":20},"end":{"line":322,"column":44}}},"49":{"name":"(anonymous_49)","line":340,"loc":{"start":{"line":340,"column":35},"end":{"line":340,"column":51}}},"50":{"name":"(anonymous_50)","line":342,"loc":{"start":{"line":342,"column":12},"end":{"line":342,"column":25}}},"51":{"name":"(anonymous_51)","line":353,"loc":{"start":{"line":353,"column":23},"end":{"line":353,"column":47}}},"52":{"name":"(anonymous_52)","line":361,"loc":{"start":{"line":361,"column":59},"end":{"line":361,"column":75}}},"53":{"name":"(anonymous_53)","line":363,"loc":{"start":{"line":363,"column":12},"end":{"line":363,"column":25}}},"54":{"name":"(anonymous_54)","line":374,"loc":{"start":{"line":374,"column":23},"end":{"line":374,"column":47}}},"55":{"name":"(anonymous_55)","line":375,"loc":{"start":{"line":375,"column":49},"end":{"line":375,"column":65}}},"56":{"name":"(anonymous_56)","line":377,"loc":{"start":{"line":377,"column":12},"end":{"line":377,"column":25}}}},"statementMap":{"1":{"start":{"line":1,"column":0},"end":{"line":1,"column":54}},"2":{"start":{"line":2,"column":0},"end":{"line":2,"column":56}},"3":{"start":{"line":3,"column":0},"end":{"line":3,"column":54}},"4":{"start":{"line":4,"column":0},"end":{"line":4,"column":56}},"5":{"start":{"line":5,"column":0},"end":{"line":5,"column":63}},"6":{"start":{"line":8,"column":0},"end":{"line":8,"column":47}},"7":{"start":{"line":9,"column":0},"end":{"line":9,"column":41}},"8":{"start":{"line":19,"column":0},"end":{"line":40,"column":1}},"9":{"start":{"line":20,"column":4},"end":{"line":23,"column":5}},"10":{"start":{"line":21,"column":8},"end":{"line":21,"column":69}},"11":{"start":{"line":22,"column":8},"end":{"line":22,"column":42}},"12":{"start":{"line":25,"column":4},"end":{"line":28,"column":5}},"13":{"start":{"line":26,"column":8},"end":{"line":26,"column":66}},"14":{"start":{"line":27,"column":8},"end":{"line":27,"column":42}},"15":{"start":{"line":30,"column":4},"end":{"line":33,"column":5}},"16":{"start":{"line":31,"column":8},"end":{"line":31,"column":72}},"17":{"start":{"line":32,"column":8},"end":{"line":32,"column":42}},"18":{"start":{"line":35,"column":4},"end":{"line":39,"column":7}},"19":{"start":{"line":36,"column":8},"end":{"line":36,"column":23}},"20":{"start":{"line":38,"column":8},"end":{"line":38,"column":25}},"21":{"start":{"line":48,"column":0},"end":{"line":54,"column":1}},"22":{"start":{"line":49,"column":4},"end":{"line":53,"column":7}},"23":{"start":{"line":50,"column":8},"end":{"line":50,"column":25}},"24":{"start":{"line":52,"column":8},"end":{"line":52,"column":25}},"25":{"start":{"line":64,"column":0},"end":{"line":70,"column":1}},"26":{"start":{"line":65,"column":4},"end":{"line":69,"column":7}},"27":{"start":{"line":66,"column":8},"end":{"line":66,"column":27}},"28":{"start":{"line":68,"column":8},"end":{"line":68,"column":25}},"29":{"start":{"line":79,"column":0},"end":{"line":86,"column":1}},"30":{"start":{"line":80,"column":4},"end":{"line":85,"column":7}},"31":{"start":{"line":81,"column":8},"end":{"line":81,"column":53}},"32":{"start":{"line":81,"column":21},"end":{"line":81,"column":53}},"33":{"start":{"line":82,"column":8},"end":{"line":82,"column":26}},"34":{"start":{"line":84,"column":8},"end":{"line":84,"column":25}},"35":{"start":{"line":94,"column":0},"end":{"line":115,"column":1}},"36":{"start":{"line":95,"column":4},"end":{"line":98,"column":5}},"37":{"start":{"line":96,"column":8},"end":{"line":96,"column":73}},"38":{"start":{"line":97,"column":8},"end":{"line":97,"column":42}},"39":{"start":{"line":100,"column":4},"end":{"line":103,"column":5}},"40":{"start":{"line":101,"column":8},"end":{"line":101,"column":70}},"41":{"start":{"line":102,"column":8},"end":{"line":102,"column":42}},"42":{"start":{"line":105,"column":4},"end":{"line":108,"column":5}},"43":{"start":{"line":106,"column":8},"end":{"line":106,"column":76}},"44":{"start":{"line":107,"column":8},"end":{"line":107,"column":42}},"45":{"start":{"line":110,"column":4},"end":{"line":114,"column":6}},"46":{"start":{"line":111,"column":8},"end":{"line":111,"column":26}},"47":{"start":{"line":113,"column":8},"end":{"line":113,"column":25}},"48":{"start":{"line":123,"column":0},"end":{"line":136,"column":1}},"49":{"start":{"line":124,"column":4},"end":{"line":129,"column":5}},"50":{"start":{"line":125,"column":8},"end":{"line":128,"column":9}},"51":{"start":{"line":126,"column":12},"end":{"line":126,"column":72}},"52":{"start":{"line":127,"column":12},"end":{"line":127,"column":46}},"53":{"start":{"line":131,"column":4},"end":{"line":135,"column":7}},"54":{"start":{"line":132,"column":8},"end":{"line":132,"column":26}},"55":{"start":{"line":134,"column":8},"end":{"line":134,"column":25}},"56":{"start":{"line":144,"column":0},"end":{"line":150,"column":1}},"57":{"start":{"line":145,"column":4},"end":{"line":149,"column":6}},"58":{"start":{"line":146,"column":8},"end":{"line":146,"column":26}},"59":{"start":{"line":148,"column":8},"end":{"line":148,"column":25}},"60":{"start":{"line":160,"column":0},"end":{"line":166,"column":1}},"61":{"start":{"line":161,"column":4},"end":{"line":165,"column":7}},"62":{"start":{"line":162,"column":8},"end":{"line":162,"column":27}},"63":{"start":{"line":164,"column":8},"end":{"line":164,"column":25}},"64":{"start":{"line":174,"column":0},"end":{"line":181,"column":1}},"65":{"start":{"line":175,"column":4},"end":{"line":180,"column":7}},"66":{"start":{"line":176,"column":8},"end":{"line":176,"column":53}},"67":{"start":{"line":176,"column":21},"end":{"line":176,"column":53}},"68":{"start":{"line":177,"column":8},"end":{"line":177,"column":26}},"69":{"start":{"line":179,"column":8},"end":{"line":179,"column":25}},"70":{"start":{"line":189,"column":0},"end":{"line":210,"column":1}},"71":{"start":{"line":190,"column":4},"end":{"line":193,"column":5}},"72":{"start":{"line":191,"column":8},"end":{"line":191,"column":76}},"73":{"start":{"line":192,"column":8},"end":{"line":192,"column":42}},"74":{"start":{"line":195,"column":4},"end":{"line":198,"column":5}},"75":{"start":{"line":196,"column":8},"end":{"line":196,"column":82}},"76":{"start":{"line":197,"column":8},"end":{"line":197,"column":42}},"77":{"start":{"line":200,"column":4},"end":{"line":203,"column":5}},"78":{"start":{"line":201,"column":8},"end":{"line":201,"column":78}},"79":{"start":{"line":202,"column":8},"end":{"line":202,"column":42}},"80":{"start":{"line":205,"column":4},"end":{"line":209,"column":7}},"81":{"start":{"line":206,"column":8},"end":{"line":206,"column":26}},"82":{"start":{"line":208,"column":8},"end":{"line":208,"column":25}},"83":{"start":{"line":218,"column":0},"end":{"line":224,"column":1}},"84":{"start":{"line":219,"column":4},"end":{"line":223,"column":7}},"85":{"start":{"line":220,"column":8},"end":{"line":220,"column":26}},"86":{"start":{"line":222,"column":8},"end":{"line":222,"column":25}},"87":{"start":{"line":232,"column":0},"end":{"line":238,"column":1}},"88":{"start":{"line":233,"column":4},"end":{"line":237,"column":7}},"89":{"start":{"line":234,"column":8},"end":{"line":234,"column":26}},"90":{"start":{"line":236,"column":8},"end":{"line":236,"column":25}},"91":{"start":{"line":246,"column":0},"end":{"line":258,"column":1}},"92":{"start":{"line":247,"column":4},"end":{"line":257,"column":7}},"93":{"start":{"line":248,"column":8},"end":{"line":248,"column":53}},"94":{"start":{"line":248,"column":21},"end":{"line":248,"column":53}},"95":{"start":{"line":250,"column":8},"end":{"line":254,"column":10}},"96":{"start":{"line":251,"column":12},"end":{"line":251,"column":31}},"97":{"start":{"line":253,"column":12},"end":{"line":253,"column":29}},"98":{"start":{"line":256,"column":8},"end":{"line":256,"column":25}},"99":{"start":{"line":293,"column":0},"end":{"line":299,"column":1}},"100":{"start":{"line":294,"column":4},"end":{"line":298,"column":7}},"101":{"start":{"line":295,"column":8},"end":{"line":295,"column":26}},"102":{"start":{"line":297,"column":8},"end":{"line":297,"column":25}},"103":{"start":{"line":307,"column":0},"end":{"line":314,"column":1}},"104":{"start":{"line":308,"column":4},"end":{"line":313,"column":7}},"105":{"start":{"line":309,"column":8},"end":{"line":309,"column":52}},"106":{"start":{"line":309,"column":20},"end":{"line":309,"column":52}},"107":{"start":{"line":310,"column":8},"end":{"line":310,"column":25}},"108":{"start":{"line":312,"column":8},"end":{"line":312,"column":25}},"109":{"start":{"line":322,"column":0},"end":{"line":345,"column":1}},"110":{"start":{"line":323,"column":4},"end":{"line":326,"column":5}},"111":{"start":{"line":324,"column":8},"end":{"line":324,"column":67}},"112":{"start":{"line":325,"column":8},"end":{"line":325,"column":42}},"113":{"start":{"line":327,"column":4},"end":{"line":330,"column":5}},"114":{"start":{"line":328,"column":8},"end":{"line":328,"column":64}},"115":{"start":{"line":329,"column":8},"end":{"line":329,"column":42}},"116":{"start":{"line":331,"column":4},"end":{"line":334,"column":5}},"117":{"start":{"line":332,"column":8},"end":{"line":332,"column":71}},"118":{"start":{"line":333,"column":8},"end":{"line":333,"column":42}},"119":{"start":{"line":335,"column":4},"end":{"line":338,"column":5}},"120":{"start":{"line":336,"column":8},"end":{"line":336,"column":70}},"121":{"start":{"line":337,"column":8},"end":{"line":337,"column":42}},"122":{"start":{"line":340,"column":4},"end":{"line":344,"column":7}},"123":{"start":{"line":341,"column":8},"end":{"line":341,"column":25}},"124":{"start":{"line":343,"column":8},"end":{"line":343,"column":25}},"125":{"start":{"line":353,"column":0},"end":{"line":366,"column":1}},"126":{"start":{"line":354,"column":4},"end":{"line":359,"column":5}},"127":{"start":{"line":355,"column":8},"end":{"line":358,"column":9}},"128":{"start":{"line":356,"column":12},"end":{"line":356,"column":71}},"129":{"start":{"line":357,"column":12},"end":{"line":357,"column":46}},"130":{"start":{"line":361,"column":4},"end":{"line":365,"column":7}},"131":{"start":{"line":362,"column":8},"end":{"line":362,"column":25}},"132":{"start":{"line":364,"column":8},"end":{"line":364,"column":25}},"133":{"start":{"line":374,"column":0},"end":{"line":380,"column":1}},"134":{"start":{"line":375,"column":4},"end":{"line":379,"column":7}},"135":{"start":{"line":376,"column":8},"end":{"line":376,"column":25}},"136":{"start":{"line":378,"column":8},"end":{"line":378,"column":25}}},"branchMap":{"1":{"line":20,"type":"if","locations":[{"start":{"line":20,"column":4},"end":{"line":20,"column":4}},{"start":{"line":20,"column":4},"end":{"line":20,"column":4}}]},"2":{"line":25,"type":"if","locations":[{"start":{"line":25,"column":4},"end":{"line":25,"column":4}},{"start":{"line":25,"column":4},"end":{"line":25,"column":4}}]},"3":{"line":30,"type":"if","locations":[{"start":{"line":30,"column":4},"end":{"line":30,"column":4}},{"start":{"line":30,"column":4},"end":{"line":30,"column":4}}]},"4":{"line":81,"type":"if","locations":[{"start":{"line":81,"column":8},"end":{"line":81,"column":8}},{"start":{"line":81,"column":8},"end":{"line":81,"column":8}}]},"5":{"line":95,"type":"if","locations":[{"start":{"line":95,"column":4},"end":{"line":95,"column":4}},{"start":{"line":95,"column":4},"end":{"line":95,"column":4}}]},"6":{"line":100,"type":"if","locations":[{"start":{"line":100,"column":4},"end":{"line":100,"column":4}},{"start":{"line":100,"column":4},"end":{"line":100,"column":4}}]},"7":{"line":105,"type":"if","locations":[{"start":{"line":105,"column":4},"end":{"line":105,"column":4}},{"start":{"line":105,"column":4},"end":{"line":105,"column":4}}]},"8":{"line":124,"type":"if","locations":[{"start":{"line":124,"column":4},"end":{"line":124,"column":4}},{"start":{"line":124,"column":4},"end":{"line":124,"column":4}}]},"9":{"line":125,"type":"if","locations":[{"start":{"line":125,"column":8},"end":{"line":125,"column":8}},{"start":{"line":125,"column":8},"end":{"line":125,"column":8}}]},"10":{"line":176,"type":"if","locations":[{"start":{"line":176,"column":8},"end":{"line":176,"column":8}},{"start":{"line":176,"column":8},"end":{"line":176,"column":8}}]},"11":{"line":190,"type":"if","locations":[{"start":{"line":190,"column":4},"end":{"line":190,"column":4}},{"start":{"line":190,"column":4},"end":{"line":190,"column":4}}]},"12":{"line":195,"type":"if","locations":[{"start":{"line":195,"column":4},"end":{"line":195,"column":4}},{"start":{"line":195,"column":4},"end":{"line":195,"column":4}}]},"13":{"line":200,"type":"if","locations":[{"start":{"line":200,"column":4},"end":{"line":200,"column":4}},{"start":{"line":200,"column":4},"end":{"line":200,"column":4}}]},"14":{"line":248,"type":"if","locations":[{"start":{"line":248,"column":8},"end":{"line":248,"column":8}},{"start":{"line":248,"column":8},"end":{"line":248,"column":8}}]},"15":{"line":309,"type":"if","locations":[{"start":{"line":309,"column":8},"end":{"line":309,"column":8}},{"start":{"line":309,"column":8},"end":{"line":309,"column":8}}]},"16":{"line":323,"type":"if","locations":[{"start":{"line":323,"column":4},"end":{"line":323,"column":4}},{"start":{"line":323,"column":4},"end":{"line":323,"column":4}}]},"17":{"line":327,"type":"if","locations":[{"start":{"line":327,"column":4},"end":{"line":327,"column":4}},{"start":{"line":327,"column":4},"end":{"line":327,"column":4}}]},"18":{"line":331,"type":"if","locations":[{"start":{"line":331,"column":4},"end":{"line":331,"column":4}},{"start":{"line":331,"column":4},"end":{"line":331,"column":4}}]},"19":{"line":335,"type":"if","locations":[{"start":{"line":335,"column":4},"end":{"line":335,"column":4}},{"start":{"line":335,"column":4},"end":{"line":335,"column":4}}]},"20":{"line":354,"type":"if","locations":[{"start":{"line":354,"column":4},"end":{"line":354,"column":4}},{"start":{"line":354,"column":4},"end":{"line":354,"column":4}}]},"21":{"line":355,"type":"if","locations":[{"start":{"line":355,"column":8},"end":{"line":355,"column":8}},{"start":{"line":355,"column":8},"end":{"line":355,"column":8}}]}}},"/home/lazar/Desktop/diplomski/transportApp/model/client/model.js":{"path":"/home/lazar/Desktop/diplomski/transportApp/model/client/model.js","s":{"1":1,"2":1,"3":0,"4":1,"5":0,"6":1,"7":2,"8":2,"9":2,"10":0,"11":0,"12":2,"13":2,"14":1,"15":10,"16":10,"17":10,"18":0,"19":0,"20":10,"21":10,"22":1,"23":0,"24":1,"25":10,"26":1,"27":2,"28":2,"29":2,"30":2,"31":0,"32":0,"33":0,"34":0,"35":0,"36":0,"37":0,"38":2,"39":1,"40":0,"41":0,"42":0,"43":0,"44":0,"45":0,"46":0,"47":0,"48":0,"49":0,"50":0,"51":0,"52":0,"53":0,"54":0,"55":0,"56":0,"57":0,"58":0,"59":0,"60":0,"61":1,"62":1},"b":{"1":[0,2],"2":[0,10],"3":[2,0],"4":[0,0],"5":[0,0],"6":[0,0],"7":[0,0],"8":[0,0],"9":[0,0],"10":[0,0],"11":[0,0]},"f":{"1":0,"2":0,"3":2,"4":2,"5":10,"6":10,"7":0,"8":10,"9":2,"10":2,"11":0,"12":0,"13":0,"14":0,"15":0},"fnMap":{"1":{"name":"(anonymous_1)","line":9,"loc":{"start":{"line":9,"column":37},"end":{"line":9,"column":57}}},"2":{"name":"(anonymous_2)","line":13,"loc":{"start":{"line":13,"column":40},"end":{"line":13,"column":66}}},"3":{"name":"(anonymous_3)","line":24,"loc":{"start":{"line":24,"column":19},"end":{"line":24,"column":35}}},"4":{"name":"(anonymous_4)","line":27,"loc":{"start":{"line":27,"column":34},"end":{"line":27,"column":57}}},"5":{"name":"_findById","line":43,"loc":{"start":{"line":43,"column":0},"end":{"line":43,"column":22}}},"6":{"name":"(anonymous_6)","line":46,"loc":{"start":{"line":46,"column":57},"end":{"line":46,"column":76}}},"7":{"name":"(anonymous_7)","line":62,"loc":{"start":{"line":62,"column":35},"end":{"line":62,"column":50}}},"8":{"name":"(anonymous_8)","line":71,"loc":{"start":{"line":71,"column":32},"end":{"line":71,"column":44}}},"9":{"name":"(anonymous_9)","line":94,"loc":{"start":{"line":94,"column":29},"end":{"line":94,"column":47}}},"10":{"name":"(anonymous_10)","line":97,"loc":{"start":{"line":97,"column":36},"end":{"line":97,"column":53}}},"11":{"name":"(anonymous_11)","line":109,"loc":{"start":{"line":109,"column":14},"end":{"line":109,"column":29}}},"12":{"name":"(anonymous_12)","line":121,"loc":{"start":{"line":121,"column":30},"end":{"line":121,"column":48}}},"13":{"name":"(anonymous_13)","line":124,"loc":{"start":{"line":124,"column":23},"end":{"line":124,"column":38}}},"14":{"name":"(anonymous_14)","line":133,"loc":{"start":{"line":133,"column":19},"end":{"line":133,"column":40}}},"15":{"name":"(anonymous_15)","line":140,"loc":{"start":{"line":140,"column":12},"end":{"line":140,"column":25}}}},"statementMap":{"1":{"start":{"line":1,"column":0},"end":{"line":7,"column":38}},"2":{"start":{"line":9,"column":0},"end":{"line":11,"column":2}},"3":{"start":{"line":10,"column":2},"end":{"line":10,"column":64}},"4":{"start":{"line":13,"column":0},"end":{"line":15,"column":2}},"5":{"start":{"line":14,"column":2},"end":{"line":14,"column":44}},"6":{"start":{"line":24,"column":0},"end":{"line":36,"column":1}},"7":{"start":{"line":25,"column":4},"end":{"line":25,"column":29}},"8":{"start":{"line":27,"column":4},"end":{"line":33,"column":7}},"9":{"start":{"line":28,"column":8},"end":{"line":31,"column":9}},"10":{"start":{"line":29,"column":12},"end":{"line":29,"column":120}},"11":{"start":{"line":30,"column":12},"end":{"line":30,"column":57}},"12":{"start":{"line":32,"column":8},"end":{"line":32,"column":33}},"13":{"start":{"line":35,"column":4},"end":{"line":35,"column":28}},"14":{"start":{"line":43,"column":0},"end":{"line":55,"column":1}},"15":{"start":{"line":44,"column":4},"end":{"line":44,"column":29}},"16":{"start":{"line":46,"column":4},"end":{"line":52,"column":7}},"17":{"start":{"line":47,"column":8},"end":{"line":50,"column":9}},"18":{"start":{"line":48,"column":12},"end":{"line":48,"column":114}},"19":{"start":{"line":49,"column":12},"end":{"line":49,"column":57}},"20":{"start":{"line":51,"column":8},"end":{"line":51,"column":31}},"21":{"start":{"line":54,"column":4},"end":{"line":54,"column":28}},"22":{"start":{"line":62,"column":0},"end":{"line":64,"column":1}},"23":{"start":{"line":63,"column":4},"end":{"line":63,"column":31}},"24":{"start":{"line":71,"column":0},"end":{"line":73,"column":1}},"25":{"start":{"line":72,"column":4},"end":{"line":72,"column":25}},"26":{"start":{"line":94,"column":0},"end":{"line":114,"column":1}},"27":{"start":{"line":95,"column":4},"end":{"line":95,"column":29}},"28":{"start":{"line":97,"column":4},"end":{"line":111,"column":11}},"29":{"start":{"line":98,"column":8},"end":{"line":98,"column":86}},"30":{"start":{"line":98,"column":27},"end":{"line":98,"column":86}},"31":{"start":{"line":99,"column":8},"end":{"line":99,"column":129}},"32":{"start":{"line":99,"column":70},"end":{"line":99,"column":129}},"33":{"start":{"line":101,"column":8},"end":{"line":103,"column":11}},"34":{"start":{"line":105,"column":8},"end":{"line":105,"column":35}},"35":{"start":{"line":106,"column":8},"end":{"line":106,"column":30}},"36":{"start":{"line":107,"column":8},"end":{"line":107,"column":63}},"37":{"start":{"line":110,"column":12},"end":{"line":110,"column":33}},"38":{"start":{"line":113,"column":4},"end":{"line":113,"column":28}},"39":{"start":{"line":121,"column":0},"end":{"line":145,"column":1}},"40":{"start":{"line":122,"column":4},"end":{"line":122,"column":29}},"41":{"start":{"line":124,"column":4},"end":{"line":142,"column":7}},"42":{"start":{"line":125,"column":8},"end":{"line":125,"column":62}},"43":{"start":{"line":125,"column":19},"end":{"line":125,"column":62}},"44":{"start":{"line":127,"column":8},"end":{"line":127,"column":60}},"45":{"start":{"line":127,"column":27},"end":{"line":127,"column":60}},"46":{"start":{"line":128,"column":8},"end":{"line":128,"column":57}},"47":{"start":{"line":128,"column":26},"end":{"line":128,"column":57}},"48":{"start":{"line":129,"column":8},"end":{"line":129,"column":48}},"49":{"start":{"line":129,"column":23},"end":{"line":129,"column":48}},"50":{"start":{"line":130,"column":8},"end":{"line":130,"column":48}},"51":{"start":{"line":130,"column":23},"end":{"line":130,"column":48}},"52":{"start":{"line":131,"column":8},"end":{"line":131,"column":78}},"53":{"start":{"line":131,"column":26},"end":{"line":131,"column":78}},"54":{"start":{"line":133,"column":8},"end":{"line":139,"column":11}},"55":{"start":{"line":134,"column":12},"end":{"line":137,"column":13}},"56":{"start":{"line":135,"column":16},"end":{"line":135,"column":120}},"57":{"start":{"line":136,"column":16},"end":{"line":136,"column":61}},"58":{"start":{"line":138,"column":12},"end":{"line":138,"column":44}},"59":{"start":{"line":141,"column":8},"end":{"line":141,"column":29}},"60":{"start":{"line":144,"column":4},"end":{"line":144,"column":28}},"61":{"start":{"line":146,"column":0},"end":{"line":146,"column":52}},"62":{"start":{"line":148,"column":0},"end":{"line":148,"column":23}}},"branchMap":{"1":{"line":28,"type":"if","locations":[{"start":{"line":28,"column":8},"end":{"line":28,"column":8}},{"start":{"line":28,"column":8},"end":{"line":28,"column":8}}]},"2":{"line":47,"type":"if","locations":[{"start":{"line":47,"column":8},"end":{"line":47,"column":8}},{"start":{"line":47,"column":8},"end":{"line":47,"column":8}}]},"3":{"line":98,"type":"if","locations":[{"start":{"line":98,"column":8},"end":{"line":98,"column":8}},{"start":{"line":98,"column":8},"end":{"line":98,"column":8}}]},"4":{"line":99,"type":"if","locations":[{"start":{"line":99,"column":8},"end":{"line":99,"column":8}},{"start":{"line":99,"column":8},"end":{"line":99,"column":8}}]},"5":{"line":125,"type":"if","locations":[{"start":{"line":125,"column":8},"end":{"line":125,"column":8}},{"start":{"line":125,"column":8},"end":{"line":125,"column":8}}]},"6":{"line":127,"type":"if","locations":[{"start":{"line":127,"column":8},"end":{"line":127,"column":8}},{"start":{"line":127,"column":8},"end":{"line":127,"column":8}}]},"7":{"line":128,"type":"if","locations":[{"start":{"line":128,"column":8},"end":{"line":128,"column":8}},{"start":{"line":128,"column":8},"end":{"line":128,"column":8}}]},"8":{"line":129,"type":"if","locations":[{"start":{"line":129,"column":8},"end":{"line":129,"column":8}},{"start":{"line":129,"column":8},"end":{"line":129,"column":8}}]},"9":{"line":130,"type":"if","locations":[{"start":{"line":130,"column":8},"end":{"line":130,"column":8}},{"start":{"line":130,"column":8},"end":{"line":130,"column":8}}]},"10":{"line":131,"type":"if","locations":[{"start":{"line":131,"column":8},"end":{"line":131,"column":8}},{"start":{"line":131,"column":8},"end":{"line":131,"column":8}}]},"11":{"line":134,"type":"if","locations":[{"start":{"line":134,"column":12},"end":{"line":134,"column":12}},{"start":{"line":134,"column":12},"end":{"line":134,"column":12}}]}}},"/home/lazar/Desktop/diplomski/transportApp/model/client/schema.js":{"path":"/home/lazar/Desktop/diplomski/transportApp/model/client/schema.js","s":{"1":1,"2":1,"3":1,"4":1},"b":{},"f":{"1":1},"fnMap":{"1":{"name":"(anonymous_1)","line":3,"loc":{"start":{"line":3,"column":18},"end":{"line":3,"column":30}}}},"statementMap":{"1":{"start":{"line":1,"column":0},"end":{"line":1,"column":35}},"2":{"start":{"line":3,"column":0},"end":{"line":41,"column":5}},"3":{"start":{"line":4,"column":2},"end":{"line":38,"column":5}},"4":{"start":{"line":40,"column":2},"end":{"line":40,"column":22}}},"branchMap":{}},"/home/lazar/Desktop/diplomski/transportApp/model/vehicle/model.js":{"path":"/home/lazar/Desktop/diplomski/transportApp/model/vehicle/model.js","s":{"1":1,"2":1,"3":0,"4":0,"5":0,"6":0,"7":0,"8":0,"9":1,"10":0,"11":0,"12":0,"13":0,"14":0,"15":0,"16":0,"17":0,"18":1,"19":0,"20":1,"21":0,"22":1,"23":0,"24":0,"25":0,"26":0,"27":0,"28":0,"29":0,"30":1,"31":0,"32":0,"33":0,"34":0,"35":0,"36":0,"37":0,"38":0,"39":0,"40":0,"41":0,"42":0,"43":1,"44":0,"45":0,"46":0,"47":0,"48":0,"49":0,"50":0,"51":0,"52":0,"53":0,"54":0,"55":0,"56":0,"57":0,"58":0,"59":0,"60":0,"61":0,"62":0,"63":0,"64":0,"65":1,"66":0,"67":0,"68":0,"69":0,"70":0,"71":0,"72":0,"73":0,"74":0,"75":0,"76":0,"77":1,"78":0,"79":0,"80":0,"81":0,"82":0,"83":0,"84":0,"85":0,"86":0,"87":0,"88":0,"89":0,"90":0,"91":1,"92":1},"b":{"1":[0,0],"2":[0,0],"3":[0,0],"4":[0,0],"5":[0,0],"6":[0,0],"7":[0,0],"8":[0,0],"9":[0,0],"10":[0,0],"11":[0,0],"12":[0,0],"13":[0,0],"14":[0,0],"15":[0,0],"16":[0,0],"17":[0,0]},"f":{"1":0,"2":0,"3":0,"4":0,"5":0,"6":0,"7":0,"8":0,"9":0,"10":0,"11":0,"12":0,"13":0,"14":0,"15":0,"16":0,"17":0,"18":0,"19":0,"20":0,"21":0,"22":0,"23":0,"24":0},"fnMap":{"1":{"name":"_findByLicensePlate","line":11,"loc":{"start":{"line":11,"column":0},"end":{"line":11,"column":42}}},"2":{"name":"(anonymous_2)","line":14,"loc":{"start":{"line":14,"column":49},"end":{"line":14,"column":68}}},"3":{"name":"_findById","line":27,"loc":{"start":{"line":27,"column":0},"end":{"line":27,"column":22}}},"4":{"name":"(anonymous_4)","line":32,"loc":{"start":{"line":32,"column":57},"end":{"line":32,"column":76}}},"5":{"name":"(anonymous_5)","line":45,"loc":{"start":{"line":45,"column":43},"end":{"line":45,"column":65}}},"6":{"name":"(anonymous_6)","line":54,"loc":{"start":{"line":54,"column":33},"end":{"line":54,"column":45}}},"7":{"name":"(anonymous_7)","line":62,"loc":{"start":{"line":62,"column":32},"end":{"line":62,"column":42}}},"8":{"name":"(anonymous_8)","line":65,"loc":{"start":{"line":65,"column":19},"end":{"line":65,"column":42}}},"9":{"name":"(anonymous_9)","line":81,"loc":{"start":{"line":81,"column":28},"end":{"line":81,"column":45}}},"10":{"name":"(anonymous_10)","line":84,"loc":{"start":{"line":84,"column":51},"end":{"line":84,"column":66}}},"11":{"name":"(anonymous_11)","line":89,"loc":{"start":{"line":89,"column":21},"end":{"line":89,"column":40}}},"12":{"name":"(anonymous_12)","line":97,"loc":{"start":{"line":97,"column":12},"end":{"line":97,"column":25}}},"13":{"name":"(anonymous_13)","line":110,"loc":{"start":{"line":110,"column":31},"end":{"line":110,"column":56}}},"14":{"name":"(anonymous_14)","line":113,"loc":{"start":{"line":113,"column":30},"end":{"line":113,"column":45}}},"15":{"name":"(anonymous_15)","line":122,"loc":{"start":{"line":122,"column":19},"end":{"line":122,"column":41}}},"16":{"name":"(anonymous_16)","line":130,"loc":{"start":{"line":130,"column":12},"end":{"line":130,"column":25}}},"17":{"name":"(anonymous_17)","line":142,"loc":{"start":{"line":142,"column":31},"end":{"line":142,"column":43}}},"18":{"name":"(anonymous_18)","line":145,"loc":{"start":{"line":145,"column":23},"end":{"line":145,"column":38}}},"19":{"name":"(anonymous_19)","line":148,"loc":{"start":{"line":148,"column":58},"end":{"line":148,"column":80}}},"20":{"name":"(anonymous_20)","line":156,"loc":{"start":{"line":156,"column":12},"end":{"line":156,"column":25}}},"21":{"name":"(anonymous_21)","line":196,"loc":{"start":{"line":196,"column":43},"end":{"line":196,"column":61}}},"22":{"name":"(anonymous_22)","line":199,"loc":{"start":{"line":199,"column":23},"end":{"line":199,"column":38}}},"23":{"name":"(anonymous_23)","line":205,"loc":{"start":{"line":205,"column":19},"end":{"line":205,"column":41}}},"24":{"name":"(anonymous_24)","line":213,"loc":{"start":{"line":213,"column":12},"end":{"line":213,"column":25}}}},"statementMap":{"1":{"start":{"line":1,"column":0},"end":{"line":4,"column":38}},"2":{"start":{"line":11,"column":0},"end":{"line":20,"column":1}},"3":{"start":{"line":12,"column":4},"end":{"line":12,"column":29}},"4":{"start":{"line":14,"column":4},"end":{"line":17,"column":7}},"5":{"start":{"line":15,"column":8},"end":{"line":15,"column":61}},"6":{"start":{"line":15,"column":16},"end":{"line":15,"column":61}},"7":{"start":{"line":16,"column":8},"end":{"line":16,"column":31}},"8":{"start":{"line":19,"column":4},"end":{"line":19,"column":28}},"9":{"start":{"line":27,"column":0},"end":{"line":38,"column":1}},"10":{"start":{"line":28,"column":4},"end":{"line":28,"column":29}},"11":{"start":{"line":30,"column":4},"end":{"line":30,"column":35}},"12":{"start":{"line":30,"column":12},"end":{"line":30,"column":35}},"13":{"start":{"line":32,"column":4},"end":{"line":35,"column":7}},"14":{"start":{"line":33,"column":8},"end":{"line":33,"column":61}},"15":{"start":{"line":33,"column":16},"end":{"line":33,"column":61}},"16":{"start":{"line":34,"column":8},"end":{"line":34,"column":31}},"17":{"start":{"line":37,"column":4},"end":{"line":37,"column":28}},"18":{"start":{"line":45,"column":0},"end":{"line":47,"column":2}},"19":{"start":{"line":46,"column":4},"end":{"line":46,"column":45}},"20":{"start":{"line":54,"column":0},"end":{"line":56,"column":2}},"21":{"start":{"line":55,"column":4},"end":{"line":55,"column":25}},"22":{"start":{"line":62,"column":0},"end":{"line":74,"column":2}},"23":{"start":{"line":63,"column":4},"end":{"line":63,"column":29}},"24":{"start":{"line":65,"column":4},"end":{"line":71,"column":7}},"25":{"start":{"line":66,"column":8},"end":{"line":69,"column":9}},"26":{"start":{"line":67,"column":12},"end":{"line":67,"column":106}},"27":{"start":{"line":68,"column":12},"end":{"line":68,"column":57}},"28":{"start":{"line":70,"column":8},"end":{"line":70,"column":42}},"29":{"start":{"line":73,"column":4},"end":{"line":73,"column":28}},"30":{"start":{"line":81,"column":0},"end":{"line":102,"column":2}},"31":{"start":{"line":82,"column":4},"end":{"line":82,"column":29}},"32":{"start":{"line":84,"column":4},"end":{"line":99,"column":7}},"33":{"start":{"line":85,"column":8},"end":{"line":85,"column":70}},"34":{"start":{"line":85,"column":18},"end":{"line":85,"column":70}},"35":{"start":{"line":87,"column":8},"end":{"line":87,"column":37}},"36":{"start":{"line":89,"column":8},"end":{"line":95,"column":11}},"37":{"start":{"line":90,"column":12},"end":{"line":93,"column":13}},"38":{"start":{"line":91,"column":16},"end":{"line":91,"column":109}},"39":{"start":{"line":92,"column":16},"end":{"line":92,"column":61}},"40":{"start":{"line":94,"column":12},"end":{"line":94,"column":42}},"41":{"start":{"line":98,"column":8},"end":{"line":98,"column":29}},"42":{"start":{"line":101,"column":4},"end":{"line":101,"column":28}},"43":{"start":{"line":110,"column":0},"end":{"line":135,"column":2}},"44":{"start":{"line":111,"column":4},"end":{"line":111,"column":29}},"45":{"start":{"line":113,"column":4},"end":{"line":132,"column":7}},"46":{"start":{"line":114,"column":8},"end":{"line":114,"column":62}},"47":{"start":{"line":114,"column":19},"end":{"line":114,"column":62}},"48":{"start":{"line":116,"column":8},"end":{"line":116,"column":45}},"49":{"start":{"line":116,"column":22},"end":{"line":116,"column":45}},"50":{"start":{"line":117,"column":8},"end":{"line":117,"column":48}},"51":{"start":{"line":117,"column":23},"end":{"line":117,"column":48}},"52":{"start":{"line":118,"column":8},"end":{"line":118,"column":72}},"53":{"start":{"line":118,"column":31},"end":{"line":118,"column":72}},"54":{"start":{"line":119,"column":8},"end":{"line":119,"column":75}},"55":{"start":{"line":119,"column":32},"end":{"line":119,"column":75}},"56":{"start":{"line":120,"column":8},"end":{"line":120,"column":81}},"57":{"start":{"line":120,"column":34},"end":{"line":120,"column":81}},"58":{"start":{"line":122,"column":8},"end":{"line":128,"column":11}},"59":{"start":{"line":123,"column":12},"end":{"line":126,"column":13}},"60":{"start":{"line":124,"column":16},"end":{"line":124,"column":122}},"61":{"start":{"line":125,"column":16},"end":{"line":125,"column":61}},"62":{"start":{"line":127,"column":12},"end":{"line":127,"column":45}},"63":{"start":{"line":131,"column":8},"end":{"line":131,"column":29}},"64":{"start":{"line":134,"column":4},"end":{"line":134,"column":28}},"65":{"start":{"line":142,"column":0},"end":{"line":161,"column":2}},"66":{"start":{"line":143,"column":4},"end":{"line":143,"column":29}},"67":{"start":{"line":145,"column":4},"end":{"line":158,"column":7}},"68":{"start":{"line":146,"column":8},"end":{"line":146,"column":62}},"69":{"start":{"line":146,"column":19},"end":{"line":146,"column":62}},"70":{"start":{"line":148,"column":8},"end":{"line":154,"column":11}},"71":{"start":{"line":149,"column":12},"end":{"line":152,"column":13}},"72":{"start":{"line":150,"column":16},"end":{"line":150,"column":122}},"73":{"start":{"line":151,"column":16},"end":{"line":151,"column":61}},"74":{"start":{"line":153,"column":12},"end":{"line":153,"column":45}},"75":{"start":{"line":157,"column":8},"end":{"line":157,"column":29}},"76":{"start":{"line":160,"column":4},"end":{"line":160,"column":28}},"77":{"start":{"line":196,"column":0},"end":{"line":218,"column":1}},"78":{"start":{"line":197,"column":4},"end":{"line":197,"column":29}},"79":{"start":{"line":199,"column":4},"end":{"line":215,"column":6}},"80":{"start":{"line":200,"column":8},"end":{"line":200,"column":62}},"81":{"start":{"line":200,"column":19},"end":{"line":200,"column":62}},"82":{"start":{"line":202,"column":8},"end":{"line":202,"column":47}},"83":{"start":{"line":203,"column":8},"end":{"line":203,"column":57}},"84":{"start":{"line":205,"column":8},"end":{"line":211,"column":11}},"85":{"start":{"line":206,"column":12},"end":{"line":209,"column":13}},"86":{"start":{"line":207,"column":16},"end":{"line":207,"column":208}},"87":{"start":{"line":208,"column":16},"end":{"line":208,"column":61}},"88":{"start":{"line":210,"column":12},"end":{"line":210,"column":45}},"89":{"start":{"line":214,"column":8},"end":{"line":214,"column":29}},"90":{"start":{"line":217,"column":4},"end":{"line":217,"column":28}},"91":{"start":{"line":221,"column":0},"end":{"line":221,"column":54}},"92":{"start":{"line":223,"column":0},"end":{"line":223,"column":23}}},"branchMap":{"1":{"line":15,"type":"if","locations":[{"start":{"line":15,"column":8},"end":{"line":15,"column":8}},{"start":{"line":15,"column":8},"end":{"line":15,"column":8}}]},"2":{"line":30,"type":"if","locations":[{"start":{"line":30,"column":4},"end":{"line":30,"column":4}},{"start":{"line":30,"column":4},"end":{"line":30,"column":4}}]},"3":{"line":33,"type":"if","locations":[{"start":{"line":33,"column":8},"end":{"line":33,"column":8}},{"start":{"line":33,"column":8},"end":{"line":33,"column":8}}]},"4":{"line":66,"type":"if","locations":[{"start":{"line":66,"column":8},"end":{"line":66,"column":8}},{"start":{"line":66,"column":8},"end":{"line":66,"column":8}}]},"5":{"line":85,"type":"if","locations":[{"start":{"line":85,"column":8},"end":{"line":85,"column":8}},{"start":{"line":85,"column":8},"end":{"line":85,"column":8}}]},"6":{"line":90,"type":"if","locations":[{"start":{"line":90,"column":12},"end":{"line":90,"column":12}},{"start":{"line":90,"column":12},"end":{"line":90,"column":12}}]},"7":{"line":114,"type":"if","locations":[{"start":{"line":114,"column":8},"end":{"line":114,"column":8}},{"start":{"line":114,"column":8},"end":{"line":114,"column":8}}]},"8":{"line":116,"type":"if","locations":[{"start":{"line":116,"column":8},"end":{"line":116,"column":8}},{"start":{"line":116,"column":8},"end":{"line":116,"column":8}}]},"9":{"line":117,"type":"if","locations":[{"start":{"line":117,"column":8},"end":{"line":117,"column":8}},{"start":{"line":117,"column":8},"end":{"line":117,"column":8}}]},"10":{"line":118,"type":"if","locations":[{"start":{"line":118,"column":8},"end":{"line":118,"column":8}},{"start":{"line":118,"column":8},"end":{"line":118,"column":8}}]},"11":{"line":119,"type":"if","locations":[{"start":{"line":119,"column":8},"end":{"line":119,"column":8}},{"start":{"line":119,"column":8},"end":{"line":119,"column":8}}]},"12":{"line":120,"type":"if","locations":[{"start":{"line":120,"column":8},"end":{"line":120,"column":8}},{"start":{"line":120,"column":8},"end":{"line":120,"column":8}}]},"13":{"line":123,"type":"if","locations":[{"start":{"line":123,"column":12},"end":{"line":123,"column":12}},{"start":{"line":123,"column":12},"end":{"line":123,"column":12}}]},"14":{"line":146,"type":"if","locations":[{"start":{"line":146,"column":8},"end":{"line":146,"column":8}},{"start":{"line":146,"column":8},"end":{"line":146,"column":8}}]},"15":{"line":149,"type":"if","locations":[{"start":{"line":149,"column":12},"end":{"line":149,"column":12}},{"start":{"line":149,"column":12},"end":{"line":149,"column":12}}]},"16":{"line":200,"type":"if","locations":[{"start":{"line":200,"column":8},"end":{"line":200,"column":8}},{"start":{"line":200,"column":8},"end":{"line":200,"column":8}}]},"17":{"line":206,"type":"if","locations":[{"start":{"line":206,"column":12},"end":{"line":206,"column":12}},{"start":{"line":206,"column":12},"end":{"line":206,"column":12}}]}}},"/home/lazar/Desktop/diplomski/transportApp/model/vehicle/schema.js":{"path":"/home/lazar/Desktop/diplomski/transportApp/model/vehicle/schema.js","s":{"1":1,"2":1,"3":1,"4":1},"b":{},"f":{"1":1},"fnMap":{"1":{"name":"(anonymous_1)","line":3,"loc":{"start":{"line":3,"column":18},"end":{"line":3,"column":30}}}},"statementMap":{"1":{"start":{"line":1,"column":0},"end":{"line":1,"column":35}},"2":{"start":{"line":3,"column":0},"end":{"line":56,"column":5}},"3":{"start":{"line":4,"column":2},"end":{"line":53,"column":5}},"4":{"start":{"line":55,"column":2},"end":{"line":55,"column":23}}},"branchMap":{}},"/home/lazar/Desktop/diplomski/transportApp/model/driver/model.js":{"path":"/home/lazar/Desktop/diplomski/transportApp/model/driver/model.js","s":{"1":1,"2":1,"3":0,"4":0,"5":0,"6":0,"7":0,"8":0,"9":0,"10":1,"11":0,"12":0,"13":0,"14":0,"15":0,"16":0,"17":0,"18":1,"19":0,"20":1,"21":0,"22":1,"23":0,"24":0,"25":0,"26":0,"27":0,"28":0,"29":0,"30":1,"31":0,"32":0,"33":0,"34":0,"35":0,"36":0,"37":0,"38":0,"39":0,"40":0,"41":0,"42":0,"43":1,"44":0,"45":0,"46":0,"47":0,"48":0,"49":0,"50":0,"51":0,"52":0,"53":0,"54":0,"55":0,"56":0,"57":0,"58":0,"59":0,"60":0,"61":0,"62":0,"63":0,"64":0,"65":1,"66":0,"67":0,"68":0,"69":0,"70":0,"71":0,"72":0,"73":0,"74":0,"75":0,"76":0,"77":1,"78":1},"b":{"1":[0,0],"2":[0,0],"3":[0,0],"4":[0,0],"5":[0,0],"6":[0,0],"7":[0,0],"8":[0,0],"9":[0,0],"10":[0,0],"11":[0,0],"12":[0,0],"13":[0,0],"14":[0,0]},"f":{"1":0,"2":0,"3":0,"4":0,"5":0,"6":0,"7":0,"8":0,"9":0,"10":0,"11":0,"12":0,"13":0,"14":0,"15":0,"16":0,"17":0,"18":0,"19":0,"20":0},"fnMap":{"1":{"name":"_findById","line":11,"loc":{"start":{"line":11,"column":0},"end":{"line":11,"column":22}}},"2":{"name":"(anonymous_2)","line":14,"loc":{"start":{"line":14,"column":55},"end":{"line":14,"column":77}}},"3":{"name":"_findByEmail","line":30,"loc":{"start":{"line":30,"column":0},"end":{"line":30,"column":28}}},"4":{"name":"(anonymous_4)","line":33,"loc":{"start":{"line":33,"column":33},"end":{"line":33,"column":54}}},"5":{"name":"(anonymous_5)","line":49,"loc":{"start":{"line":49,"column":35},"end":{"line":49,"column":50}}},"6":{"name":"(anonymous_6)","line":58,"loc":{"start":{"line":58,"column":32},"end":{"line":58,"column":44}}},"7":{"name":"(anonymous_7)","line":66,"loc":{"start":{"line":66,"column":31},"end":{"line":66,"column":41}}},"8":{"name":"(anonymous_8)","line":69,"loc":{"start":{"line":69,"column":17},"end":{"line":69,"column":39}}},"9":{"name":"(anonymous_9)","line":85,"loc":{"start":{"line":85,"column":27},"end":{"line":85,"column":43}}},"10":{"name":"(anonymous_10)","line":88,"loc":{"start":{"line":88,"column":34},"end":{"line":88,"column":49}}},"11":{"name":"(anonymous_11)","line":93,"loc":{"start":{"line":93,"column":16},"end":{"line":93,"column":35}}},"12":{"name":"(anonymous_12)","line":101,"loc":{"start":{"line":101,"column":10},"end":{"line":101,"column":23}}},"13":{"name":"(anonymous_13)","line":114,"loc":{"start":{"line":114,"column":30},"end":{"line":114,"column":48}}},"14":{"name":"(anonymous_14)","line":117,"loc":{"start":{"line":117,"column":21},"end":{"line":117,"column":36}}},"15":{"name":"(anonymous_15)","line":126,"loc":{"start":{"line":126,"column":15},"end":{"line":126,"column":36}}},"16":{"name":"(anonymous_16)","line":133,"loc":{"start":{"line":133,"column":10},"end":{"line":133,"column":23}}},"17":{"name":"(anonymous_17)","line":145,"loc":{"start":{"line":145,"column":30},"end":{"line":145,"column":42}}},"18":{"name":"(anonymous_18)","line":148,"loc":{"start":{"line":148,"column":21},"end":{"line":148,"column":38}}},"19":{"name":"(anonymous_19)","line":151,"loc":{"start":{"line":151,"column":53},"end":{"line":151,"column":76}}},"20":{"name":"(anonymous_20)","line":159,"loc":{"start":{"line":159,"column":10},"end":{"line":159,"column":25}}}},"statementMap":{"1":{"start":{"line":1,"column":0},"end":{"line":4,"column":38}},"2":{"start":{"line":11,"column":0},"end":{"line":23,"column":1}},"3":{"start":{"line":12,"column":2},"end":{"line":12,"column":27}},"4":{"start":{"line":14,"column":2},"end":{"line":20,"column":5}},"5":{"start":{"line":15,"column":4},"end":{"line":18,"column":5}},"6":{"start":{"line":16,"column":6},"end":{"line":16,"column":109}},"7":{"start":{"line":17,"column":6},"end":{"line":17,"column":51}},"8":{"start":{"line":19,"column":4},"end":{"line":19,"column":29}},"9":{"start":{"line":22,"column":2},"end":{"line":22,"column":26}},"10":{"start":{"line":30,"column":0},"end":{"line":42,"column":1}},"11":{"start":{"line":31,"column":2},"end":{"line":31,"column":27}},"12":{"start":{"line":33,"column":2},"end":{"line":39,"column":5}},"13":{"start":{"line":34,"column":4},"end":{"line":37,"column":5}},"14":{"start":{"line":35,"column":6},"end":{"line":35,"column":115}},"15":{"start":{"line":36,"column":6},"end":{"line":36,"column":51}},"16":{"start":{"line":38,"column":4},"end":{"line":38,"column":29}},"17":{"start":{"line":41,"column":2},"end":{"line":41,"column":26}},"18":{"start":{"line":49,"column":0},"end":{"line":51,"column":1}},"19":{"start":{"line":50,"column":2},"end":{"line":50,"column":29}},"20":{"start":{"line":58,"column":0},"end":{"line":60,"column":1}},"21":{"start":{"line":59,"column":2},"end":{"line":59,"column":23}},"22":{"start":{"line":66,"column":0},"end":{"line":78,"column":1}},"23":{"start":{"line":67,"column":2},"end":{"line":67,"column":27}},"24":{"start":{"line":69,"column":2},"end":{"line":75,"column":5}},"25":{"start":{"line":70,"column":4},"end":{"line":73,"column":5}},"26":{"start":{"line":71,"column":6},"end":{"line":71,"column":100}},"27":{"start":{"line":72,"column":6},"end":{"line":72,"column":51}},"28":{"start":{"line":74,"column":4},"end":{"line":74,"column":37}},"29":{"start":{"line":77,"column":2},"end":{"line":77,"column":26}},"30":{"start":{"line":85,"column":0},"end":{"line":106,"column":1}},"31":{"start":{"line":86,"column":2},"end":{"line":86,"column":27}},"32":{"start":{"line":88,"column":2},"end":{"line":103,"column":5}},"33":{"start":{"line":89,"column":4},"end":{"line":89,"column":66}},"34":{"start":{"line":89,"column":14},"end":{"line":89,"column":66}},"35":{"start":{"line":91,"column":4},"end":{"line":91,"column":31}},"36":{"start":{"line":93,"column":4},"end":{"line":99,"column":7}},"37":{"start":{"line":94,"column":6},"end":{"line":97,"column":7}},"38":{"start":{"line":95,"column":8},"end":{"line":95,"column":96}},"39":{"start":{"line":96,"column":8},"end":{"line":96,"column":53}},"40":{"start":{"line":98,"column":6},"end":{"line":98,"column":36}},"41":{"start":{"line":102,"column":4},"end":{"line":102,"column":25}},"42":{"start":{"line":105,"column":2},"end":{"line":105,"column":26}},"43":{"start":{"line":114,"column":0},"end":{"line":138,"column":1}},"44":{"start":{"line":115,"column":2},"end":{"line":115,"column":27}},"45":{"start":{"line":117,"column":2},"end":{"line":135,"column":5}},"46":{"start":{"line":118,"column":4},"end":{"line":118,"column":58}},"47":{"start":{"line":118,"column":15},"end":{"line":118,"column":58}},"48":{"start":{"line":120,"column":4},"end":{"line":120,"column":56}},"49":{"start":{"line":120,"column":23},"end":{"line":120,"column":56}},"50":{"start":{"line":121,"column":4},"end":{"line":121,"column":53}},"51":{"start":{"line":121,"column":22},"end":{"line":121,"column":53}},"52":{"start":{"line":122,"column":4},"end":{"line":122,"column":44}},"53":{"start":{"line":122,"column":19},"end":{"line":122,"column":44}},"54":{"start":{"line":123,"column":4},"end":{"line":123,"column":44}},"55":{"start":{"line":123,"column":19},"end":{"line":123,"column":44}},"56":{"start":{"line":124,"column":4},"end":{"line":124,"column":50}},"57":{"start":{"line":124,"column":21},"end":{"line":124,"column":50}},"58":{"start":{"line":126,"column":4},"end":{"line":132,"column":7}},"59":{"start":{"line":127,"column":6},"end":{"line":130,"column":7}},"60":{"start":{"line":128,"column":8},"end":{"line":128,"column":113}},"61":{"start":{"line":129,"column":8},"end":{"line":129,"column":53}},"62":{"start":{"line":131,"column":6},"end":{"line":131,"column":38}},"63":{"start":{"line":134,"column":4},"end":{"line":134,"column":25}},"64":{"start":{"line":137,"column":2},"end":{"line":137,"column":26}},"65":{"start":{"line":145,"column":0},"end":{"line":164,"column":1}},"66":{"start":{"line":146,"column":2},"end":{"line":146,"column":27}},"67":{"start":{"line":148,"column":2},"end":{"line":161,"column":5}},"68":{"start":{"line":149,"column":4},"end":{"line":149,"column":59}},"69":{"start":{"line":149,"column":16},"end":{"line":149,"column":59}},"70":{"start":{"line":151,"column":4},"end":{"line":157,"column":7}},"71":{"start":{"line":152,"column":6},"end":{"line":155,"column":7}},"72":{"start":{"line":153,"column":8},"end":{"line":153,"column":113}},"73":{"start":{"line":154,"column":8},"end":{"line":154,"column":42}},"74":{"start":{"line":156,"column":6},"end":{"line":156,"column":31}},"75":{"start":{"line":160,"column":4},"end":{"line":160,"column":25}},"76":{"start":{"line":163,"column":2},"end":{"line":163,"column":26}},"77":{"start":{"line":167,"column":0},"end":{"line":167,"column":52}},"78":{"start":{"line":169,"column":0},"end":{"line":169,"column":23}}},"branchMap":{"1":{"line":15,"type":"if","locations":[{"start":{"line":15,"column":4},"end":{"line":15,"column":4}},{"start":{"line":15,"column":4},"end":{"line":15,"column":4}}]},"2":{"line":34,"type":"if","locations":[{"start":{"line":34,"column":4},"end":{"line":34,"column":4}},{"start":{"line":34,"column":4},"end":{"line":34,"column":4}}]},"3":{"line":70,"type":"if","locations":[{"start":{"line":70,"column":4},"end":{"line":70,"column":4}},{"start":{"line":70,"column":4},"end":{"line":70,"column":4}}]},"4":{"line":89,"type":"if","locations":[{"start":{"line":89,"column":4},"end":{"line":89,"column":4}},{"start":{"line":89,"column":4},"end":{"line":89,"column":4}}]},"5":{"line":94,"type":"if","locations":[{"start":{"line":94,"column":6},"end":{"line":94,"column":6}},{"start":{"line":94,"column":6},"end":{"line":94,"column":6}}]},"6":{"line":118,"type":"if","locations":[{"start":{"line":118,"column":4},"end":{"line":118,"column":4}},{"start":{"line":118,"column":4},"end":{"line":118,"column":4}}]},"7":{"line":120,"type":"if","locations":[{"start":{"line":120,"column":4},"end":{"line":120,"column":4}},{"start":{"line":120,"column":4},"end":{"line":120,"column":4}}]},"8":{"line":121,"type":"if","locations":[{"start":{"line":121,"column":4},"end":{"line":121,"column":4}},{"start":{"line":121,"column":4},"end":{"line":121,"column":4}}]},"9":{"line":122,"type":"if","locations":[{"start":{"line":122,"column":4},"end":{"line":122,"column":4}},{"start":{"line":122,"column":4},"end":{"line":122,"column":4}}]},"10":{"line":123,"type":"if","locations":[{"start":{"line":123,"column":4},"end":{"line":123,"column":4}},{"start":{"line":123,"column":4},"end":{"line":123,"column":4}}]},"11":{"line":124,"type":"if","locations":[{"start":{"line":124,"column":4},"end":{"line":124,"column":4}},{"start":{"line":124,"column":4},"end":{"line":124,"column":4}}]},"12":{"line":127,"type":"if","locations":[{"start":{"line":127,"column":6},"end":{"line":127,"column":6}},{"start":{"line":127,"column":6},"end":{"line":127,"column":6}}]},"13":{"line":149,"type":"if","locations":[{"start":{"line":149,"column":4},"end":{"line":149,"column":4}},{"start":{"line":149,"column":4},"end":{"line":149,"column":4}}]},"14":{"line":152,"type":"if","locations":[{"start":{"line":152,"column":6},"end":{"line":152,"column":6}},{"start":{"line":152,"column":6},"end":{"line":152,"column":6}}]}}},"/home/lazar/Desktop/diplomski/transportApp/model/driver/schema.js":{"path":"/home/lazar/Desktop/diplomski/transportApp/model/driver/schema.js","s":{"1":1,"2":1,"3":1,"4":1},"b":{},"f":{"1":1},"fnMap":{"1":{"name":"(anonymous_1)","line":3,"loc":{"start":{"line":3,"column":18},"end":{"line":3,"column":30}}}},"statementMap":{"1":{"start":{"line":1,"column":0},"end":{"line":1,"column":35}},"2":{"start":{"line":3,"column":0},"end":{"line":43,"column":5}},"3":{"start":{"line":4,"column":2},"end":{"line":40,"column":5}},"4":{"start":{"line":42,"column":2},"end":{"line":42,"column":22}}},"branchMap":{}},"/home/lazar/Desktop/diplomski/transportApp/model/manager/model.js":{"path":"/home/lazar/Desktop/diplomski/transportApp/model/manager/model.js","s":{"1":1,"2":1,"3":0,"4":1,"5":0,"6":1,"7":2,"8":2,"9":2,"10":0,"11":0,"12":2,"13":2,"14":1,"15":14,"16":14,"17":14,"18":0,"19":0,"20":14,"21":14,"22":1,"23":0,"24":1,"25":14,"26":1,"27":0,"28":0,"29":0,"30":0,"31":0,"32":0,"33":0,"34":0,"35":0,"36":0,"37":0,"38
[...]
,"3":{"line":54,"type":"if","locations":[{"start":{"line":54,"column":8},"end":{"line":54,"column":8}},{"start":{"line":54,"column":8},"end":{"line":54,"column":8}}]},"4":{"line":73,"type":"if","locations":[{"start":{"line":73,"column":8},"end":{"line":73,"column":8}},{"start":{"line":73,"column":8},"end":{"line":73,"column":8}}]},"5":{"line":127,"type":"if","locations":[{"start":{"line":127,"column":8},"end":{"line":127,"column":8}},{"start":{"line":127,"column":8},"end":{"line":127,"column":8}}]},"6":{"line":145,"type":"if","locations":[{"start":{"line":145,"column":8},"end":{"line":145,"column":8}},{"start":{"line":145,"column":8},"end":{"line":145,"column":8}}]},"7":{"line":176,"type":"if","locations":[{"start":{"line":176,"column":8},"end":{"line":176,"column":8}},{"start":{"line":176,"column":8},"end":{"line":176,"column":8}}]},"8":{"line":196,"type":"if","locations":[{"start":{"line":196,"column":8},"end":{"line":196,"column":8}},{"start":{"line":196,"column":8},"end":{"line":196,"column":8}}]},"9":{"line":198,"type":"if","locations":[{"start":{"line":198,"column":8},"end":{"line":198,"column":8}},{"start":{"line":198,"column":8},"end":{"line":198,"column":8}}]},"10":{"line":199,"type":"if","locations":[{"start":{"line":199,"column":8},"end":{"line":199,"column":8}},{"start":{"line":199,"column":8},"end":{"line":199,"column":8}}]},"11":{"line":200,"type":"if","locations":[{"start":{"line":200,"column":8},"end":{"line":200,"column":8}},{"start":{"line":200,"column":8},"end":{"line":200,"column":8}}]},"12":{"line":201,"type":"if","locations":[{"start":{"line":201,"column":8},"end":{"line":201,"column":8}},{"start":{"line":201,"column":8},"end":{"line":201,"column":8}}]},"13":{"line":202,"type":"if","locations":[{"start":{"line":202,"column":8},"end":{"line":202,"column":8}},{"start":{"line":202,"column":8},"end":{"line":202,"column":8}}]},"14":{"line":203,"type":"if","locations":[{"start":{"line":203,"column":8},"end":{"line":203,"column":8}},{"start":{"line":203,"column":8},"end":{"line":203,"column":8}}]},"15":{"line":204,"type":"if","locations":[{"start":{"line":204,"column":8},"end":{"line":204,"column":8}},{"start":{"line":204,"column":8},"end":{"line":204,"column":8}}]},"16":{"line":205,"type":"if","locations":[{"start":{"line":205,"column":8},"end":{"line":205,"column":8}},{"start":{"line":205,"column":8},"end":{"line":205,"column":8}}]},"17":{"line":206,"type":"if","locations":[{"start":{"line":206,"column":8},"end":{"line":206,"column":8}},{"start":{"line":206,"column":8},"end":{"line":206,"column":8}}]},"18":{"line":207,"type":"if","locations":[{"start":{"line":207,"column":8},"end":{"line":207,"column":8}},{"start":{"line":207,"column":8},"end":{"line":207,"column":8}}]},"19":{"line":208,"type":"if","locations":[{"start":{"line":208,"column":8},"end":{"line":208,"column":8}},{"start":{"line":208,"column":8},"end":{"line":208,"column":8}}]},"20":{"line":211,"type":"if","locations":[{"start":{"line":211,"column":12},"end":{"line":211,"column":12}},{"start":{"line":211,"column":12},"end":{"line":211,"column":12}}]},"21":{"line":234,"type":"if","locations":[{"start":{"line":234,"column":8},"end":{"line":234,"column":8}},{"start":{"line":234,"column":8},"end":{"line":234,"column":8}}]},"22":{"line":237,"type":"if","locations":[{"start":{"line":237,"column":12},"end":{"line":237,"column":12}},{"start":{"line":237,"column":12},"end":{"line":237,"column":12}}]},"23":{"line":261,"type":"if","locations":[{"start":{"line":261,"column":8},"end":{"line":261,"column":8}},{"start":{"line":261,"column":8},"end":{"line":261,"column":8}}]},"24":{"line":263,"type":"if","locations":[{"start":{"line":263,"column":8},"end":{"line":263,"column":8}},{"start":{"line":263,"column":8},"end":{"line":263,"column":8}}]},"25":{"line":271,"type":"if","locations":[{"start":{"line":271,"column":12},"end":{"line":271,"column":12}},{"start":{"line":271,"column":12},"end":{"line":271,"column":12}}]},"26":{"line":294,"type":"if","locations":[{"start":{"line":294,"column":8},"end":{"line":294,"column":8}},{"start":{"line":294,"column":8},"end":{"line":294,"column":8}}]},"27":{"line":296,"type":"if","locations":[{"start":{"line":296,"column":8},"end":{"line":296,"column":8}},{"start":{"line":296,"column":8},"end":{"line":296,"column":8}}]},"28":{"line":301,"type":"if","locations":[{"start":{"line":301,"column":12},"end":{"line":301,"column":12}},{"start":{"line":301,"column":12},"end":{"line":301,"column":12}}]},"29":{"line":324,"type":"if","locations":[{"start":{"line":324,"column":8},"end":{"line":324,"column":8}},{"start":{"line":324,"column":8},"end":{"line":324,"column":8}}]},"30":{"line":329,"type":"if","locations":[{"start":{"line":329,"column":12},"end":{"line":329,"column":12}},{"start":{"line":329,"column":12},"end":{"line":329,"column":12}}]}}},"/home/lazar/Desktop/diplomski/transportApp/model/destinationRequest/schema.js":{"path":"/home/lazar/Desktop/diplomski/transportApp/model/destinationRequest/schema.js","s":{"1":1,"2":1,"3":1,"4":1},"b":{},"f":{"1":1},"fnMap":{"1":{"name":"(anonymous_1)","line":3,"loc":{"start":{"line":3,"column":18},"end":{"line":3,"column":30}}}},"statementMap":{"1":{"start":{"line":1,"column":0},"end":{"line":1,"column":35}},"2":{"start":{"line":3,"column":0},"end":{"line":79,"column":5}},"3":{"start":{"line":4,"column":2},"end":{"line":76,"column":5}},"4":{"start":{"line":78,"column":2},"end":{"line":78,"column":34}}},"branchMap":{}},"/home/lazar/Desktop/diplomski/transportApp/lib/constants.js":{"path":"/home/lazar/Desktop/diplomski/transportApp/lib/constants.js","s":{"1":1,"2":1},"b":{},"f":{},"fnMap":{},"statementMap":{"1":{"start":{"line":1,"column":0},"end":{"line":8,"column":2}},"2":{"start":{"line":10,"column":0},"end":{"line":10,"column":24}}},"branchMap":{}},"/home/lazar/Desktop/diplomski/transportApp/services/module_user/router.js":{"path":"/home/lazar/Desktop/diplomski/transportApp/services/module_user/router.js","s":{"1":1,"2":1,"3":1,"4":1,"5":1,"6":1,"7":1,"8":1,"9":1,"10":1,"11":1,"12":1},"b":{},"f":{},"fnMap":{},"statementMap":{"1":{"start":{"line":1,"column":0},"end":{"line":1,"column":41}},"2":{"start":{"line":2,"column":0},"end":{"line":2,"column":33}},"3":{"start":{"line":3,"column":0},"end":{"line":3,"column":54}},"4":{"start":{"line":4,"column":0},"end":{"line":4,"column":30}},"5":{"start":{"line":36,"column":0},"end":{"line":36,"column":50}},"6":{"start":{"line":59,"column":0},"end":{"line":59,"column":44}},"7":{"start":{"line":96,"column":0},"end":{"line":96,"column":95}},"8":{"start":{"line":145,"column":0},"end":{"line":145,"column":96}},"9":{"start":{"line":169,"column":0},"end":{"line":169,"column":104}},"10":{"start":{"line":192,"column":0},"end":{"line":192,"column":98}},"11":{"start":{"line":194,"column":0},"end":{"line":194,"column":34}},"12":{"start":{"line":196,"column":0},"end":{"line":196,"column":24}}},"branchMap":{}},"/home/lazar/Desktop/diplomski/transportApp/services/module_user/controller.js":{"path":"/home/lazar/Desktop/diplomski/transportApp/services/module_user/controller.js","s":{"1":1,"2":1,"3":1,"4":1,"5":1,"6":5,"7":0,"8":0,"9":5,"10":1,"11":1,"12":4,"13":1,"14":1,"15":3,"16":1,"17":2,"18":1,"19":4,"20":0,"21":0,"22":4,"23":1,"24":1,"25":3,"26":1,"27":1,"28":2,"29":1,"30":1,"31":1,"32":3,"33":0,"34":0,"35":3,"36":1,"37":1,"38":2,"39":2,"40":0,"41":2,"42":2,"43":0,"44":0,"45":1,"46":1,"47":1,"48":0,"49":1,"50":1,"51":0,"52":0,"53":1,"54":3,"55":1,"56":1,"57":2,"58":0,"59":0,"60":2,"61":0,"62":0,"63":2,"64":1,"65":1,"66":1,"67":1,"68":0,"69":1,"70":3,"71":0,"72":0,"73":3,"74":1,"75":1,"76":2,"77":1,"78":1},"b":{"1":[0,5],"2":[1,4],"3":[1,3],"4":[0,4],"5":[1,3],"6":[1,2],"7":[0,3],"8":[1,2],"9":[0,2],"10":[0,1],"11":[1,2],"12":[0,2],"13":[0,2],"14":[1,1],"15":[0,3],"16":[1,2]},"f":{"1":5,"2":1,"3":2,"4":4,"5":1,"6":1,"7":3,"8":2,"9":2,"10":0,"11":0,"12":1,"13":1,"14":1,"15":0,"16":0,"17":3,"18":1,"19":0,"20":3,"21":1,"22":1},"fnMap":{"1":{"name":"(anonymous_1)","line":15,"loc":{"start":{"line":15,"column":23},"end":{"line":15,"column":47}}},"2":{"name":"(anonymous_2)","line":31,"loc":{"start":{"line":31,"column":38},"end":{"line":31,"column":52}}},"3":{"name":"(anonymous_3)","line":33,"loc":{"start":{"line":33,"column":12},"end":{"line":33,"column":25}}},"4":{"name":"(anonymous_4)","line":44,"loc":{"start":{"line":44,"column":20},"end":{"line":44,"column":44}}},"5":{"name":"(anonymous_5)","line":60,"loc":{"start":{"line":60,"column":35},"end":{"line":60,"column":49}}},"6":{"name":"(anonymous_6)","line":62,"loc":{"start":{"line":62,"column":12},"end":{"line":62,"column":25}}},"7":{"name":"(anonymous_7)","line":75,"loc":{"start":{"line":75,"column":21},"end":{"line":75,"column":45}}},"8":{"name":"(anonymous_8)","line":86,"loc":{"start":{"line":86,"column":47},"end":{"line":86,"column":62}}},"9":{"name":"(anonymous_9)","line":89,"loc":{"start":{"line":89,"column":70},"end":{"line":89,"column":98}}},"10":{"name":"(anonymous_10)","line":91,"loc":{"start":{"line":91,"column":16},"end":{"line":91,"column":29}}},"11":{"name":"(anonymous_11)","line":94,"loc":{"start":{"line":94,"column":12},"end":{"line":94,"column":25}}},"12":{"name":"(anonymous_12)","line":105,"loc":{"start":{"line":105,"column":23},"end":{"line":105,"column":47}}},"13":{"name":"(anonymous_13)","line":106,"loc":{"start":{"line":106,"column":47},"end":{"line":106,"column":62}}},"14":{"name":"(anonymous_14)","line":109,"loc":{"start":{"line":109,"column":69},"end":{"line":109,"column":87}}},"15":{"name":"(anonymous_15)","line":111,"loc":{"start":{"line":111,"column":16},"end":{"line":111,"column":29}}},"16":{"name":"(anonymous_16)","line":114,"loc":{"start":{"line":114,"column":12},"end":{"line":114,"column":25}}},"17":{"name":"(anonymous_17)","line":125,"loc":{"start":{"line":125,"column":25},"end":{"line":125,"column":49}}},"18":{"name":"(anonymous_18)","line":146,"loc":{"start":{"line":146,"column":63},"end":{"line":146,"column":77}}},"19":{"name":"(anonymous_19)","line":148,"loc":{"start":{"line":148,"column":12},"end":{"line":148,"column":25}}},"20":{"name":"(anonymous_20)","line":159,"loc":{"start":{"line":159,"column":22},"end":{"line":159,"column":46}}},"21":{"name":"(anonymous_21)","line":170,"loc":{"start":{"line":170,"column":60},"end":{"line":170,"column":74}}},"22":{"name":"(anonymous_22)","line":172,"loc":{"start":{"line":172,"column":12},"end":{"line":172,"column":25}}}},"statementMap":{"1":{"start":{"line":1,"column":0},"end":{"line":1,"column":50}},"2":{"start":{"line":2,"column":0},"end":{"line":2,"column":78}},"3":{"start":{"line":4,"column":0},"end":{"line":4,"column":47}},"4":{"start":{"line":5,"column":0},"end":{"line":5,"column":41}},"5":{"start":{"line":15,"column":0},"end":{"line":36,"column":1}},"6":{"start":{"line":16,"column":4},"end":{"line":19,"column":5}},"7":{"start":{"line":17,"column":8},"end":{"line":17,"column":70}},"8":{"start":{"line":18,"column":8},"end":{"line":18,"column":42}},"9":{"start":{"line":21,"column":4},"end":{"line":24,"column":5}},"10":{"start":{"line":22,"column":8},"end":{"line":22,"column":67}},"11":{"start":{"line":23,"column":8},"end":{"line":23,"column":42}},"12":{"start":{"line":26,"column":4},"end":{"line":29,"column":5}},"13":{"start":{"line":27,"column":8},"end":{"line":27,"column":73}},"14":{"start":{"line":28,"column":8},"end":{"line":28,"column":42}},"15":{"start":{"line":31,"column":4},"end":{"line":35,"column":7}},"16":{"start":{"line":32,"column":8},"end":{"line":32,"column":23}},"17":{"start":{"line":34,"column":8},"end":{"line":34,"column":25}},"18":{"start":{"line":44,"column":0},"end":{"line":65,"column":1}},"19":{"start":{"line":45,"column":4},"end":{"line":48,"column":5}},"20":{"start":{"line":46,"column":8},"end":{"line":46,"column":67}},"21":{"start":{"line":47,"column":8},"end":{"line":47,"column":42}},"22":{"start":{"line":50,"column":4},"end":{"line":53,"column":5}},"23":{"start":{"line":51,"column":8},"end":{"line":51,"column":64}},"24":{"start":{"line":52,"column":8},"end":{"line":52,"column":42}},"25":{"start":{"line":55,"column":4},"end":{"line":58,"column":5}},"26":{"start":{"line":56,"column":8},"end":{"line":56,"column":70}},"27":{"start":{"line":57,"column":8},"end":{"line":57,"column":42}},"28":{"start":{"line":60,"column":4},"end":{"line":64,"column":7}},"29":{"start":{"line":61,"column":8},"end":{"line":61,"column":23}},"30":{"start":{"line":63,"column":8},"end":{"line":63,"column":25}},"31":{"start":{"line":75,"column":0},"end":{"line":97,"column":1}},"32":{"start":{"line":76,"column":4},"end":{"line":79,"column":5}},"33":{"start":{"line":77,"column":8},"end":{"line":77,"column":80}},"34":{"start":{"line":78,"column":8},"end":{"line":78,"column":42}},"35":{"start":{"line":81,"column":4},"end":{"line":84,"column":5}},"36":{"start":{"line":82,"column":8},"end":{"line":82,"column":78}},"37":{"start":{"line":83,"column":8},"end":{"line":83,"column":42}},"38":{"start":{"line":86,"column":4},"end":{"line":96,"column":7}},"39":{"start":{"line":87,"column":8},"end":{"line":87,"column":51}},"40":{"start":{"line":87,"column":19},"end":{"line":87,"column":51}},"41":{"start":{"line":89,"column":8},"end":{"line":93,"column":11}},"42":{"start":{"line":90,"column":12},"end":{"line":90,"column":41}},"43":{"start":{"line":92,"column":12},"end":{"line":92,"column":29}},"44":{"start":{"line":95,"column":8},"end":{"line":95,"column":25}},"45":{"start":{"line":105,"column":0},"end":{"line":117,"column":1}},"46":{"start":{"line":106,"column":4},"end":{"line":116,"column":7}},"47":{"start":{"line":107,"column":8},"end":{"line":107,"column":51}},"48":{"start":{"line":107,"column":19},"end":{"line":107,"column":51}},"49":{"start":{"line":109,"column":8},"end":{"line":113,"column":11}},"50":{"start":{"line":110,"column":12},"end":{"line":110,"column":31}},"51":{"start":{"line":112,"column":12},"end":{"line":112,"column":29}},"52":{"start":{"line":115,"column":8},"end":{"line":115,"column":25}},"53":{"start":{"line":125,"column":0},"end":{"line":151,"column":1}},"54":{"start":{"line":126,"column":4},"end":{"line":129,"column":5}},"55":{"start":{"line":127,"column":8},"end":{"line":127,"column":84}},"56":{"start":{"line":128,"column":8},"end":{"line":128,"column":42}},"57":{"start":{"line":131,"column":4},"end":{"line":134,"column":5}},"58":{"start":{"line":132,"column":8},"end":{"line":132,"column":84}},"59":{"start":{"line":133,"column":8},"end":{"line":133,"column":42}},"60":{"start":{"line":136,"column":4},"end":{"line":139,"column":5}},"61":{"start":{"line":137,"column":8},"end":{"line":137,"column":87}},"62":{"start":{"line":138,"column":8},"end":{"line":138,"column":42}},"63":{"start":{"line":141,"column":4},"end":{"line":144,"column":5}},"64":{"start":{"line":142,"column":8},"end":{"line":142,"column":94}},"65":{"start":{"line":143,"column":8},"end":{"line":143,"column":42}},"66":{"start":{"line":146,"column":4},"end":{"line":150,"column":7}},"67":{"start":{"line":147,"column":8},"end":{"line":147,"column":19}},"68":{"start":{"line":149,"column":8},"end":{"line":149,"column":25}},"69":{"start":{"line":159,"column":0},"end":{"line":175,"column":1}},"70":{"start":{"line":160,"column":4},"end":{"line":163,"column":5}},"71":{"start":{"line":161,"column":8},"end":{"line":161,"column":78}},"72":{"start":{"line":162,"column":8},"end":{"line":162,"column":42}},"73":{"start":{"line":165,"column":4},"end":{"line":168,"column":5}},"74":{"start":{"line":166,"column":8},"end":{"line":166,"column":78}},"75":{"start":{"line":167,"column":8},"end":{"line":167,"column":42}},"76":{"start":{"line":170,"column":4},"end":{"line":174,"column":7}},"77":{"start":{"line":171,"column":8},"end":{"line":171,"column":19}},"78":{"start":{"line":173,"column":8},"end":{"line":173,"column":25}}},"branchMap":{"1":{"line":16,"type":"if","locations":[{"start":{"line":16,"column":4},"end":{"line":16,"column":4}},{"start":{"line":16,"column":4},"end":{"line":16,"column":4}}]},"2":{"line":21,"type":"if","locations":[{"start":{"line":21,"column":4},"end":{"line":21,"column":4}},{"start":{"line":21,"column":4},"end":{"line":21,"column":4}}]},"3":{"line":26,"type":"if","locations":[{"start":{"line":26,"column":4},"end":{"line":26,"column":4}},{"start":{"line":26,"column":4},"end":{"line":26,"column":4}}]},"4":{"line":45,"type":"if","locations":[{"start":{"line":45,"column":4},"end":{"line":45,"column":4}},{"start":{"line":45,"column":4},"end":{"line":45,"column":4}}]},"5":{"line":50,"type":"if","locations":[{"start":{"line":50,"column":4},"end":{"line":50,"column":4}},{"start":{"line":50,"column":4},"end":{"line":50,"column":4}}]},"6":{"line":55,"type":"if","locations":[{"start":{"line":55,"column":4},"end":{"line":55,"column":4}},{"start":{"line":55,"column":4},"end":{"line":55,"column":4}}]},"7":{"line":76,"type":"if","locations":[{"start":{"line":76,"column":4},"end":{"line":76,"column":4}},{"start":{"line":76,"column":4},"end":{"line":76,"column":4}}]},"8":{"line":81,"type":"if","locations":[{"start":{"line":81,"column":4},"end":{"line":81,"column":4}},{"start":{"line":81,"column":4},"end":{"line":81,"column":4}}]},"9":{"line":87,"type":"if","locations":[{"start":{"line":87,"column":8},"end":{"line":87,"column":8}},{"start":{"line":87,"column":8},"end":{"line":87,"column":8}}]},"10":{"line":107,"type":"if","locations":[{"start":{"line":107,"column":8},"end":{"line":107,"column":8}},{"start":{"line":107,"column":8},"end":{"line":107,"column":8}}]},"11":{"line":126,"type":"if","locations":[{"start":{"line":126,"column":4},"end":{"line":126,"column":4}},{"start":{"line":126,"column":4},"end":{"line":126,"column":4}}]},"12":{"line":131,"type":"if","locations":[{"start":{"line":131,"column":4},"end":{"line":131,"column":4}},{"start":{"line":131,"column":4},"end":{"line":131,"column":4}}]},"13":{"line":136,"type":"if","locations":[{"start":{"line":136,"column":4},"end":{"line":136,"column":4}},{"start":{"line":136,"column":4},"end":{"line":136,"column":4}}]},"14":{"line":141,"type":"if","locations":[{"start":{"line":141,"column":4},"end":{"line":141,"column":4}},{"start":{"line":141,"column":4},"end":{"line":141,"column":4}}]},"15":{"line":160,"type":"if","locations":[{"start":{"line":160,"column":4},"end":{"line":160,"column":4}},{"start":{"line":160,"column":4},"end":{"line":160,"column":4}}]},"16":{"line":165,"type":"if","locations":[{"start":{"line":165,"column":4},"end":{"line":165,"column":4}},{"start":{"line":165,"column":4},"end":{"line":165,"column":4}}]}}},"/home/lazar/Desktop/diplomski/transportApp/postLoader.js":{"path":"/home/lazar/Desktop/diplomski/transportApp/postLoader.js","s":{"1":1,"2":1,"3":1,"4":4,"5":3,"6":3,"7":3,"8":0,"9":0},"b":{"1":[3,1],"2":[0,3]},"f":{"1":1,"2":4,"3":3},"fnMap":{"1":{"name":"(anonymous_1)","line":15,"loc":{"start":{"line":15,"column":15},"end":{"line":15,"column":30}}},"2":{"name":"(anonymous_2)","line":16,"loc":{"start":{"line":16,"column":51},"end":{"line":16,"column":66}}},"3":{"name":"(anonymous_3)","line":20,"loc":{"start":{"line":20,"column":67},"end":{"line":20,"column":85}}}},"statementMap":{"1":{"start":{"line":1,"column":0},"end":{"line":1,"column":23}},"2":{"start":{"line":15,"column":0},"end":{"line":28,"column":2}},"3":{"start":{"line":16,"column":2},"end":{"line":27,"column":5}},"4":{"start":{"line":17,"column":4},"end":{"line":26,"column":5}},"5":{"start":{"line":19,"column":6},"end":{"line":19,"column":57}},"6":{"start":{"line":20,"column":6},"end":{"line":25,"column":9}},"7":{"start":{"line":21,"column":8},"end":{"line":24,"column":9}},"8":{"start":{"line":22,"column":10},"end":{"line":22,"column":86}},"9":{"start":{"line":23,"column":10},"end":{"line":23,"column":31}}},"branchMap":{"1":{"line":17,"type":"if","locations":[{"start":{"line":17,"column":4},"end":{"line":17,"column":4}},{"start":{"line":17,"column":4},"end":{"line":17,"column":4}}]},"2":{"line":21,"type":"if","locations":[{"start":{"line":21,"column":8},"end":{"line":21,"column":8}},{"start":{"line":21,"column":8},"end":{"line":21,"column":8}}]}}}}