TN:
SF:C:\Users\AcaHE\Desktop\diplomski\projekat\transportApp\config\index.js
FNF:0
FNH:0
DA:6,1
DA:9,1
LF:2
LH:2
BRDA:6,1,0,1
BRDA:6,1,1,0
BRF:2
BRH:1
end_of_record
TN:
SF:C:\Users\AcaHE\Desktop\diplomski\projekat\transportApp\config\config.test.js
FNF:0
FNH:0
DA:1,1
DA:33,1
LF:2
LH:2
BRF:0
BRH:0
end_of_record
TN:
SF:C:\Users\AcaHE\Desktop\diplomski\projekat\transportApp\lib\logger.js
FN:61,(anonymous_1)
FN:66,(anonymous_2)
FNF:2
FNH:0
FNDA:0,(anonymous_1)
FNDA:0,(anonymous_2)
DA:1,1
DA:2,1
DA:7,1
DA:22,1
DA:31,1
DA:32,1
DA:33,1
DA:35,1
DA:36,1
DA:38,1
DA:47,1
DA:48,0
DA:50,1
DA:56,1
DA:61,1
DA:62,0
DA:63,0
DA:64,0
DA:65,0
DA:66,0
DA:67,0
DA:68,0
DA:69,0
DA:75,1
LF:24
LH:15
BRDA:31,1,0,1
BRDA:31,1,1,0
BRDA:32,2,0,1
BRDA:32,2,1,0
BRDA:35,3,0,1
BRDA:35,3,1,0
BRDA:47,4,0,0
BRDA:47,4,1,1
BRDA:62,5,0,0
BRDA:62,5,1,0
BRDA:67,6,0,0
BRDA:67,6,1,0
BRDA:68,7,0,0
BRDA:68,7,1,0
BRF:14
BRH:4
end_of_record
TN:
SF:C:\Users\AcaHE\Desktop\diplomski\projekat\transportApp\model\client\model.js
FN:9,(anonymous_1)
FN:13,(anonymous_2)
FN:24,(anonymous_3)
FN:27,(anonymous_4)
FN:43,_findById
FN:46,(anonymous_6)
FN:62,(anonymous_7)
FN:71,(anonymous_8)
FN:79,(anonymous_9)
FN:84,(anonymous_10)
FN:103,(anonymous_11)
FN:106,(anonymous_12)
FN:119,(anonymous_13)
FN:131,(anonymous_14)
FN:134,(anonymous_15)
FN:143,(anonymous_16)
FN:153,(anonymous_17)
FNF:17
FNH:14
FNDA:1,(anonymous_1)
FNDA:2,(anonymous_2)
FNDA:2,(anonymous_3)
FNDA:2,(anonymous_4)
FNDA:47,_findById
FNDA:47,(anonymous_6)
FNDA:0,(anonymous_7)
FNDA:46,(anonymous_8)
FNDA:1,(anonymous_9)
FNDA:1,(anonymous_10)
FNDA:2,(anonymous_11)
FNDA:2,(anonymous_12)
FNDA:0,(anonymous_13)
FNDA:1,(anonymous_14)
FNDA:1,(anonymous_15)
FNDA:1,(anonymous_16)
FNDA:0,(anonymous_17)
DA:1,1
DA:9,1
DA:10,1
DA:13,1
DA:14,2
DA:24,1
DA:25,2
DA:27,2
DA:28,2
DA:29,0
DA:30,0
DA:32,2
DA:35,2
DA:43,1
DA:44,47
DA:46,47
DA:47,47
DA:48,0
DA:49,0
DA:51,47
DA:54,47
DA:62,1
DA:63,0
DA:71,1
DA:72,46
DA:79,1
DA:80,1
DA:82,1
DA:83,1
DA:84,1
DA:85,1
DA:86,0
DA:87,0
DA:90,1
DA:91,1
DA:92,1
DA:95,1
DA:103,1
DA:104,2
DA:106,2
DA:107,2
DA:109,2
DA:111,1
DA:115,1
DA:116,1
DA:117,1
DA:120,0
DA:123,2
DA:131,1
DA:132,1
DA:134,1
DA:135,1
DA:137,1
DA:138,1
DA:139,1
DA:140,1
DA:141,1
DA:143,1
DA:144,1
DA:145,0
DA:146,0
DA:149,1
DA:150,1
DA:151,1
DA:154,0
DA:157,1
DA:159,1
DA:161,1
LF:68
LH:57
BRDA:28,1,0,0
BRDA:28,1,1,2
BRDA:47,2,0,0
BRDA:47,2,1,47
BRDA:85,3,0,0
BRDA:85,3,1,1
BRDA:107,4,0,0
BRDA:107,4,1,2
BRDA:109,5,0,1
BRDA:109,5,1,1
BRDA:135,6,0,0
BRDA:135,6,1,1
BRDA:137,7,0,1
BRDA:137,7,1,0
BRDA:138,8,0,1
BRDA:138,8,1,0
BRDA:139,9,0,1
BRDA:139,9,1,0
BRDA:140,10,0,1
BRDA:140,10,1,0
BRDA:141,11,0,1
BRDA:141,11,1,0
BRDA:144,12,0,0
BRDA:144,12,1,1
BRF:24
BRH:13
end_of_record
TN:
SF:C:\Users\AcaHE\Desktop\diplomski\projekat\transportApp\model\client\schema.js
FN:3,(anonymous_1)
FNF:1
FNH:1
FNDA:1,(anonymous_1)
DA:1,1
DA:3,1
DA:4,1
DA:40,1
LF:4
LH:4
BRF:0
BRH:0
end_of_record
TN:
SF:C:\Users\AcaHE\Desktop\diplomski\projekat\transportApp\server.js
FN:39,(anonymous_1)
FN:62,(anonymous_2)
FN:89,(anonymous_3)
FNF:3
FNH:3
FNDA:196,(anonymous_1)
FNDA:1,(anonymous_2)
FNDA:1,(anonymous_3)
DA:2,1
DA:3,1
DA:4,1
DA:5,1
DA:9,1
DA:11,1
DA:25,1
DA:28,1
DA:33,1
DA:37,1
DA:40,196
DA:41,196
DA:42,196
DA:46,1
DA:48,1
DA:51,1
DA:54,1
DA:57,1
DA:63,1
DA:64,0
DA:65,0
DA:67,1
DA:68,1
DA:70,1
DA:76,1
DA:77,1
DA:78,1
DA:79,1
DA:86,1
DA:89,1
DA:90,1
DA:92,1
DA:95,1
LF:33
LH:31
BRDA:63,1,0,0
BRDA:63,1,1,1
BRDA:86,2,0,1
BRDA:86,2,1,1
BRF:4
BRH:3
end_of_record
TN:
SF:C:\Users\AcaHE\Desktop\diplomski\projekat\transportApp\lib\error.js
FN:3,(anonymous_1)
FNF:1
FNH:1
FNDA:143,(anonymous_1)
DA:1,1
DA:3,1
DA:4,143
DA:5,143
DA:6,143
DA:7,143
DA:8,143
DA:10,0
DA:11,0
DA:12,0
DA:15,143
LF:11
LH:8
BRDA:5,1,0,143
BRDA:5,1,1,0
BRDA:7,2,0,143
BRDA:7,2,1,143
BRF:4
BRH:3
end_of_record
TN:
SF:C:\Users\AcaHE\Desktop\diplomski\projekat\transportApp\config\errorCodes.js
FNF:0
FNH:0
DA:1,1
LF:1
LH:1
BRF:0
BRH:0
end_of_record
TN:
SF:C:\Users\AcaHE\Desktop\diplomski\projekat\transportApp\router.js
FN:17,(anonymous_1)
FN:18,(anonymous_2)
FNF:2
FNH:2
FNDA:1,(anonymous_1)
FNDA:4,(anonymous_2)
DA:1,1
DA:17,1
DA:18,1
DA:19,4
DA:20,3
DA:21,3
LF:6
LH:6
BRDA:19,1,0,3
BRDA:19,1,1,1
BRF:2
BRH:2
end_of_record
TN:
SF:C:\Users\AcaHE\Desktop\diplomski\projekat\transportApp\middleware\loggerMiddleware.js
FN:1,(anonymous_1)
FN:16,(anonymous_2)
FNF:2
FNH:2
FNDA:196,(anonymous_1)
FNDA:143,(anonymous_2)
DA:1,1
DA:2,196
DA:3,196
DA:10,196
DA:11,196
DA:13,196
DA:16,1
DA:17,143
DA:26,143
DA:27,143
LF:10
LH:10
BRDA:2,1,0,196
BRDA:2,1,1,0
BRDA:6,2,0,196
BRDA:6,2,1,0
BRDA:7,3,0,196
BRDA:7,3,1,0
BRDA:8,4,0,196
BRDA:8,4,1,0
BRDA:10,5,0,196
BRDA:10,5,1,0
BRDA:10,6,0,196
BRDA:10,6,1,196
BRDA:10,6,2,196
BRDA:10,6,3,196
BRDA:19,7,0,143
BRDA:19,7,1,0
BRDA:20,8,0,143
BRDA:20,8,1,0
BRDA:21,9,0,143
BRDA:21,9,1,0
BRDA:22,10,0,143
BRDA:22,10,1,0
BRDA:23,11,0,143
BRDA:23,11,1,0
BRDA:24,12,0,143
BRDA:24,12,1,143
BRF:26
BRH:16
end_of_record
TN:
SF:C:\Users\AcaHE\Desktop\diplomski\projekat\transportApp\middleware\errorHandlerMiddleware.js
FN:3,(anonymous_1)
FNF:1
FNH:1
FNDA:143,(anonymous_1)
DA:3,1
DA:4,143
DA:5,143
LF:3
LH:3
BRDA:4,1,0,143
BRDA:4,1,1,0
BRF:2
BRH:1
end_of_record
TN:
SF:C:\Users\AcaHE\Desktop\diplomski\projekat\transportApp\middleware\routeValidatorMiddleware.js
FN:11,(anonymous_1)
FN:17,(anonymous_2)
FNF:2
FNH:0
FNDA:0,(anonymous_1)
FNDA:0,(anonymous_2)
DA:1,1
DA:11,1
DA:12,0
DA:13,0
DA:14,0
DA:17,0
DA:18,0
DA:19,0
DA:21,0
DA:23,0
DA:25,0
LF:11
LH:2
BRDA:13,1,0,0
BRDA:13,1,1,0
BRDA:13,2,0,0
BRDA:13,2,1,0
BRDA:19,3,0,0
BRDA:19,3,1,0
BRF:6
BRH:0
end_of_record
TN:
SF:C:\Users\AcaHE\Desktop\diplomski\projekat\transportApp\lib\validator\validators.js
FN:6,(anonymous_1)
FNF:1
FNH:0
FNDA:0,(anonymous_1)
DA:1,1
DA:4,1
DA:7,0
DA:8,0
DA:9,0
DA:10,0
DA:12,0
DA:13,0
DA:14,0
DA:15,0
DA:16,0
DA:17,0
DA:18,0
DA:22,0
LF:14
LH:2
BRDA:9,1,0,0
BRDA:9,1,1,0
BRDA:12,2,0,0
BRDA:12,2,1,0
BRDA:13,3,0,0
BRDA:13,3,1,0
BRDA:17,4,0,0
BRDA:17,4,1,0
BRDA:22,5,0,0
BRDA:22,5,1,0
BRF:10
BRH:0
end_of_record
TN:
SF:C:\Users\AcaHE\Desktop\diplomski\projekat\transportApp\lib\validator\notationValidators.js
FN:4,_parseValidators
FN:15,(anonymous_2)
FNF:2
FNH:2
FNDA:1,_parseValidators
FNDA:192,(anonymous_2)
DA:1,1
DA:2,1
DA:4,1
DA:5,1
DA:6,60
DA:7,60
DA:13,60
DA:14,60
DA:15,85
DA:16,192
DA:17,99
DA:18,58
DA:20,99
DA:28,60
DA:29,43
DA:31,60
DA:35,1
DA:38,1
LF:18
LH:18
BRDA:13,1,0,60
BRDA:13,1,1,0
BRDA:16,2,0,99
BRDA:16,2,1,93
BRDA:17,3,0,58
BRDA:17,3,1,41
BRDA:22,4,0,0
BRDA:22,4,1,99
BRDA:28,5,0,43
BRDA:28,5,1,17
BRDA:40,6,0,1
BRDA:40,6,1,0
BRF:12
BRH:9
end_of_record
TN:
SF:C:\Users\AcaHE\Desktop\diplomski\projekat\transportApp\services\module_client\router.js
FNF:0
FNH:0
DA:1,1
DA:2,1
DA:3,1
DA:4,1
DA:28,1
DA:62,1
DA:99,1
DA:127,1
DA:161,1
DA:196,1
DA:215,1
DA:256,1
DA:286,1
DA:325,1
DA:359,1
DA:378,1
DA:414,1
DA:451,1
DA:479,1
DA:513,1
DA:548,1
DA:567,1
DA:604,1
DA:642,1
DA:644,1
DA:646,1
LF:26
LH:26
BRF:0
BRH:0
end_of_record
TN:
SF:C:\Users\AcaHE\Desktop\diplomski\projekat\transportApp\services\module_client\controller.js
FN:21,(anonymous_1)
FN:37,(anonymous_2)
FN:39,(anonymous_3)
FN:50,(anonymous_4)
FN:51,(anonymous_5)
FN:53,(anonymous_6)
FN:66,(anonymous_7)
FN:67,(anonymous_8)
FN:69,(anonymous_9)
FN:81,(anonymous_10)
FN:82,(anonymous_11)
FN:85,(anonymous_12)
FN:96,(anonymous_13)
FN:112,(anonymous_14)
FN:114,(anonymous_15)
FN:125,(anonymous_16)
FN:133,(anonymous_17)
FN:135,(anonymous_18)
FN:146,(anonymous_19)
FN:147,(anonymous_20)
FN:149,(anonymous_21)
FN:162,(anonymous_22)
FN:163,(anonymous_23)
FN:165,(anonymous_24)
FN:176,(anonymous_25)
FN:177,(anonymous_26)
FN:180,(anonymous_27)
FN:191,(anonymous_28)
FN:207,(anonymous_29)
FN:209,(anonymous_30)
FN:220,(anonymous_31)
FN:221,(anonymous_32)
FN:223,(anonymous_33)
FN:234,(anonymous_34)
FN:235,(anonymous_35)
FN:237,(anonymous_36)
FN:248,(anonymous_37)
FN:249,(anonymous_38)
FN:252,(anonymous_39)
FN:254,(anonymous_40)
FN:257,(anonymous_41)
FN:270,(anonymous_42)
FN:271,(anonymous_43)
FN:273,(anonymous_44)
FN:284,(anonymous_45)
FN:285,(anonymous_46)
FN:288,(anonymous_47)
FN:299,(anonymous_48)
FN:317,(anonymous_49)
FN:319,(anonymous_50)
FN:330,(anonymous_51)
FN:338,(anonymous_52)
FN:340,(anonymous_53)
FN:351,(anonymous_54)
FN:352,(anonymous_55)
FN:354,(anonymous_56)
FN:365,(anonymous_57)
FN:366,(anonymous_58)
FN:368,(anonymous_59)
FN:379,(anonymous_60)
FN:380,(anonymous_61)
FN:383,(anonymous_62)
FN:385,(anonymous_63)
FN:388,(anonymous_64)
FNF:64
FNH:39
FNDA:4,(anonymous_1)
FNDA:1,(anonymous_2)
FNDA:1,(anonymous_3)
FNDA:1,(anonymous_4)
FNDA:1,(anonymous_5)
FNDA:0,(anonymous_6)
FNDA:1,(anonymous_7)
FNDA:1,(anonymous_8)
FNDA:0,(anonymous_9)
FNDA:2,(anonymous_10)
FNDA:2,(anonymous_11)
FNDA:0,(anonymous_12)
FNDA:3,(anonymous_13)
FNDA:1,(anonymous_14)
FNDA:0,(anonymous_15)
FNDA:3,(anonymous_16)
FNDA:1,(anonymous_17)
FNDA:1,(anonymous_18)
FNDA:0,(anonymous_19)
FNDA:0,(anonymous_20)
FNDA:0,(anonymous_21)
FNDA:1,(anonymous_22)
FNDA:1,(anonymous_23)
FNDA:0,(anonymous_24)
FNDA:2,(anonymous_25)
FNDA:2,(anonymous_26)
FNDA:0,(anonymous_27)
FNDA:2,(anonymous_28)
FNDA:1,(anonymous_29)
FNDA:1,(anonymous_30)
FNDA:2,(anonymous_31)
FNDA:1,(anonymous_32)
FNDA:1,(anonymous_33)
FNDA:0,(anonymous_34)
FNDA:0,(anonymous_35)
FNDA:0,(anonymous_36)
FNDA:2,(anonymous_37)
FNDA:2,(anonymous_38)
FNDA:1,(anonymous_39)
FNDA:0,(anonymous_40)
FNDA:0,(anonymous_41)
FNDA:1,(anonymous_42)
FNDA:1,(anonymous_43)
FNDA:0,(anonymous_44)
FNDA:2,(anonymous_45)
FNDA:2,(anonymous_46)
FNDA:0,(anonymous_47)
FNDA:5,(anonymous_48)
FNDA:2,(anonymous_49)
FNDA:1,(anonymous_50)
FNDA:3,(anonymous_51)
FNDA:1,(anonymous_52)
FNDA:1,(anonymous_53)
FNDA:0,(anonymous_54)
FNDA:0,(anonymous_55)
FNDA:0,(anonymous_56)
FNDA:1,(anonymous_57)
FNDA:1,(anonymous_58)
FNDA:0,(anonymous_59)
FNDA:0,(anonymous_60)
FNDA:0,(anonymous_61)
FNDA:0,(anonymous_62)
FNDA:0,(anonymous_63)
FNDA:0,(anonymous_64)
DA:1,1
DA:2,1
DA:3,1
DA:4,1
DA:5,1
DA:6,1
DA:7,1
DA:10,1
DA:11,1
DA:21,1
DA:22,4
DA:23,0
DA:24,0
DA:27,4
DA:28,0
DA:29,0
DA:32,4
DA:33,2
DA:34,2
DA:37,2
DA:38,1
DA:40,1
DA:50,1
DA:51,1
DA:52,1
DA:54,0
DA:66,1
DA:67,1
DA:68,1
DA:70,0
DA:81,1
DA:82,2
DA:83,2
DA:84,1
DA:86,0
DA:96,1
DA:97,3
DA:98,0
DA:99,0
DA:102,3
DA:103,1
DA:104,1
DA:107,2
DA:108,1
DA:109,1
DA:112,1
DA:113,1
DA:115,0
DA:125,1
DA:126,3
DA:127,3
DA:128,1
DA:129,1
DA:133,2
DA:134,1
DA:136,1
DA:146,1
DA:147,0
DA:148,0
DA:150,0
DA:162,1
DA:163,1
DA:164,1
DA:166,0
DA:176,1
DA:177,2
DA:178,2
DA:179,1
DA:181,0
DA:191,1
DA:192,2
DA:193,0
DA:194,0
DA:197,2
DA:198,0
DA:199,0
DA:202,2
DA:203,0
DA:204,0
DA:207,2
DA:208,1
DA:210,1
DA:220,1
DA:221,2
DA:222,1
DA:224,1
DA:234,1
DA:235,0
DA:236,0
DA:238,0
DA:248,1
DA:249,2
DA:250,2
DA:252,1
DA:253,1
DA:255,0
DA:258,0
DA:270,1
DA:271,1
DA:272,1
DA:274,0
DA:284,1
DA:285,2
DA:286,2
DA:287,1
DA:289,0
DA:299,1
DA:300,5
DA:301,0
DA:302,0
DA:304,5
DA:305,1
DA:306,1
DA:308,4
DA:309,1
DA:310,1
DA:312,3
DA:313,0
DA:314,0
DA:317,3
DA:318,2
DA:320,1
DA:330,1
DA:331,3
DA:332,3
DA:333,1
DA:334,1
DA:338,2
DA:339,1
DA:341,1
DA:351,1
DA:352,0
DA:353,0
DA:355,0
DA:365,1
DA:366,1
DA:367,1
DA:369,0
DA:379,1
DA:380,0
DA:381,0
DA:383,0
DA:384,0
DA:386,0
DA:389,0
LF:145
LH:103
BRDA:22,1,0,0
BRDA:22,1,1,4
BRDA:27,2,0,0
BRDA:27,2,1,4
BRDA:32,3,0,2
BRDA:32,3,1,2
BRDA:83,4,0,1
BRDA:83,4,1,1
BRDA:97,5,0,0
BRDA:97,5,1,3
BRDA:102,6,0,1
BRDA:102,6,1,2
BRDA:107,7,0,1
BRDA:107,7,1,1
BRDA:126,8,0,3
BRDA:126,8,1,0
BRDA:127,9,0,1
BRDA:127,9,1,2
BRDA:178,10,0,1
BRDA:178,10,1,1
BRDA:192,11,0,0
BRDA:192,11,1,2
BRDA:197,12,0,0
BRDA:197,12,1,2
BRDA:202,13,0,0
BRDA:202,13,1,2
BRDA:250,14,0,1
BRDA:250,14,1,1
BRDA:286,15,0,1
BRDA:286,15,1,1
BRDA:300,16,0,0
BRDA:300,16,1,5
BRDA:304,17,0,1
BRDA:304,17,1,4
BRDA:308,18,0,1
BRDA:308,18,1,3
BRDA:312,19,0,0
BRDA:312,19,1,3
BRDA:331,20,0,3
BRDA:331,20,1,0
BRDA:332,21,0,1
BRDA:332,21,1,2
BRDA:381,22,0,0
BRDA:381,22,1,0
BRF:44
BRH:32
end_of_record
TN:
SF:C:\Users\AcaHE\Desktop\diplomski\projekat\transportApp\model\vehicle\model.js
FN:11,_findByLicensePlate
FN:14,(anonymous_2)
FN:27,_findById
FN:32,(anonymous_4)
FN:45,(anonymous_5)
FN:54,(anonymous_6)
FN:62,(anonymous_7)
FN:65,(anonymous_8)
FN:81,(anonymous_9)
FN:84,(anonymous_10)
FN:89,(anonymous_11)
FN:97,(anonymous_12)
FN:110,(anonymous_13)
FN:113,(anonymous_14)
FN:122,(anonymous_15)
FN:130,(anonymous_16)
FN:142,(anonymous_17)
FN:145,(anonymous_18)
FN:148,(anonymous_19)
FN:156,(anonymous_20)
FN:196,(anonymous_21)
FN:199,(anonymous_22)
FN:205,(anonymous_23)
FN:213,(anonymous_24)
FNF:24
FNH:16
FNDA:2,_findByLicensePlate
FNDA:2,(anonymous_2)
FNDA:18,_findById
FNDA:18,(anonymous_4)
FNDA:0,(anonymous_5)
FNDA:14,(anonymous_6)
FNDA:2,(anonymous_7)
FNDA:2,(anonymous_8)
FNDA:2,(anonymous_9)
FNDA:2,(anonymous_10)
FNDA:1,(anonymous_11)
FNDA:0,(anonymous_12)
FNDA:2,(anonymous_13)
FNDA:2,(anonymous_14)
FNDA:1,(anonymous_15)
FNDA:0,(anonymous_16)
FNDA:0,(anonymous_17)
FNDA:0,(anonymous_18)
FNDA:0,(anonymous_19)
FNDA:0,(anonymous_20)
FNDA:2,(anonymous_21)
FNDA:2,(anonymous_22)
FNDA:1,(anonymous_23)
FNDA:0,(anonymous_24)
DA:1,1
DA:11,1
DA:12,2
DA:14,2
DA:15,2
DA:16,2
DA:19,2
DA:27,1
DA:28,18
DA:30,18
DA:32,18
DA:33,18
DA:34,18
DA:37,18
DA:45,1
DA:46,0
DA:54,1
DA:55,14
DA:62,1
DA:63,2
DA:65,2
DA:66,2
DA:67,0
DA:68,0
DA:70,2
DA:73,2
DA:81,1
DA:82,2
DA:84,2
DA:85,2
DA:87,1
DA:89,1
DA:90,1
DA:91,0
DA:92,0
DA:94,1
DA:98,0
DA:101,2
DA:110,1
DA:111,2
DA:113,2
DA:114,2
DA:116,1
DA:117,1
DA:118,1
DA:119,1
DA:120,1
DA:122,1
DA:123,1
DA:124,0
DA:125,0
DA:127,1
DA:131,0
DA:134,2
DA:142,1
DA:143,0
DA:145,0
DA:146,0
DA:148,0
DA:149,0
DA:150,0
DA:151,0
DA:153,0
DA:157,0
DA:160,0
DA:196,1
DA:197,2
DA:199,2
DA:200,2
DA:202,1
DA:203,1
DA:205,1
DA:206,1
DA:207,0
DA:208,0
DA:210,1
DA:214,0
DA:217,2
DA:221,1
DA:223,1
LF:80
LH:58
BRDA:15,1,0,0
BRDA:15,1,1,2
BRDA:30,2,0,0
BRDA:30,2,1,18
BRDA:33,3,0,0
BRDA:33,3,1,18
BRDA:66,4,0,0
BRDA:66,4,1,2
BRDA:85,5,0,1
BRDA:85,5,1,1
BRDA:90,6,0,0
BRDA:90,6,1,1
BRDA:114,7,0,1
BRDA:114,7,1,1
BRDA:116,8,0,1
BRDA:116,8,1,0
BRDA:117,9,0,1
BRDA:117,9,1,0
BRDA:118,10,0,1
BRDA:118,10,1,0
BRDA:119,11,0,1
BRDA:119,11,1,0
BRDA:120,12,0,1
BRDA:120,12,1,0
BRDA:123,13,0,0
BRDA:123,13,1,1
BRDA:146,14,0,0
BRDA:146,14,1,0
BRDA:149,15,0,0
BRDA:149,15,1,0
BRDA:200,16,0,1
BRDA:200,16,1,1
BRDA:206,17,0,0
BRDA:206,17,1,1
BRF:34
BRH:18
end_of_record
TN:
SF:C:\Users\AcaHE\Desktop\diplomski\projekat\transportApp\model\vehicle\schema.js
FN:3,(anonymous_1)
FNF:1
FNH:1
FNDA:1,(anonymous_1)
DA:1,1
DA:3,1
DA:4,1
DA:55,1
LF:4
LH:4
BRF:0
BRH:0
end_of_record
TN:
SF:C:\Users\AcaHE\Desktop\diplomski\projekat\transportApp\model\driver\model.js
FN:11,_findById
FN:14,(anonymous_2)
FN:30,_findByEmail
FN:33,(anonymous_4)
FN:49,(anonymous_5)
FN:58,(anonymous_6)
FN:66,(anonymous_7)
FN:69,(anonymous_8)
FN:85,(anonymous_9)
FN:88,(anonymous_10)
FN:93,(anonymous_11)
FN:101,(anonymous_12)
FN:114,(anonymous_13)
FN:117,(anonymous_14)
FN:126,(anonymous_15)
FN:133,(anonymous_16)
FN:145,(anonymous_17)
FN:148,(anonymous_18)
FN:151,(anonymous_19)
FN:159,(anonymous_20)
FNF:20
FNH:13
FNDA:4,_findById
FNDA:4,(anonymous_2)
FNDA:3,_findByEmail
FNDA:3,(anonymous_4)
FNDA:0,(anonymous_5)
FNDA:2,(anonymous_6)
FNDA:2,(anonymous_7)
FNDA:2,(anonymous_8)
FNDA:3,(anonymous_9)
FNDA:3,(anonymous_10)
FNDA:2,(anonymous_11)
FNDA:0,(anonymous_12)
FNDA:2,(anonymous_13)
FNDA:2,(anonymous_14)
FNDA:1,(anonymous_15)
FNDA:0,(anonymous_16)
FNDA:0,(anonymous_17)
FNDA:0,(anonymous_18)
FNDA:0,(anonymous_19)
FNDA:0,(anonymous_20)
DA:1,1
DA:11,1
DA:12,4
DA:14,4
DA:15,4
DA:16,0
DA:17,0
DA:19,4
DA:22,4
DA:30,1
DA:31,3
DA:33,3
DA:34,3
DA:35,0
DA:36,0
DA:38,3
DA:41,3
DA:49,1
DA:50,0
DA:58,1
DA:59,2
DA:66,1
DA:67,2
DA:69,2
DA:70,2
DA:71,0
DA:72,0
DA:74,2
DA:77,2
DA:85,1
DA:86,3
DA:88,3
DA:89,3
DA:91,2
DA:93,2
DA:94,2
DA:95,0
DA:96,0
DA:98,2
DA:102,0
DA:105,3
DA:114,1
DA:115,2
DA:117,2
DA:118,2
DA:120,1
DA:121,1
DA:122,1
DA:123,1
DA:124,1
DA:126,1
DA:127,1
DA:128,0
DA:129,0
DA:131,1
DA:134,0
DA:137,2
DA:145,1
DA:146,0
DA:148,0
DA:149,0
DA:151,0
DA:152,0
DA:153,0
DA:154,0
DA:156,0
DA:160,0
DA:163,0
DA:167,1
DA:169,1
LF:70
LH:47
BRDA:15,1,0,0
BRDA:15,1,1,4
BRDA:34,2,0,0
BRDA:34,2,1,3
BRDA:70,3,0,0
BRDA:70,3,1,2
BRDA:89,4,0,1
BRDA:89,4,1,2
BRDA:94,5,0,0
BRDA:94,5,1,2
BRDA:118,6,0,1
BRDA:118,6,1,1
BRDA:120,7,0,1
BRDA:120,7,1,0
BRDA:121,8,0,1
BRDA:121,8,1,0
BRDA:122,9,0,1
BRDA:122,9,1,0
BRDA:123,10,0,1
BRDA:123,10,1,0
BRDA:124,11,0,1
BRDA:124,11,1,0
BRDA:127,12,0,0
BRDA:127,12,1,1
BRDA:149,13,0,0
BRDA:149,13,1,0
BRDA:152,14,0,0
BRDA:152,14,1,0
BRF:28
BRH:14
end_of_record
TN:
SF:C:\Users\AcaHE\Desktop\diplomski\projekat\transportApp\model\driver\schema.js
FN:3,(anonymous_1)
FNF:1
FNH:1
FNDA:1,(anonymous_1)
DA:1,1
DA:3,1
DA:4,1
DA:42,1
LF:4
LH:4
BRF:0
BRH:0
end_of_record
TN:
SF:C:\Users\AcaHE\Desktop\diplomski\projekat\transportApp\model\manager\model.js
FN:9,(anonymous_1)
FN:13,(anonymous_2)
FN:22,_findByEmail
FN:24,(anonymous_4)
FN:40,_findById
FN:43,(anonymous_6)
FN:59,(anonymous_7)
FN:68,(anonymous_8)
FN:76,(anonymous_9)
FN:79,(anonymous_10)
FN:83,(anonymous_11)
FN:91,(anonymous_12)
FN:102,(anonymous_13)
FN:104,(anonymous_14)
FN:116,(anonymous_15)
FN:128,(anonymous_16)
FN:130,(anonymous_17)
FN:142,(anonymous_18)
FN:153,(anonymous_19)
FN:163,(anonymous_20)
FN:165,(anonymous_21)
FN:177,(anonymous_22)
FN:180,(anonymous_23)
FN:183,(anonymous_24)
FN:191,(anonymous_25)
FNF:25
FNH:17
FNDA:1,(anonymous_1)
FNDA:2,(anonymous_2)
FNDA:3,_findByEmail
FNDA:3,(anonymous_4)
FNDA:76,_findById
FNDA:76,(anonymous_6)
FNDA:0,(anonymous_7)
FNDA:73,(anonymous_8)
FNDA:1,(anonymous_9)
FNDA:1,(anonymous_10)
FNDA:1,(anonymous_11)
FNDA:0,(anonymous_12)
FNDA:2,(anonymous_13)
FNDA:2,(anonymous_14)
FNDA:0,(anonymous_15)
FNDA:3,(anonymous_16)
FNDA:3,(anonymous_17)
FNDA:2,(anonymous_18)
FNDA:0,(anonymous_19)
FNDA:1,(anonymous_20)
FNDA:1,(anonymous_21)
FNDA:0,(anonymous_22)
FNDA:0,(anonymous_23)
FNDA:0,(anonymous_24)
FNDA:0,(anonymous_25)
DA:1,1
DA:9,1
DA:10,1
DA:13,1
DA:14,2
DA:22,1
DA:23,3
DA:24,3
DA:25,3
DA:26,0
DA:27,0
DA:29,3
DA:32,3
DA:40,1
DA:41,76
DA:43,76
DA:44,76
DA:45,0
DA:46,0
DA:48,76
DA:51,76
DA:59,1
DA:60,0
DA:68,1
DA:69,73
DA:76,1
DA:77,1
DA:78,1
DA:79,1
DA:80,1
DA:81,1
DA:83,1
DA:84,1
DA:85,0
DA:86,0
DA:88,1
DA:92,0
DA:95,1
DA:102,1
DA:103,2
DA:104,2
DA:105,2
DA:106,1
DA:108,1
DA:112,1
DA:113,1
DA:114,1
DA:117,0
DA:119,2
DA:128,1
DA:129,3
DA:130,3
DA:131,3
DA:133,2
DA:134,2
DA:135,2
DA:137,2
DA:139,0
DA:142,2
DA:143,2
DA:144,0
DA:145,0
DA:147,2
DA:148,2
DA:149,2
DA:154,0
DA:156,3
DA:163,1
DA:164,1
DA:165,1
DA:166,1
DA:167,1
DA:169,1
DA:177,1
DA:178,0
DA:180,0
DA:181,0
DA:183,0
DA:184,0
DA:185,0
DA:186,0
DA:188,0
DA:192,0
DA:195,0
DA:198,1
DA:200,1
LF:86
LH:63
BRDA:25,1,0,0
BRDA:25,1,1,3
BRDA:44,2,0,0
BRDA:44,2,1,76
BRDA:80,3,0,0
BRDA:80,3,1,1
BRDA:84,4,0,0
BRDA:84,4,1,1
BRDA:105,5,0,1
BRDA:105,5,1,1
BRDA:131,6,0,1
BRDA:131,6,1,2
BRDA:133,7,0,2
BRDA:133,7,1,0
BRDA:134,8,0,2
BRDA:134,8,1,0
BRDA:135,9,0,2
BRDA:135,9,1,0
BRDA:137,10,0,0
BRDA:137,10,1,2
BRDA:139,11,0,0
BRDA:139,11,1,0
BRDA:143,12,0,0
BRDA:143,12,1,2
BRDA:166,13,0,0
BRDA:166,13,1,1
BRDA:181,14,0,0
BRDA:181,14,1,0
BRDA:184,15,0,0
BRDA:184,15,1,0
BRF:30
BRH:14
end_of_record
TN:
SF:C:\Users\AcaHE\Desktop\diplomski\projekat\transportApp\model\manager\schema.js
FN:3,(anonymous_1)
FNF:1
FNH:1
FNDA:1,(anonymous_1)
DA:1,1
DA:3,1
DA:4,1
DA:42,1
LF:4
LH:4
BRF:0
BRH:0
end_of_record
TN:
SF:C:\Users\AcaHE\Desktop\diplomski\projekat\transportApp\model\vehicleExpense\model.js
FN:11,_findById
FN:16,(anonymous_2)
FN:32,(anonymous_3)
FN:40,(anonymous_4)
FN:43,(anonymous_5)
FN:59,_findExpensesForVehicle
FN:62,(anonymous_7)
FN:78,(anonymous_8)
FN:88,(anonymous_9)
FN:94,(anonymous_10)
FN:111,(anonymous_11)
FN:114,(anonymous_12)
FN:123,(anonymous_13)
FN:131,(anonymous_14)
FN:143,(anonymous_15)
FN:146,(anonymous_16)
FN:149,(anonymous_17)
FN:156,(anonymous_18)
FNF:18
FNH:11
FNDA:4,_findById
FNDA:4,(anonymous_2)
FNDA:2,(anonymous_3)
FNDA:0,(anonymous_4)
FNDA:0,(anonymous_5)
FNDA:2,_findExpensesForVehicle
FNDA:2,(anonymous_7)
FNDA:2,(anonymous_8)
FNDA:1,(anonymous_9)
FNDA:1,(anonymous_10)
FNDA:2,(anonymous_11)
FNDA:2,(anonymous_12)
FNDA:1,(anonymous_13)
FNDA:0,(anonymous_14)
FNDA:0,(anonymous_15)
FNDA:0,(anonymous_16)
FNDA:0,(anonymous_17)
FNDA:0,(anonymous_18)
DA:1,1
DA:11,1
DA:12,4
DA:14,4
DA:16,4
DA:17,4
DA:18,0
DA:19,0
DA:21,4
DA:24,4
DA:32,1
DA:33,2
DA:40,1
DA:41,0
DA:43,0
DA:44,0
DA:45,0
DA:46,0
DA:48,0
DA:51,0
DA:59,1
DA:60,2
DA:62,2
DA:63,2
DA:64,0
DA:65,0
DA:67,2
DA:70,2
DA:78,1
DA:79,2
DA:88,1
DA:89,1
DA:91,1
DA:92,1
DA:94,1
DA:95,1
DA:96,0
DA:97,0
DA:99,1
DA:102,1
DA:111,1
DA:112,2
DA:114,2
DA:115,2
DA:118,1
DA:119,1
DA:120,1
DA:121,1
DA:123,1
DA:124,1
DA:125,0
DA:126,0
DA:128,1
DA:132,0
DA:135,2
DA:143,1
DA:144,0
DA:146,0
DA:147,0
DA:149,0
DA:150,0
DA:151,0
DA:152,0
DA:154,0
DA:157,0
DA:160,0
DA:164,1
DA:166,1
LF:68
LH:42
BRDA:14,1,0,0
BRDA:14,1,1,4
BRDA:17,2,0,0
BRDA:17,2,1,4
BRDA:44,3,0,0
BRDA:44,3,1,0
BRDA:63,4,0,0
BRDA:63,4,1,2
BRDA:95,5,0,0
BRDA:95,5,1,1
BRDA:115,6,0,1
BRDA:115,6,1,1
BRDA:118,7,0,1
BRDA:118,7,1,0
BRDA:119,8,0,1
BRDA:119,8,1,0
BRDA:120,9,0,0
BRDA:120,9,1,1
BRDA:121,10,0,0
BRDA:121,10,1,1
BRDA:124,11,0,0
BRDA:124,11,1,1
BRDA:147,12,0,0
BRDA:147,12,1,0
BRDA:150,13,0,0
BRDA:150,13,1,0
BRF:26
BRH:11
end_of_record
TN:
SF:C:\Users\AcaHE\Desktop\diplomski\projekat\transportApp\model\vehicleExpense\schema.js
FN:3,(anonymous_1)
FNF:1
FNH:1
FNDA:1,(anonymous_1)
DA:1,1
DA:3,1
DA:4,1
DA:35,1
LF:4
LH:4
BRF:0
BRH:0
end_of_record
TN:
SF:C:\Users\AcaHE\Desktop\diplomski\projekat\transportApp\model\destination\model.js
FN:12,_findById
FN:15,(anonymous_2)
FN:32,_findByIdManager
FN:35,(anonymous_4)
FN:55,_findByManagerId
FN:58,(anonymous_6)
FN:74,_findByVehicleId
FN:77,(anonymous_8)
FN:93,(anonymous_9)
FN:103,(anonymous_10)
FN:112,(anonymous_11)
FN:121,(anonymous_12)
FN:130,(anonymous_13)
FN:138,(anonymous_14)
FN:141,(anonymous_15)
FN:156,(anonymous_16)
FN:159,(anonymous_17)
FN:176,(anonymous_18)
FN:182,(anonymous_19)
FN:200,(anonymous_20)
FN:203,(anonymous_21)
FN:215,(anonymous_22)
FN:223,(anonymous_23)
FN:236,(anonymous_24)
FN:239,(anonymous_25)
FN:242,(anonymous_26)
FN:250,(anonymous_27)
FN:264,_checkDestinationsForDriver
FN:267,(anonymous_29)
FN:285,(anonymous_30)
FN:296,(anonymous_31)
FN:299,(anonymous_32)
FN:304,(anonymous_33)
FN:312,(anonymous_34)
FN:326,_checkDestinationsForVehicle
FN:329,(anonymous_36)
FN:347,(anonymous_37)
FN:358,(anonymous_38)
FN:361,(anonymous_39)
FN:366,(anonymous_40)
FN:374,(anonymous_41)
FNF:41
FNH:25
FNDA:0,_findById
FNDA:0,(anonymous_2)
FNDA:10,_findByIdManager
FNDA:10,(anonymous_4)
FNDA:1,_findByManagerId
FNDA:1,(anonymous_6)
FNDA:0,_findByVehicleId
FNDA:0,(anonymous_8)
FNDA:0,(anonymous_9)
FNDA:4,(anonymous_10)
FNDA:1,(anonymous_11)
FNDA:0,(anonymous_12)
FNDA:0,(anonymous_13)
FNDA:0,(anonymous_14)
FNDA:0,(anonymous_15)
FNDA:1,(anonymous_16)
FNDA:1,(anonymous_17)
FNDA:2,(anonymous_18)
FNDA:2,(anonymous_19)
FNDA:2,(anonymous_20)
FNDA:2,(anonymous_21)
FNDA:1,(anonymous_22)
FNDA:0,(anonymous_23)
FNDA:0,(anonymous_24)
FNDA:0,(anonymous_25)
FNDA:0,(anonymous_26)
FNDA:0,(anonymous_27)
FNDA:4,_checkDestinationsForDriver
FNDA:4,(anonymous_29)
FNDA:4,(anonymous_30)
FNDA:2,(anonymous_31)
FNDA:2,(anonymous_32)
FNDA:1,(anonymous_33)
FNDA:0,(anonymous_34)
FNDA:2,_checkDestinationsForVehicle
FNDA:2,(anonymous_36)
FNDA:2,(anonymous_37)
FNDA:2,(anonymous_38)
FNDA:2,(anonymous_39)
FNDA:1,(anonymous_40)
FNDA:0,(anonymous_41)
DA:1,1
DA:12,1
DA:13,0
DA:15,0
DA:16,0
DA:17,0
DA:18,0
DA:20,0
DA:23,0
DA:32,1
DA:33,10
DA:35,10
DA:36,10
DA:37,0
DA:38,0
DA:40,10
DA:41,5
DA:44,10
DA:47,10
DA:55,1
DA:56,1
DA:58,1
DA:59,1
DA:60,0
DA:61,0
DA:63,1
DA:66,1
DA:74,1
DA:75,0
DA:77,0
DA:78,0
DA:79,0
DA:80,0
DA:82,0
DA:85,0
DA:93,1
DA:94,0
DA:103,1
DA:104,4
DA:112,1
DA:113,1
DA:121,1
DA:122,0
DA:130,1
DA:131,0
DA:138,1
DA:139,0
DA:141,0
DA:142,0
DA:143,0
DA:144,0
DA:146,0
DA:149,0
DA:156,1
DA:157,1
DA:159,1
DA:160,1
DA:161,0
DA:162,0
DA:164,1
DA:167,1
DA:176,1
DA:177,2
DA:179,2
DA:180,2
DA:182,2
DA:183,2
DA:184,0
DA:185,0
DA:187,2
DA:190,2
DA:200,1
DA:201,2
DA:203,2
DA:204,2
DA:206,1
DA:207,1
DA:208,1
DA:209,1
DA:210,1
DA:211,1
DA:212,1
DA:213,1
DA:215,1
DA:216,1
DA:217,0
DA:218,0
DA:220,1
DA:224,0
DA:227,2
DA:236,1
DA:237,0
DA:239,0
DA:240,0
DA:242,0
DA:243,0
DA:244,0
DA:245,0
DA:247,0
DA:251,0
DA:254,0
DA:264,1
DA:265,4
DA:267,4
DA:268,4
DA:269,0
DA:270,0
DA:272,4
DA:275,4
DA:285,1
DA:286,4
DA:296,1
DA:297,2
DA:299,2
DA:300,2
DA:302,1
DA:304,1
DA:305,1
DA:306,0
DA:307,0
DA:309,1
DA:313,0
DA:316,2
DA:326,1
DA:327,2
DA:329,2
DA:330,2
DA:331,0
DA:332,0
DA:334,2
DA:337,2
DA:347,1
DA:348,2
DA:358,1
DA:359,2
DA:361,2
DA:362,2
DA:364,1
DA:366,1
DA:367,1
DA:368,0
DA:369,0
DA:371,1
DA:375,0
DA:378,2
DA:381,1
DA:383,1
LF:147
LH:92
BRDA:16,1,0,0
BRDA:16,1,1,0
BRDA:36,2,0,0
BRDA:36,2,1,10
BRDA:40,3,0,5
BRDA:40,3,1,5
BRDA:41,4,0,0
BRDA:41,4,1,5
BRDA:59,5,0,0
BRDA:59,5,1,1
BRDA:78,6,0,0
BRDA:78,6,1,0
BRDA:142,7,0,0
BRDA:142,7,1,0
BRDA:160,8,0,0
BRDA:160,8,1,1
BRDA:183,9,0,0
BRDA:183,9,1,2
BRDA:204,10,0,1
BRDA:204,10,1,1
BRDA:206,11,0,0
BRDA:206,11,1,1
BRDA:207,12,0,0
BRDA:207,12,1,1
BRDA:208,13,0,1
BRDA:208,13,1,0
BRDA:209,14,0,1
BRDA:209,14,1,0
BRDA:210,15,0,0
BRDA:210,15,1,1
BRDA:211,16,0,1
BRDA:211,16,1,0
BRDA:212,17,0,0
BRDA:212,17,1,1
BRDA:213,18,0,0
BRDA:213,18,1,1
BRDA:216,19,0,0
BRDA:216,19,1,1
BRDA:240,20,0,0
BRDA:240,20,1,0
BRDA:243,21,0,0
BRDA:243,21,1,0
BRDA:268,22,0,0
BRDA:268,22,1,4
BRDA:300,23,0,1
BRDA:300,23,1,1
BRDA:305,24,0,0
BRDA:305,24,1,1
BRDA:330,25,0,0
BRDA:330,25,1,2
BRDA:362,26,0,1
BRDA:362,26,1,1
BRDA:367,27,0,0
BRDA:367,27,1,1
BRF:54
BRH:26
end_of_record
TN:
SF:C:\Users\AcaHE\Desktop\diplomski\projekat\transportApp\model\destination\schema.js
FN:3,(anonymous_1)
FNF:1
FNH:1
FNDA:1,(anonymous_1)
DA:1,1
DA:3,1
DA:4,1
DA:78,1
LF:4
LH:4
BRF:0
BRH:0
end_of_record
TN:
SF:C:\Users\AcaHE\Desktop\diplomski\projekat\transportApp\model\destinationRequest\model.js
FN:12,_findById
FN:17,(anonymous_2)
FN:33,_findByStatus
FN:38,(anonymous_4)
FN:54,_findByDestinationId
FN:59,(anonymous_6)
FN:75,_findByUserId
FN:80,(anonymous_8)
FN:96,(anonymous_9)
FN:105,(anonymous_10)
FN:114,(anonymous_11)
FN:123,(anonymous_12)
FN:131,(anonymous_13)
FN:134,(anonymous_14)
FN:149,_findAllSubmitted
FN:154,(anonymous_16)
FN:169,(anonymous_17)
FN:179,(anonymous_18)
FN:185,(anonymous_19)
FN:202,(anonymous_20)
FN:205,(anonymous_21)
FN:221,(anonymous_22)
FN:229,(anonymous_23)
FN:241,(anonymous_24)
FN:244,(anonymous_25)
FN:249,(anonymous_26)
FN:257,(anonymous_27)
FN:269,(anonymous_28)
FN:272,(anonymous_29)
FN:285,(anonymous_30)
FN:293,(anonymous_31)
FN:306,(anonymous_32)
FN:309,(anonymous_33)
FN:322,(anonymous_34)
FN:330,(anonymous_35)
FN:342,(anonymous_36)
FN:345,(anonymous_37)
FN:353,(anonymous_38)
FN:361,(anonymous_39)
FN:373,(anonymous_40)
FN:376,(anonymous_41)
FN:382,(anonymous_42)
FN:390,(anonymous_43)
FN:403,(anonymous_44)
FN:411,(anonymous_45)
FN:425,(anonymous_46)
FN:438,(anonymous_47)
FN:453,(anonymous_48)
FN:461,(anonymous_49)
FN:481,(anonymous_50)
FNF:50
FNH:25
FNDA:10,_findById
FNDA:10,(anonymous_2)
FNDA:0,_findByStatus
FNDA:0,(anonymous_4)
FNDA:1,_findByDestinationId
FNDA:1,(anonymous_6)
FNDA:1,_findByUserId
FNDA:1,(anonymous_8)
FNDA:0,(anonymous_9)
FNDA:0,(anonymous_10)
FNDA:1,(anonymous_11)
FNDA:1,(anonymous_12)
FNDA:0,(anonymous_13)
FNDA:0,(anonymous_14)
FNDA:1,_findAllSubmitted
FNDA:1,(anonymous_16)
FNDA:1,(anonymous_17)
FNDA:5,(anonymous_18)
FNDA:5,(anonymous_19)
FNDA:0,(anonymous_20)
FNDA:0,(anonymous_21)
FNDA:0,(anonymous_22)
FNDA:0,(anonymous_23)
FNDA:0,(anonymous_24)
FNDA:0,(anonymous_25)
FNDA:0,(anonymous_26)
FNDA:0,(anonymous_27)
FNDA:2,(anonymous_28)
FNDA:2,(anonymous_29)
FNDA:1,(anonymous_30)
FNDA:0,(anonymous_31)
FNDA:3,(anonymous_32)
FNDA:3,(anonymous_33)
FNDA:1,(anonymous_34)
FNDA:0,(anonymous_35)
FNDA:3,(anonymous_36)
FNDA:3,(anonymous_37)
FNDA:1,(anonymous_38)
FNDA:0,(anonymous_39)
FNDA:2,(anonymous_40)
FNDA:2,(anonymous_41)
FNDA:1,(anonymous_42)
FNDA:0,(anonymous_43)
FNDA:0,(anonymous_44)
FNDA:0,(anonymous_45)
FNDA:0,(anonymous_46)
FNDA:0,(anonymous_47)
FNDA:0,(anonymous_48)
FNDA:0,(anonymous_49)
FNDA:0,(anonymous_50)
DA:1,1
DA:12,1
DA:13,10
DA:15,10
DA:18,10
DA:19,0
DA:20,0
DA:22,10
DA:25,10
DA:33,1
DA:34,0
DA:36,0
DA:39,0
DA:40,0
DA:41,0
DA:43,0
DA:46,0
DA:54,1
DA:55,1
DA:57,1
DA:60,1
DA:61,0
DA:62,0
DA:64,1
DA:67,1
DA:75,1
DA:76,1
DA:78,1
DA:81,1
DA:82,0
DA:83,0
DA:85,1
DA:88,1
DA:96,1
DA:97,0
DA:105,1
DA:106,0
DA:114,1
DA:115,1
DA:123,1
DA:124,1
DA:131,1
DA:132,0
DA:134,0
DA:135,0
DA:136,0
DA:137,0
DA:139,0
DA:142,0
DA:149,1
DA:150,1
DA:152,1
DA:155,1
DA:156,0
DA:157,0
DA:159,1
DA:162,1
DA:169,1
DA:170,1
DA:179,1
DA:180,5
DA:182,5
DA:183,5
DA:185,5
DA:186,5
DA:187,0
DA:188,0
DA:190,5
DA:193,5
DA:202,1
DA:203,0
DA:205,0
DA:206,0
DA:208,0
DA:209,0
DA:210,0
DA:211,0
DA:212,0
DA:213,0
DA:214,0
DA:215,0
DA:216,0
DA:217,0
DA:218,0
DA:219,0
DA:221,0
DA:222,0
DA:223,0
DA:224,0
DA:226,0
DA:230,0
DA:233,0
DA:241,1
DA:242,0
DA:244,0
DA:245,0
DA:247,0
DA:250,0
DA:251,0
DA:252,0
DA:254,0
DA:258,0
DA:261,0
DA:269,1
DA:270,2
DA:272,2
DA:273,2
DA:275,1
DA:276,1
DA:279,1
DA:280,1
DA:281,1
DA:282,1
DA:283,1
DA:285,1
DA:286,1
DA:287,0
DA:288,0
DA:290,1
DA:294,0
DA:297,2
DA:306,1
DA:307,3
DA:309,3
DA:310,3
DA:312,2
DA:314,1
DA:315,1
DA:316,1
DA:317,1
DA:318,1
DA:319,1
DA:320,1
DA:322,1
DA:323,1
DA:324,0
DA:325,0
DA:327,1
DA:331,0
DA:334,3
DA:342,1
DA:343,3
DA:345,3
DA:346,3
DA:348,2
DA:350,1
DA:351,1
DA:353,1
DA:354,1
DA:355,0
DA:356,0
DA:358,1
DA:362,0
DA:365,3
DA:373,1
DA:374,2
DA:376,2
DA:377,2
DA:379,1
DA:380,1
DA:382,1
DA:383,1
DA:384,0
DA:385,0
DA:387,1
DA:391,0
DA:394,2
DA:403,1
DA:404,0
DA:406,0
DA:408,0
DA:409,0
DA:411,0
DA:412,0
DA:414,0
DA:415,0
DA:416,0
DA:417,0
DA:418,0
DA:419,0
DA:421,0
DA:422,0
DA:425,0
DA:426,0
DA:427,0
DA:428,0
DA:431,0
DA:433,0
DA:434,0
DA:439,0
DA:444,0
DA:453,1
DA:454,0
DA:456,0
DA:458,0
DA:459,0
DA:461,0
DA:463,0
DA:465,0
DA:466,0
DA:468,0
DA:471,0
DA:474,0
DA:477,0
DA:478,0
DA:482,0
DA:487,0
DA:490,1
DA:492,1
LF:209
LH:101
BRDA:18,1,0,0
BRDA:18,1,1,10
BRDA:39,2,0,0
BRDA:39,2,1,0
BRDA:60,3,0,0
BRDA:60,3,1,1
BRDA:81,4,0,0
BRDA:81,4,1,1
BRDA:135,5,0,0
BRDA:135,5,1,0
BRDA:155,6,0,0
BRDA:155,6,1,1
BRDA:186,7,0,0
BRDA:186,7,1,5
BRDA:206,8,0,0
BRDA:206,8,1,0
BRDA:208,9,0,0
BRDA:208,9,1,0
BRDA:209,10,0,0
BRDA:209,10,1,0
BRDA:210,11,0,0
BRDA:210,11,1,0
BRDA:211,12,0,0
BRDA:211,12,1,0
BRDA:212,13,0,0
BRDA:212,13,1,0
BRDA:213,14,0,0
BRDA:213,14,1,0
BRDA:214,15,0,0
BRDA:214,15,1,0
BRDA:215,16,0,0
BRDA:215,16,1,0
BRDA:216,17,0,0
BRDA:216,17,1,0
BRDA:217,18,0,0
BRDA:217,18,1,0
BRDA:218,19,0,0
BRDA:218,19,1,0
BRDA:219,20,0,0
BRDA:219,20,1,0
BRDA:222,21,0,0
BRDA:222,21,1,0
BRDA:245,22,0,0
BRDA:245,22,1,0
BRDA:250,23,0,0
BRDA:250,23,1,0
BRDA:273,24,0,1
BRDA:273,24,1,1
BRDA:275,25,0,1
BRDA:275,25,1,0
BRDA:286,26,0,0
BRDA:286,26,1,1
BRDA:310,27,0,1
BRDA:310,27,1,2
BRDA:312,28,0,1
BRDA:312,28,1,1
BRDA:320,29,0,0
BRDA:320,29,1,1
BRDA:323,30,0,0
BRDA:323,30,1,1
BRDA:346,31,0,1
BRDA:346,31,1,2
BRDA:348,32,0,1
BRDA:348,32,1,1
BRDA:354,33,0,0
BRDA:354,33,1,1
BRDA:377,34,0,1
BRDA:377,34,1,1
BRDA:383,35,0,0
BRDA:383,35,1,1
BRDA:412,36,0,0
BRDA:412,36,1,0
BRDA:421,37,0,0
BRDA:421,37,1,0
BRDA:426,38,0,0
BRDA:426,38,1,0
BRDA:433,39,0,0
BRDA:433,39,1,0
BRDA:463,40,0,0
BRDA:463,40,1,0
BRDA:465,41,0,0
BRDA:465,41,1,0
BRDA:466,42,0,0
BRDA:466,42,1,0
BRDA:466,43,0,0
BRDA:466,43,1,0
BRDA:477,44,0,0
BRDA:477,44,1,0
BRF:88
BRH:23
end_of_record
TN:
SF:C:\Users\AcaHE\Desktop\diplomski\projekat\transportApp\model\destinationRequest\schema.js
FN:3,(anonymous_1)
FNF:1
FNH:1
FNDA:1,(anonymous_1)
DA:1,1
DA:3,1
DA:4,1
DA:93,1
LF:4
LH:4
BRF:0
BRH:0
end_of_record
TN:
SF:C:\Users\AcaHE\Desktop\diplomski\projekat\transportApp\lib\constants.js
FNF:0
FNH:0
DA:1,1
DA:10,1
LF:2
LH:2
BRF:0
BRH:0
end_of_record
TN:
SF:C:\Users\AcaHE\Desktop\diplomski\projekat\transportApp\middleware\authMiddleware.js
FN:9,(anonymous_1)
FN:14,(anonymous_2)
FN:37,(anonymous_3)
FN:42,(anonymous_4)
FN:65,(anonymous_5)
FN:70,(anonymous_6)
FN:93,(anonymous_7)
FN:94,(anonymous_8)
FN:97,(anonymous_9)
FN:102,(anonymous_10)
FN:103,(anonymous_11)
FN:106,(anonymous_12)
FN:111,(anonymous_13)
FN:112,(anonymous_14)
FN:115,(anonymous_15)
FNF:15
FNH:12
FNDA:61,(anonymous_1)
FNDA:46,(anonymous_2)
FNDA:93,(anonymous_3)
FNDA:71,(anonymous_4)
FNDA:25,(anonymous_5)
FNDA:20,(anonymous_6)
FNDA:46,(anonymous_7)
FNDA:46,(anonymous_8)
FNDA:0,(anonymous_9)
FNDA:71,(anonymous_10)
FNDA:71,(anonymous_11)
FNDA:0,(anonymous_12)
FNDA:20,(anonymous_13)
FNDA:20,(anonymous_14)
FNDA:0,(anonymous_15)
DA:1,1
DA:7,1
DA:11,61
DA:12,61
DA:14,46
DA:15,46
DA:16,0
DA:17,0
DA:19,0
DA:22,46
DA:23,0
DA:25,46
DA:26,0
DA:28,46
DA:29,0
DA:33,46
DA:39,93
DA:40,93
DA:42,71
DA:43,71
DA:44,0
DA:45,0
DA:47,0
DA:50,71
DA:51,0
DA:53,71
DA:54,0
DA:56,71
DA:57,0
DA:61,71
DA:67,25
DA:68,25
DA:70,20
DA:71,20
DA:72,0
DA:73,0
DA:75,0
DA:78,20
DA:79,0
DA:81,20
DA:82,0
DA:84,20
DA:85,0
DA:89,20
DA:94,46
DA:95,46
DA:96,31
DA:98,0
DA:103,71
DA:104,71
DA:105,49
DA:107,0
DA:112,20
DA:113,20
DA:114,15
DA:116,0
DA:123,1
LF:57
LH:36
BRDA:12,1,0,15
BRDA:12,1,1,46
BRDA:15,2,0,0
BRDA:15,2,1,46
BRDA:16,3,0,0
BRDA:16,3,1,0
BRDA:22,4,0,0
BRDA:22,4,1,46
BRDA:25,5,0,0
BRDA:25,5,1,46
BRDA:28,6,0,0
BRDA:28,6,1,46
BRDA:40,7,0,22
BRDA:40,7,1,71
BRDA:43,8,0,0
BRDA:43,8,1,71
BRDA:44,9,0,0
BRDA:44,9,1,0
BRDA:50,10,0,0
BRDA:50,10,1,71
BRDA:53,11,0,0
BRDA:53,11,1,71
BRDA:56,12,0,0
BRDA:56,12,1,71
BRDA:68,13,0,5
BRDA:68,13,1,20
BRDA:71,14,0,0
BRDA:71,14,1,20
BRDA:72,15,0,0
BRDA:72,15,1,0
BRDA:78,16,0,0
BRDA:78,16,1,20
BRDA:81,17,0,0
BRDA:81,17,1,20
BRDA:84,18,0,0
BRDA:84,18,1,20
BRDA:95,19,0,15
BRDA:95,19,1,31
BRDA:104,20,0,22
BRDA:104,20,1,49
BRDA:113,21,0,5
BRDA:113,21,1,15
BRF:42
BRH:24
end_of_record
TN:
SF:C:\Users\AcaHE\Desktop\diplomski\projekat\transportApp\model\user\model.js
FN:9,(anonymous_1)
FN:13,(anonymous_2)
FN:22,(anonymous_3)
FN:25,(anonymous_4)
FN:41,(anonymous_5)
FN:44,(anonymous_6)
FN:60,(anonymous_7)
FN:63,(anonymous_8)
FN:79,(anonymous_9)
FN:88,(anonymous_10)
FN:96,(anonymous_11)
FN:99,(anonymous_12)
FN:115,(anonymous_13)
FN:124,(anonymous_14)
FN:128,(anonymous_15)
FN:132,(anonymous_16)
FN:140,(anonymous_17)
FN:152,(anonymous_18)
FN:155,(anonymous_19)
FN:166,(anonymous_20)
FN:178,(anonymous_21)
FN:181,(anonymous_22)
FN:190,(anonymous_23)
FN:200,(anonymous_24)
FN:212,(anonymous_25)
FN:215,(anonymous_26)
FN:218,(anonymous_27)
FN:226,(anonymous_28)
FN:238,(anonymous_29)
FN:241,(anonymous_30)
FN:248,(anonymous_31)
FN:258,(anonymous_32)
FN:270,(anonymous_33)
FN:273,(anonymous_34)
FN:280,(anonymous_35)
FN:291,(anonymous_36)
FN:303,(anonymous_37)
FN:306,(anonymous_38)
FN:314,(anonymous_39)
FN:324,(anonymous_40)
FNF:40
FNH:26
FNDA:3,(anonymous_1)
FNDA:3,(anonymous_2)
FNDA:32,(anonymous_3)
FNDA:32,(anonymous_4)
FNDA:5,(anonymous_5)
FNDA:5,(anonymous_6)
FNDA:0,(anonymous_7)
FNDA:0,(anonymous_8)
FNDA:26,(anonymous_9)
FNDA:0,(anonymous_10)
FNDA:1,(anonymous_11)
FNDA:1,(anonymous_12)
FNDA:0,(anonymous_13)
FNDA:3,(anonymous_14)
FNDA:3,(anonymous_15)
FNDA:2,(anonymous_16)
FNDA:0,(anonymous_17)
FNDA:2,(anonymous_18)
FNDA:2,(anonymous_19)
FNDA:0,(anonymous_20)
FNDA:0,(anonymous_21)
FNDA:0,(anonymous_22)
FNDA:0,(anonymous_23)
FNDA:0,(anonymous_24)
FNDA:2,(anonymous_25)
FNDA:2,(anonymous_26)
FNDA:1,(anonymous_27)
FNDA:0,(anonymous_28)
FNDA:1,(anonymous_29)
FNDA:1,(anonymous_30)
FNDA:1,(anonymous_31)
FNDA:0,(anonymous_32)
FNDA:2,(anonymous_33)
FNDA:2,(anonymous_34)
FNDA:1,(anonymous_35)
FNDA:0,(anonymous_36)
FNDA:1,(anonymous_37)
FNDA:1,(anonymous_38)
FNDA:1,(anonymous_39)
FNDA:0,(anonymous_40)
DA:1,1
DA:9,1
DA:10,3
DA:13,1
DA:14,3
DA:22,1
DA:23,32
DA:25,32
DA:26,32
DA:27,0
DA:28,0
DA:30,32
DA:33,32
DA:41,1
DA:42,5
DA:44,5
DA:45,5
DA:46,0
DA:47,0
DA:49,5
DA:52,5
DA:60,1
DA:61,0
DA:63,0
DA:64,0
DA:65,0
DA:66,0
DA:68,0
DA:71,0
DA:79,1
DA:80,26
DA:88,1
DA:89,0
DA:96,1
DA:97,1
DA:99,1
DA:100,1
DA:101,0
DA:102,0
DA:104,1
DA:107,1
DA:115,1
DA:116,0
DA:124,1
DA:125,3
DA:126,3
DA:127,3
DA:128,3
DA:129,3
DA:131,2
DA:132,2
DA:133,2
DA:134,0
DA:135,0
DA:137,2
DA:141,0
DA:144,3
DA:152,1
DA:153,2
DA:155,2
DA:156,2
DA:158,1
DA:162,1
DA:163,1
DA:164,1
DA:167,0
DA:170,2
DA:178,1
DA:179,0
DA:181,0
DA:182,0
DA:184,0
DA:185,0
DA:186,0
DA:187,0
DA:188,0
DA:190,0
DA:191,0
DA:192,0
DA:193,0
DA:195,0
DA:196,0
DA:197,0
DA:201,0
DA:204,0
DA:212,1
DA:213,2
DA:215,2
DA:216,2
DA:218,1
DA:219,1
DA:220,0
DA:221,0
DA:223,1
DA:227,0
DA:230,2
DA:238,1
DA:239,1
DA:241,1
DA:242,1
DA:244,1
DA:246,1
DA:248,1
DA:249,1
DA:250,0
DA:251,0
DA:253,1
DA:254,1
DA:255,1
DA:259,0
DA:262,1
DA:270,1
DA:271,2
DA:273,2
DA:274,2
DA:276,2
DA:278,1
DA:280,1
DA:281,1
DA:282,0
DA:284,0
DA:286,1
DA:287,1
DA:288,1
DA:292,0
DA:295,2
DA:303,1
DA:304,1
DA:306,1
DA:307,1
DA:309,1
DA:310,1
DA:311,1
DA:312,1
DA:314,1
DA:315,1
DA:316,0
DA:317,0
DA:319,1
DA:320,1
DA:321,1
DA:325,0
DA:328,1
DA:331,1
DA:333,1
LF:145
LH:97
BRDA:26,1,0,0
BRDA:26,1,1,32
BRDA:45,2,0,0
BRDA:45,2,1,5
BRDA:64,3,0,0
BRDA:64,3,1,0
BRDA:100,4,0,0
BRDA:100,4,1,1
BRDA:129,5,0,1
BRDA:129,5,1,2
BRDA:133,6,0,0
BRDA:133,6,1,2
BRDA:156,7,0,1
BRDA:156,7,1,1
BRDA:182,8,0,0
BRDA:182,8,1,0
BRDA:184,9,0,0
BRDA:184,9,1,0
BRDA:185,10,0,0
BRDA:185,10,1,0
BRDA:186,11,0,0
BRDA:186,11,1,0
BRDA:187,12,0,0
BRDA:187,12,1,0
BRDA:188,13,0,0
BRDA:188,13,1,0
BRDA:191,14,0,0
BRDA:191,14,1,0
BRDA:216,15,0,1
BRDA:216,15,1,1
BRDA:219,16,0,0
BRDA:219,16,1,1
BRDA:242,17,0,0
BRDA:242,17,1,1
BRDA:244,18,0,0
BRDA:244,18,1,1
BRDA:249,19,0,0
BRDA:249,19,1,1
BRDA:274,20,0,0
BRDA:274,20,1,2
BRDA:276,21,0,1
BRDA:276,21,1,1
BRDA:281,22,0,0
BRDA:281,22,1,1
BRDA:307,23,0,0
BRDA:307,23,1,1
BRDA:315,24,0,0
BRDA:315,24,1,1
BRF:48
BRH:20
end_of_record
TN:
SF:C:\Users\AcaHE\Desktop\diplomski\projekat\transportApp\model\user\schema.js
FN:3,(anonymous_1)
FNF:1
FNH:1
FNDA:1,(anonymous_1)
DA:1,1
DA:3,1
DA:4,1
DA:53,1
LF:4
LH:4
BRF:0
BRH:0
end_of_record
TN:
SF:C:\Users\AcaHE\Desktop\diplomski\projekat\transportApp\services\module_manager\router.js
FNF:0
FNH:0
DA:1,1
DA:2,1
DA:3,1
DA:4,1
DA:28,1
DA:62,1
DA:103,1
DA:133,1
DA:169,1
DA:197,1
DA:228,1
DA:260,1
DA:280,1
DA:303,1
DA:340,1
DA:359,1
DA:394,1
DA:422,1
DA:457,1
DA:493,1
DA:516,1
DA:547,1
DA:578,1
DA:615,1
DA:653,1
DA:683,1
DA:722,1
DA:753,1
DA:784,1
DA:821,1
DA:849,1
DA:882,1
DA:915,1
DA:948,1
DA:980,1
DA:982,1
DA:984,1
LF:37
LH:37
BRF:0
BRH:0
end_of_record
TN:
SF:C:\Users\AcaHE\Desktop\diplomski\projekat\transportApp\services\module_manager\controller.js
FN:20,(anonymous_1)
FN:36,(anonymous_2)
FN:38,(anonymous_3)
FN:49,(anonymous_4)
FN:57,(anonymous_5)
FN:59,(anonymous_6)
FN:73,(anonymous_7)
FN:74,(anonymous_8)
FN:76,(anonymous_9)
FN:87,(anonymous_10)
FN:88,(anonymous_11)
FN:92,(anonymous_12)
FN:103,(anonymous_13)
FN:104,(anonymous_14)
FN:107,(anonymous_15)
FN:109,(anonymous_16)
FN:112,(anonymous_17)
FN:123,(anonymous_18)
FN:124,(anonymous_19)
FN:127,(anonymous_20)
FN:130,(anonymous_21)
FN:133,(anonymous_22)
FN:144,(anonymous_23)
FN:155,(anonymous_24)
FN:158,(anonymous_25)
FN:160,(anonymous_26)
FN:163,(anonymous_27)
FN:174,(anonymous_28)
FN:175,(anonymous_29)
FN:178,(anonymous_30)
FN:181,(anonymous_31)
FN:184,(anonymous_32)
FN:195,(anonymous_33)
FN:196,(anonymous_34)
FN:199,(anonymous_35)
FN:201,(anonymous_36)
FN:204,(anonymous_37)
FN:215,(anonymous_38)
FN:226,(anonymous_39)
FN:228,(anonymous_40)
FN:239,(anonymous_41)
FN:240,(anonymous_42)
FN:242,(anonymous_43)
FN:253,(anonymous_44)
FN:254,(anonymous_45)
FN:256,(anonymous_46)
FN:267,(anonymous_47)
FN:268,(anonymous_48)
FN:270,(anonymous_49)
FN:282,(anonymous_50)
FN:283,(anonymous_51)
FN:286,(anonymous_52)
FN:297,(anonymous_53)
FN:313,(anonymous_54)
FN:315,(anonymous_55)
FN:326,(anonymous_56)
FN:327,(anonymous_57)
FN:329,(anonymous_58)
FN:340,(anonymous_59)
FN:341,(anonymous_60)
FN:343,(anonymous_61)
FN:354,(anonymous_62)
FN:365,(anonymous_63)
FN:378,(anonymous_64)
FN:389,(anonymous_65)
FN:391,(anonymous_66)
FN:405,(anonymous_67)
FN:421,(anonymous_68)
FN:429,(anonymous_69)
FN:431,(anonymous_70)
FN:444,(anonymous_71)
FN:445,(anonymous_72)
FN:447,(anonymous_73)
FN:458,(anonymous_74)
FN:459,(anonymous_75)
FN:463,(anonymous_76)
FN:474,(anonymous_77)
FN:493,(anonymous_78)
FN:498,(anonymous_79)
FN:503,(anonymous_80)
FN:505,(anonymous_81)
FN:508,(anonymous_82)
FN:511,(anonymous_83)
FN:522,(anonymous_84)
FN:523,(anonymous_85)
FN:525,(anonymous_86)
FN:536,(anonymous_87)
FN:537,(anonymous_88)
FN:540,(anonymous_89)
FN:542,(anonymous_90)
FN:545,(anonymous_91)
FN:556,(anonymous_92)
FN:557,(anonymous_93)
FN:559,(anonymous_94)
FN:570,(anonymous_95)
FN:601,(anonymous_96)
FN:603,(anonymous_97)
FN:614,(anonymous_98)
FN:615,(anonymous_99)
FN:617,(anonymous_100)
FN:628,(anonymous_101)
FN:629,(anonymous_102)
FN:631,(anonymous_103)
FN:642,(anonymous_104)
FN:658,(anonymous_105)
FN:661,(anonymous_106)
FN:663,(anonymous_107)
FN:666,(anonymous_108)
FN:677,(anonymous_109)
FN:684,(anonymous_110)
FN:687,(anonymous_111)
FN:695,(anonymous_112)
FN:698,(anonymous_113)
FNF:113
FNH:65
FNDA:4,(anonymous_1)
FNDA:1,(anonymous_2)
FNDA:1,(anonymous_3)
FNDA:2,(anonymous_4)
FNDA:1,(anonymous_5)
FNDA:0,(anonymous_6)
FNDA:1,(anonymous_7)
FNDA:1,(anonymous_8)
FNDA:0,(anonymous_9)
FNDA:0,(anonymous_10)
FNDA:0,(anonymous_11)
FNDA:0,(anonymous_12)
FNDA:2,(anonymous_13)
FNDA:2,(anonymous_14)
FNDA:1,(anonymous_15)
FNDA:0,(anonymous_16)
FNDA:0,(anonymous_17)
FNDA:3,(anonymous_18)
FNDA:3,(anonymous_19)
FNDA:2,(anonymous_20)
FNDA:0,(anonymous_21)
FNDA:0,(anonymous_22)
FNDA:3,(anonymous_23)
FNDA:2,(anonymous_24)
FNDA:1,(anonymous_25)
FNDA:0,(anonymous_26)
FNDA:0,(anonymous_27)
FNDA:3,(anonymous_28)
FNDA:3,(anonymous_29)
FNDA:1,(anonymous_30)
FNDA:1,(anonymous_31)
FNDA:0,(anonymous_32)
FNDA:0,(anonymous_33)
FNDA:0,(anonymous_34)
FNDA:0,(anonymous_35)
FNDA:0,(anonymous_36)
FNDA:0,(anonymous_37)
FNDA:3,(anonymous_38)
FNDA:1,(anonymous_39)
FNDA:1,(anonymous_40)
FNDA:1,(anonymous_41)
FNDA:1,(anonymous_42)
FNDA:0,(anonymous_43)
FNDA:2,(anonymous_44)
FNDA:1,(anonymous_45)
FNDA:1,(anonymous_46)
FNDA:1,(anonymous_47)
FNDA:1,(anonymous_48)
FNDA:0,(anonymous_49)
FNDA:2,(anonymous_50)
FNDA:2,(anonymous_51)
FNDA:0,(anonymous_52)
FNDA:3,(anonymous_53)
FNDA:2,(anonymous_54)
FNDA:0,(anonymous_55)
FNDA:2,(anonymous_56)
FNDA:1,(anonymous_57)
FNDA:1,(anonymous_58)
FNDA:0,(anonymous_59)
FNDA:0,(anonymous_60)
FNDA:0,(anonymous_61)
FNDA:0,(anonymous_62)
FNDA:0,(anonymous_63)
FNDA:0,(anonymous_64)
FNDA:0,(anonymous_65)
FNDA:0,(anonymous_66)
FNDA:3,(anonymous_67)
FNDA:2,(anonymous_68)
FNDA:1,(anonymous_69)
FNDA:1,(anonymous_70)
FNDA:1,(anonymous_71)
FNDA:1,(anonymous_72)
FNDA:0,(anonymous_73)
FNDA:0,(anonymous_74)
FNDA:0,(anonymous_75)
FNDA:0,(anonymous_76)
FNDA:3,(anonymous_77)
FNDA:2,(anonymous_78)
FNDA:2,(anonymous_79)
FNDA:1,(anonymous_80)
FNDA:1,(anonymous_81)
FNDA:0,(anonymous_82)
FNDA:0,(anonymous_83)
FNDA:1,(anonymous_84)
FNDA:1,(anonymous_85)
FNDA:0,(anonymous_86)
FNDA:2,(anonymous_87)
FNDA:2,(anonymous_88)
FNDA:1,(anonymous_89)
FNDA:0,(anonymous_90)
FNDA:0,(anonymous_91)
FNDA:2,(anonymous_92)
FNDA:1,(anonymous_93)
FNDA:1,(anonymous_94)
FNDA:4,(anonymous_95)
FNDA:1,(anonymous_96)
FNDA:2,(anonymous_97)
FNDA:3,(anonymous_98)
FNDA:1,(anonymous_99)
FNDA:2,(anonymous_100)
FNDA:2,(anonymous_101)
FNDA:1,(anonymous_102)
FNDA:1,(anonymous_103)
FNDA:0,(anonymous_104)
FNDA:0,(anonymous_105)
FNDA:0,(anonymous_106)
FNDA:0,(anonymous_107)
FNDA:0,(anonymous_108)
FNDA:0,(anonymous_109)
FNDA:0,(anonymous_110)
FNDA:0,(anonymous_111)
FNDA:0,(anonymous_112)
FNDA:0,(anonymous_113)
DA:1,1
DA:2,1
DA:3,1
DA:4,1
DA:5,1
DA:6,1
DA:7,1
DA:8,1
DA:10,1
DA:20,1
DA:21,4
DA:22,0
DA:23,0
DA:26,4
DA:27,1
DA:28,1
DA:31,3
DA:32,1
DA:33,1
DA:36,2
DA:37,1
DA:39,1
DA:49,1
DA:50,2
DA:51,2
DA:52,1
DA:53,1
DA:57,1
DA:58,1
DA:60,0
DA:73,1
DA:74,1
DA:75,1
DA:77,0
DA:87,1
DA:88,0
DA:89,0
DA:91,0
DA:93,0
DA:103,1
DA:104,2
DA:105,2
DA:107,1
DA:108,1
DA:110,0
DA:113,0
DA:123,1
DA:124,3
DA:125,3
DA:127,2
DA:128,2
DA:129,1
DA:131,0
DA:134,0
DA:144,1
DA:145,3
DA:146,0
DA:147,0
DA:150,3
DA:151,1
DA:152,1
DA:155,2
DA:156,2
DA:158,1
DA:159,1
DA:161,0
DA:164,0
DA:174,1
DA:175,3
DA:176,3
DA:178,2
DA:179,1
DA:180,1
DA:182,1
DA:185,0
DA:195,1
DA:196,0
DA:197,0
DA:199,0
DA:200,0
DA:202,0
DA:205,0
DA:215,1
DA:216,3
DA:217,1
DA:218,1
DA:221,2
DA:222,0
DA:223,0
DA:226,2
DA:227,1
DA:229,1
DA:239,1
DA:240,1
DA:241,1
DA:243,0
DA:253,1
DA:254,2
DA:255,1
DA:257,1
DA:267,1
DA:268,1
DA:269,1
DA:271,0
DA:282,1
DA:283,2
DA:284,2
DA:285,1
DA:287,0
DA:297,1
DA:298,3
DA:299,0
DA:300,0
DA:303,3
DA:304,1
DA:305,1
DA:308,2
DA:309,0
DA:310,0
DA:313,2
DA:314,2
DA:316,0
DA:326,1
DA:327,2
DA:328,1
DA:330,1
DA:340,1
DA:341,0
DA:342,0
DA:344,0
DA:354,1
DA:355,0
DA:356,0
DA:357,0
DA:360,0
DA:361,0
DA:362,0
DA:365,0
DA:366,0
DA:368,0
DA:378,1
DA:379,0
DA:380,0
DA:381,0
DA:384,0
DA:385,0
DA:386,0
DA:389,0
DA:390,0
DA:392,0
DA:405,1
DA:406,3
DA:407,1
DA:408,1
DA:411,2
DA:412,0
DA:413,0
DA:416,2
DA:417,0
DA:418,0
DA:421,2
DA:422,2
DA:423,0
DA:425,0
DA:429,2
DA:430,1
DA:432,1
DA:444,1
DA:445,1
DA:446,1
DA:448,0
DA:458,1
DA:459,0
DA:460,0
DA:462,0
DA:464,0
DA:474,1
DA:475,3
DA:476,1
DA:477,1
DA:480,2
DA:481,0
DA:482,0
DA:485,2
DA:486,0
DA:487,0
DA:491,2
DA:493,2
DA:494,2
DA:495,0
DA:498,2
DA:499,2
DA:500,0
DA:503,2
DA:504,1
DA:506,1
DA:509,0
DA:512,0
DA:522,1
DA:523,1
DA:524,1
DA:526,0
DA:536,1
DA:537,2
DA:538,2
DA:540,1
DA:541,1
DA:543,0
DA:546,0
DA:556,1
DA:557,2
DA:558,1
DA:560,1
DA:570,1
DA:571,4
DA:572,0
DA:573,0
DA:576,4
DA:577,0
DA:578,0
DA:581,4
DA:582,1
DA:583,1
DA:586,3
DA:587,0
DA:588,0
DA:591,3
DA:592,0
DA:593,0
DA:596,3
DA:597,0
DA:598,0
DA:601,3
DA:602,1
DA:604,2
DA:614,1
DA:615,3
DA:616,1
DA:618,2
DA:628,1
DA:629,2
DA:630,1
DA:632,1
DA:642,1
DA:643,0
DA:644,0
DA:645,0
DA:648,0
DA:649,0
DA:650,0
DA:653,0
DA:654,0
DA:655,0
DA:658,0
DA:659,0
DA:661,0
DA:662,0
DA:664,0
DA:667,0
DA:677,1
DA:678,0
DA:679,0
DA:680,0
DA:683,0
DA:686,0
DA:689,0
DA:690,0
DA:691,0
DA:696,0
DA:699,0
LF:270
LH:159
BRDA:21,1,0,0
BRDA:21,1,1,4
BRDA:26,2,0,1
BRDA:26,2,1,3
BRDA:31,3,0,1
BRDA:31,3,1,2
BRDA:50,4,0,2
BRDA:50,4,1,0
BRDA:51,5,0,1
BRDA:51,5,1,1
BRDA:89,6,0,0
BRDA:89,6,1,0
BRDA:105,7,0,1
BRDA:105,7,1,1
BRDA:125,8,0,1
BRDA:125,8,1,2
BRDA:128,9,0,1
BRDA:128,9,1,1
BRDA:145,10,0,0
BRDA:145,10,1,3
BRDA:150,11,0,1
BRDA:150,11,1,2
BRDA:156,12,0,1
BRDA:156,12,1,1
BRDA:176,13,0,1
BRDA:176,13,1,2
BRDA:179,14,0,0
BRDA:179,14,1,1
BRDA:197,15,0,0
BRDA:197,15,1,0
BRDA:216,16,0,1
BRDA:216,16,1,2
BRDA:221,17,0,0
BRDA:221,17,1,2
BRDA:284,18,0,1
BRDA:284,18,1,1
BRDA:298,19,0,0
BRDA:298,19,1,3
BRDA:303,20,0,1
BRDA:303,20,1,2
BRDA:308,21,0,0
BRDA:308,21,1,2
BRDA:355,22,0,0
BRDA:355,22,1,0
BRDA:360,23,0,0
BRDA:360,23,1,0
BRDA:366,24,0,0
BRDA:366,24,1,0
BRDA:379,25,0,0
BRDA:379,25,1,0
BRDA:384,26,0,0
BRDA:384,26,1,0
BRDA:406,27,0,1
BRDA:406,27,1,2
BRDA:411,28,0,0
BRDA:411,28,1,2
BRDA:416,29,0,0
BRDA:416,29,1,2
BRDA:422,30,0,0
BRDA:422,30,1,2
BRDA:425,31,0,0
BRDA:425,31,1,0
BRDA:460,32,0,0
BRDA:460,32,1,0
BRDA:475,33,0,1
BRDA:475,33,1,2
BRDA:480,34,0,0
BRDA:480,34,1,2
BRDA:485,35,0,0
BRDA:485,35,1,2
BRDA:491,36,0,0
BRDA:491,36,1,2
BRDA:494,37,0,0
BRDA:494,37,1,2
BRDA:495,38,0,0
BRDA:495,38,1,0
BRDA:499,39,0,0
BRDA:499,39,1,2
BRDA:500,40,0,0
BRDA:500,40,1,0
BRDA:538,41,0,1
BRDA:538,41,1,1
BRDA:571,42,0,0
BRDA:571,42,1,4
BRDA:576,43,0,0
BRDA:576,43,1,4
BRDA:581,44,0,1
BRDA:581,44,1,3
BRDA:586,45,0,0
BRDA:586,45,1,3
BRDA:591,46,0,0
BRDA:591,46,1,3
BRDA:596,47,0,0
BRDA:596,47,1,3
BRDA:643,48,0,0
BRDA:643,48,1,0
BRDA:648,49,0,0
BRDA:648,49,1,0
BRDA:653,50,0,0
BRDA:653,50,1,0
BRDA:659,51,0,0
BRDA:659,51,1,0
BRDA:678,52,0,0
BRDA:678,52,1,0
BRF:104
BRH:52
end_of_record
TN:
SF:C:\Users\AcaHE\Desktop\diplomski\projekat\transportApp\model\notification\model.js
FN:12,(anonymous_1)
FN:30,(anonymous_2)
FNF:2
FNH:0
FNDA:0,(anonymous_1)
FNDA:0,(anonymous_2)
DA:1,1
DA:12,1
DA:13,0
DA:15,0
DA:17,0
DA:30,0
DA:31,0
DA:33,0
DA:35,0
DA:39,0
LF:10
LH:2
BRDA:31,1,0,0
BRDA:31,1,1,0
BRF:2
BRH:0
end_of_record
TN:
SF:C:\Users\AcaHE\Desktop\diplomski\projekat\transportApp\services\module_user\router.js
FNF:0
FNH:0
DA:1,1
DA:2,1
DA:3,1
DA:4,1
DA:36,1
DA:59,1
DA:96,1
DA:145,1
DA:169,1
DA:192,1
DA:216,1
DA:237,1
DA:257,1
DA:259,1
DA:261,1
LF:15
LH:15
BRF:0
BRH:0
end_of_record
TN:
SF:C:\Users\AcaHE\Desktop\diplomski\projekat\transportApp\services\module_user\controller.js
FN:15,(anonymous_1)
FN:31,(anonymous_2)
FN:33,(anonymous_3)
FN:44,(anonymous_4)
FN:60,(anonymous_5)
FN:62,(anonymous_6)
FN:75,(anonymous_7)
FN:86,(anonymous_8)
FN:89,(anonymous_9)
FN:91,(anonymous_10)
FN:94,(anonymous_11)
FN:105,(anonymous_12)
FN:106,(anonymous_13)
FN:109,(anonymous_14)
FN:111,(anonymous_15)
FN:114,(anonymous_16)
FN:125,(anonymous_17)
FN:146,(anonymous_18)
FN:148,(anonymous_19)
FN:159,(anonymous_20)
FN:170,(anonymous_21)
FN:172,(anonymous_22)
FN:183,(anonymous_23)
FN:204,(anonymous_24)
FN:206,(anonymous_25)
FN:217,(anonymous_26)
FN:218,(anonymous_27)
FN:220,(anonymous_28)
FN:231,(anonymous_29)
FN:232,(anonymous_30)
FN:234,(anonymous_31)
FNF:31
FNH:19
FNDA:5,(anonymous_1)
FNDA:2,(anonymous_2)
FNDA:1,(anonymous_3)
FNDA:4,(anonymous_4)
FNDA:1,(anonymous_5)
FNDA:1,(anonymous_6)
FNDA:6,(anonymous_7)
FNDA:5,(anonymous_8)
FNDA:5,(anonymous_9)
FNDA:0,(anonymous_10)
FNDA:0,(anonymous_11)
FNDA:1,(anonymous_12)
FNDA:1,(anonymous_13)
FNDA:1,(anonymous_14)
FNDA:0,(anonymous_15)
FNDA:0,(anonymous_16)
FNDA:3,(anonymous_17)
FNDA:1,(anonymous_18)
FNDA:0,(anonymous_19)
FNDA:3,(anonymous_20)
FNDA:1,(anonymous_21)
FNDA:1,(anonymous_22)
FNDA:2,(anonymous_23)
FNDA:1,(anonymous_24)
FNDA:0,(anonymous_25)
FNDA:0,(anonymous_26)
FNDA:0,(anonymous_27)
FNDA:0,(anonymous_28)
FNDA:0,(anonymous_29)
FNDA:0,(anonymous_30)
FNDA:0,(anonymous_31)
DA:1,1
DA:2,1
DA:4,1
DA:5,1
DA:15,1
DA:16,5
DA:17,0
DA:18,0
DA:21,5
DA:22,1
DA:23,1
DA:26,4
DA:27,1
DA:28,1
DA:31,3
DA:32,2
DA:34,1
DA:44,1
DA:45,4
DA:46,0
DA:47,0
DA:50,4
DA:51,1
DA:52,1
DA:55,3
DA:56,1
DA:57,1
DA:60,2
DA:61,1
DA:63,1
DA:75,1
DA:76,6
DA:77,0
DA:78,0
DA:81,6
DA:82,1
DA:83,1
DA:86,5
DA:87,5
DA:89,5
DA:90,5
DA:92,0
DA:95,0
DA:105,1
DA:106,1
DA:107,1
DA:109,1
DA:110,1
DA:112,0
DA:115,0
DA:125,1
DA:126,3
DA:127,1
DA:128,1
DA:131,2
DA:132,0
DA:133,0
DA:136,2
DA:137,0
DA:138,0
DA:141,2
DA:142,1
DA:143,1
DA:146,1
DA:147,1
DA:149,0
DA:159,1
DA:160,3
DA:161,0
DA:162,0
DA:165,3
DA:166,1
DA:167,1
DA:170,2
DA:171,1
DA:173,1
DA:183,1
DA:184,2
DA:185,0
DA:186,0
DA:189,2
DA:190,0
DA:191,0
DA:194,2
DA:195,0
DA:196,0
DA:199,2
DA:200,1
DA:201,1
DA:204,1
DA:205,1
DA:207,0
DA:217,1
DA:218,0
DA:219,0
DA:221,0
DA:231,1
DA:232,0
DA:233,0
DA:235,0
LF:100
LH:70
BRDA:16,1,0,0
BRDA:16,1,1,5
BRDA:21,2,0,1
BRDA:21,2,1,4
BRDA:26,3,0,1
BRDA:26,3,1,3
BRDA:45,4,0,0
BRDA:45,4,1,4
BRDA:50,5,0,1
BRDA:50,5,1,3
BRDA:55,6,0,1
BRDA:55,6,1,2
BRDA:76,7,0,0
BRDA:76,7,1,6
BRDA:81,8,0,1
BRDA:81,8,1,5
BRDA:87,9,0,0
BRDA:87,9,1,5
BRDA:107,10,0,0
BRDA:107,10,1,1
BRDA:126,11,0,1
BRDA:126,11,1,2
BRDA:131,12,0,0
BRDA:131,12,1,2
BRDA:136,13,0,0
BRDA:136,13,1,2
BRDA:141,14,0,1
BRDA:141,14,1,1
BRDA:160,15,0,0
BRDA:160,15,1,3
BRDA:165,16,0,1
BRDA:165,16,1,2
BRDA:184,17,0,0
BRDA:184,17,1,2
BRDA:189,18,0,0
BRDA:189,18,1,2
BRDA:194,19,0,0
BRDA:194,19,1,2
BRDA:199,20,0,1
BRDA:199,20,1,1
BRF:40
BRH:29
end_of_record
TN:
SF:C:\Users\AcaHE\Desktop\diplomski\projekat\transportApp\postLoader.js
FN:15,(anonymous_1)
FN:16,(anonymous_2)
FN:20,(anonymous_3)
FNF:3
FNH:3
FNDA:1,(anonymous_1)
FNDA:4,(anonymous_2)
FNDA:3,(anonymous_3)
DA:1,1
DA:15,1
DA:16,1
DA:17,4
DA:19,3
DA:20,3
DA:21,3
DA:22,0
DA:23,0
LF:9
LH:7
BRDA:17,1,0,3
BRDA:17,1,1,1
BRDA:21,2,0,0
BRDA:21,2,1,3
BRF:4
BRH:3
end_of_record
