TN:
SF:C:\Users\AcaHE\Desktop\diplomski\projekat\transportApp\config\index.js
FNF:0
FNH:0
DA:6,1
DA:9,1
LF:2
LH:2
BRDA:6,1,0,1
BRDA:6,1,1,0
BRF:2
BRH:1
end_of_record
TN:
SF:C:\Users\AcaHE\Desktop\diplomski\projekat\transportApp\config\config.test.js
FNF:0
FNH:0
DA:1,1
DA:31,1
LF:2
LH:2
BRF:0
BRH:0
end_of_record
TN:
SF:C:\Users\AcaHE\Desktop\diplomski\projekat\transportApp\lib\logger.js
FN:61,(anonymous_1)
FN:66,(anonymous_2)
FNF:2
FNH:0
FNDA:0,(anonymous_1)
FNDA:0,(anonymous_2)
DA:1,1
DA:2,1
DA:7,1
DA:22,1
DA:31,1
DA:32,1
DA:33,1
DA:35,1
DA:36,1
DA:38,1
DA:47,1
DA:48,0
DA:50,1
DA:56,1
DA:61,1
DA:62,0
DA:63,0
DA:64,0
DA:65,0
DA:66,0
DA:67,0
DA:68,0
DA:69,0
DA:75,1
LF:24
LH:15
BRDA:31,1,0,1
BRDA:31,1,1,0
BRDA:32,2,0,1
BRDA:32,2,1,0
BRDA:35,3,0,1
BRDA:35,3,1,0
BRDA:47,4,0,0
BRDA:47,4,1,1
BRDA:62,5,0,0
BRDA:62,5,1,0
BRDA:67,6,0,0
BRDA:67,6,1,0
BRDA:68,7,0,0
BRDA:68,7,1,0
BRF:14
BRH:4
end_of_record
TN:
SF:C:\Users\AcaHE\Desktop\diplomski\projekat\transportApp\server.js
FN:53,(anonymous_1)
FN:80,(anonymous_2)
FNF:2
FNH:2
FNDA:1,(anonymous_1)
FNDA:1,(anonymous_2)
DA:2,1
DA:3,1
DA:4,1
DA:8,1
DA:10,1
DA:24,1
DA:27,1
DA:32,1
DA:37,1
DA:39,1
DA:42,1
DA:45,1
DA:48,1
DA:54,1
DA:55,0
DA:56,0
DA:58,1
DA:59,1
DA:61,1
DA:67,1
DA:68,1
DA:69,1
DA:70,1
DA:77,1
DA:80,1
DA:81,1
DA:83,1
DA:86,1
LF:28
LH:26
BRDA:54,1,0,0
BRDA:54,1,1,1
BRDA:77,2,0,1
BRDA:77,2,1,1
BRF:4
BRH:3
end_of_record
TN:
SF:C:\Users\AcaHE\Desktop\diplomski\projekat\transportApp\lib\error.js
FN:3,(anonymous_1)
FNF:1
FNH:1
FNDA:19,(anonymous_1)
DA:1,1
DA:3,1
DA:4,19
DA:5,19
DA:6,19
DA:7,19
DA:8,19
DA:10,0
DA:11,0
DA:12,0
DA:15,19
LF:11
LH:8
BRDA:5,1,0,19
BRDA:5,1,1,0
BRDA:7,2,0,19
BRDA:7,2,1,19
BRF:4
BRH:3
end_of_record
TN:
SF:C:\Users\AcaHE\Desktop\diplomski\projekat\transportApp\config\errorCodes.js
FNF:0
FNH:0
DA:1,1
LF:1
LH:1
BRF:0
BRH:0
end_of_record
TN:
SF:C:\Users\AcaHE\Desktop\diplomski\projekat\transportApp\router.js
FN:17,(anonymous_1)
FN:18,(anonymous_2)
FNF:2
FNH:2
FNDA:1,(anonymous_1)
FNDA:4,(anonymous_2)
DA:1,1
DA:17,1
DA:18,1
DA:19,4
DA:20,3
DA:21,3
LF:6
LH:6
BRDA:19,1,0,3
BRDA:19,1,1,1
BRF:2
BRH:2
end_of_record
TN:
SF:C:\Users\AcaHE\Desktop\diplomski\projekat\transportApp\middleware\loggerMiddleware.js
FN:1,(anonymous_1)
FN:16,(anonymous_2)
FNF:2
FNH:2
FNDA:25,(anonymous_1)
FNDA:19,(anonymous_2)
DA:1,1
DA:2,25
DA:3,25
DA:10,25
DA:11,25
DA:13,25
DA:16,1
DA:17,19
DA:26,19
DA:27,19
LF:10
LH:10
BRDA:2,1,0,25
BRDA:2,1,1,0
BRDA:6,2,0,25
BRDA:6,2,1,0
BRDA:7,3,0,25
BRDA:7,3,1,0
BRDA:8,4,0,25
BRDA:8,4,1,0
BRDA:10,5,0,25
BRDA:10,5,1,0
BRDA:10,6,0,25
BRDA:10,6,1,25
BRDA:10,6,2,25
BRDA:10,6,3,25
BRDA:19,7,0,19
BRDA:19,7,1,0
BRDA:20,8,0,19
BRDA:20,8,1,0
BRDA:21,9,0,19
BRDA:21,9,1,0
BRDA:22,10,0,19
BRDA:22,10,1,0
BRDA:23,11,0,19
BRDA:23,11,1,0
BRDA:24,12,0,19
BRDA:24,12,1,19
BRF:26
BRH:16
end_of_record
TN:
SF:C:\Users\AcaHE\Desktop\diplomski\projekat\transportApp\middleware\errorHandlerMiddleware.js
FN:3,(anonymous_1)
FNF:1
FNH:1
FNDA:19,(anonymous_1)
DA:3,1
DA:4,19
DA:5,19
LF:3
LH:3
BRDA:4,1,0,19
BRDA:4,1,1,0
BRF:2
BRH:1
end_of_record
TN:
SF:C:\Users\AcaHE\Desktop\diplomski\projekat\transportApp\middleware\routeValidatorMiddleware.js
FN:11,(anonymous_1)
FN:18,(anonymous_2)
FNF:2
FNH:0
FNDA:0,(anonymous_1)
FNDA:0,(anonymous_2)
DA:1,1
DA:11,1
DA:12,0
DA:13,0
DA:14,0
DA:15,0
DA:18,0
DA:19,0
DA:20,0
DA:21,0
DA:23,0
DA:25,0
DA:27,0
LF:13
LH:2
BRDA:14,1,0,0
BRDA:14,1,1,0
BRDA:14,2,0,0
BRDA:14,2,1,0
BRDA:20,3,0,0
BRDA:20,3,1,0
BRF:6
BRH:0
end_of_record
TN:
SF:C:\Users\AcaHE\Desktop\diplomski\projekat\transportApp\lib\validator\validators.js
FN:6,(anonymous_1)
FNF:1
FNH:0
FNDA:0,(anonymous_1)
DA:1,1
DA:4,1
DA:7,0
DA:8,0
DA:9,0
DA:10,0
DA:12,0
DA:13,0
DA:14,0
DA:15,0
DA:16,0
DA:17,0
DA:18,0
DA:22,0
LF:14
LH:2
BRDA:9,1,0,0
BRDA:9,1,1,0
BRDA:12,2,0,0
BRDA:12,2,1,0
BRDA:13,3,0,0
BRDA:13,3,1,0
BRDA:17,4,0,0
BRDA:17,4,1,0
BRDA:22,5,0,0
BRDA:22,5,1,0
BRF:10
BRH:0
end_of_record
TN:
SF:C:\Users\AcaHE\Desktop\diplomski\projekat\transportApp\lib\validator\notationValidators.js
FN:4,_parseValidators
FN:15,(anonymous_2)
FNF:2
FNH:2
FNDA:1,_parseValidators
FNDA:110,(anonymous_2)
DA:1,1
DA:2,1
DA:4,1
DA:5,1
DA:6,32
DA:7,32
DA:13,32
DA:14,32
DA:15,45
DA:16,110
DA:17,63
DA:18,30
DA:20,63
DA:28,32
DA:29,17
DA:31,32
DA:35,1
DA:38,1
LF:18
LH:18
BRDA:13,1,0,32
BRDA:13,1,1,0
BRDA:16,2,0,63
BRDA:16,2,1,47
BRDA:17,3,0,30
BRDA:17,3,1,33
BRDA:22,4,0,0
BRDA:22,4,1,63
BRDA:28,5,0,17
BRDA:28,5,1,15
BRDA:40,6,0,1
BRDA:40,6,1,0
BRF:12
BRH:9
end_of_record
TN:
SF:C:\Users\AcaHE\Desktop\diplomski\projekat\transportApp\services\module_client\router.js
FNF:0
FNH:0
DA:1,1
DA:2,1
DA:3,1
DA:4,1
DA:29,1
DA:63,1
DA:99,1
DA:127,1
DA:160,1
DA:195,1
DA:214,1
DA:254,1
DA:284,1
DA:322,1
DA:358,1
DA:377,1
DA:413,1
DA:449,1
DA:477,1
DA:511,1
DA:546,1
DA:565,1
DA:567,1
DA:569,1
LF:24
LH:24
BRF:0
BRH:0
end_of_record
TN:
SF:C:\Users\AcaHE\Desktop\diplomski\projekat\transportApp\services\module_client\controller.js
FN:19,(anonymous_1)
FN:35,(anonymous_2)
FN:37,(anonymous_3)
FN:48,(anonymous_4)
FN:49,(anonymous_5)
FN:51,(anonymous_6)
FN:64,(anonymous_7)
FN:65,(anonymous_8)
FN:67,(anonymous_9)
FN:79,(anonymous_10)
FN:80,(anonymous_11)
FN:83,(anonymous_12)
FN:94,(anonymous_13)
FN:110,(anonymous_14)
FN:112,(anonymous_15)
FN:123,(anonymous_16)
FN:131,(anonymous_17)
FN:133,(anonymous_18)
FN:144,(anonymous_19)
FN:145,(anonymous_20)
FN:147,(anonymous_21)
FN:160,(anonymous_22)
FN:161,(anonymous_23)
FN:163,(anonymous_24)
FN:174,(anonymous_25)
FN:175,(anonymous_26)
FN:178,(anonymous_27)
FN:189,(anonymous_28)
FN:205,(anonymous_29)
FN:207,(anonymous_30)
FN:218,(anonymous_31)
FN:219,(anonymous_32)
FN:221,(anonymous_33)
FN:232,(anonymous_34)
FN:233,(anonymous_35)
FN:235,(anonymous_36)
FN:246,(anonymous_37)
FN:247,(anonymous_38)
FN:250,(anonymous_39)
FN:252,(anonymous_40)
FN:255,(anonymous_41)
FN:293,(anonymous_42)
FN:294,(anonymous_43)
FN:296,(anonymous_44)
FN:307,(anonymous_45)
FN:308,(anonymous_46)
FN:311,(anonymous_47)
FN:322,(anonymous_48)
FN:340,(anonymous_49)
FN:342,(anonymous_50)
FN:353,(anonymous_51)
FN:361,(anonymous_52)
FN:363,(anonymous_53)
FN:374,(anonymous_54)
FN:375,(anonymous_55)
FN:377,(anonymous_56)
FNF:56
FNH:0
FNDA:0,(anonymous_1)
FNDA:0,(anonymous_2)
FNDA:0,(anonymous_3)
FNDA:0,(anonymous_4)
FNDA:0,(anonymous_5)
FNDA:0,(anonymous_6)
FNDA:0,(anonymous_7)
FNDA:0,(anonymous_8)
FNDA:0,(anonymous_9)
FNDA:0,(anonymous_10)
FNDA:0,(anonymous_11)
FNDA:0,(anonymous_12)
FNDA:0,(anonymous_13)
FNDA:0,(anonymous_14)
FNDA:0,(anonymous_15)
FNDA:0,(anonymous_16)
FNDA:0,(anonymous_17)
FNDA:0,(anonymous_18)
FNDA:0,(anonymous_19)
FNDA:0,(anonymous_20)
FNDA:0,(anonymous_21)
FNDA:0,(anonymous_22)
FNDA:0,(anonymous_23)
FNDA:0,(anonymous_24)
FNDA:0,(anonymous_25)
FNDA:0,(anonymous_26)
FNDA:0,(anonymous_27)
FNDA:0,(anonymous_28)
FNDA:0,(anonymous_29)
FNDA:0,(anonymous_30)
FNDA:0,(anonymous_31)
FNDA:0,(anonymous_32)
FNDA:0,(anonymous_33)
FNDA:0,(anonymous_34)
FNDA:0,(anonymous_35)
FNDA:0,(anonymous_36)
FNDA:0,(anonymous_37)
FNDA:0,(anonymous_38)
FNDA:0,(anonymous_39)
FNDA:0,(anonymous_40)
FNDA:0,(anonymous_41)
FNDA:0,(anonymous_42)
FNDA:0,(anonymous_43)
FNDA:0,(anonymous_44)
FNDA:0,(anonymous_45)
FNDA:0,(anonymous_46)
FNDA:0,(anonymous_47)
FNDA:0,(anonymous_48)
FNDA:0,(anonymous_49)
FNDA:0,(anonymous_50)
FNDA:0,(anonymous_51)
FNDA:0,(anonymous_52)
FNDA:0,(anonymous_53)
FNDA:0,(anonymous_54)
FNDA:0,(anonymous_55)
FNDA:0,(anonymous_56)
DA:1,1
DA:2,1
DA:3,1
DA:4,1
DA:5,1
DA:8,1
DA:9,1
DA:19,1
DA:20,0
DA:21,0
DA:22,0
DA:25,0
DA:26,0
DA:27,0
DA:30,0
DA:31,0
DA:32,0
DA:35,0
DA:36,0
DA:38,0
DA:48,1
DA:49,0
DA:50,0
DA:52,0
DA:64,1
DA:65,0
DA:66,0
DA:68,0
DA:79,1
DA:80,0
DA:81,0
DA:82,0
DA:84,0
DA:94,1
DA:95,0
DA:96,0
DA:97,0
DA:100,0
DA:101,0
DA:102,0
DA:105,0
DA:106,0
DA:107,0
DA:110,0
DA:111,0
DA:113,0
DA:123,1
DA:124,0
DA:125,0
DA:126,0
DA:127,0
DA:131,0
DA:132,0
DA:134,0
DA:144,1
DA:145,0
DA:146,0
DA:148,0
DA:160,1
DA:161,0
DA:162,0
DA:164,0
DA:174,1
DA:175,0
DA:176,0
DA:177,0
DA:179,0
DA:189,1
DA:190,0
DA:191,0
DA:192,0
DA:195,0
DA:196,0
DA:197,0
DA:200,0
DA:201,0
DA:202,0
DA:205,0
DA:206,0
DA:208,0
DA:218,1
DA:219,0
DA:220,0
DA:222,0
DA:232,1
DA:233,0
DA:234,0
DA:236,0
DA:246,1
DA:247,0
DA:248,0
DA:250,0
DA:251,0
DA:253,0
DA:256,0
DA:293,1
DA:294,0
DA:295,0
DA:297,0
DA:307,1
DA:308,0
DA:309,0
DA:310,0
DA:312,0
DA:322,1
DA:323,0
DA:324,0
DA:325,0
DA:327,0
DA:328,0
DA:329,0
DA:331,0
DA:332,0
DA:333,0
DA:335,0
DA:336,0
DA:337,0
DA:340,0
DA:341,0
DA:343,0
DA:353,1
DA:354,0
DA:355,0
DA:356,0
DA:357,0
DA:361,0
DA:362,0
DA:364,0
DA:374,1
DA:375,0
DA:376,0
DA:378,0
LF:132
LH:25
BRDA:20,1,0,0
BRDA:20,1,1,0
BRDA:25,2,0,0
BRDA:25,2,1,0
BRDA:30,3,0,0
BRDA:30,3,1,0
BRDA:81,4,0,0
BRDA:81,4,1,0
BRDA:95,5,0,0
BRDA:95,5,1,0
BRDA:100,6,0,0
BRDA:100,6,1,0
BRDA:105,7,0,0
BRDA:105,7,1,0
BRDA:124,8,0,0
BRDA:124,8,1,0
BRDA:125,9,0,0
BRDA:125,9,1,0
BRDA:176,10,0,0
BRDA:176,10,1,0
BRDA:190,11,0,0
BRDA:190,11,1,0
BRDA:195,12,0,0
BRDA:195,12,1,0
BRDA:200,13,0,0
BRDA:200,13,1,0
BRDA:248,14,0,0
BRDA:248,14,1,0
BRDA:309,15,0,0
BRDA:309,15,1,0
BRDA:323,16,0,0
BRDA:323,16,1,0
BRDA:327,17,0,0
BRDA:327,17,1,0
BRDA:331,18,0,0
BRDA:331,18,1,0
BRDA:335,19,0,0
BRDA:335,19,1,0
BRDA:354,20,0,0
BRDA:354,20,1,0
BRDA:355,21,0,0
BRDA:355,21,1,0
BRF:42
BRH:0
end_of_record
TN:
SF:C:\Users\AcaHE\Desktop\diplomski\projekat\transportApp\model\client\model.js
FN:9,(anonymous_1)
FN:13,(anonymous_2)
FN:24,(anonymous_3)
FN:27,(anonymous_4)
FN:43,_findById
FN:46,(anonymous_6)
FN:62,(anonymous_7)
FN:71,(anonymous_8)
FN:94,(anonymous_9)
FN:97,(anonymous_10)
FN:108,(anonymous_11)
FN:120,(anonymous_12)
FN:123,(anonymous_13)
FN:132,(anonymous_14)
FN:139,(anonymous_15)
FNF:15
FNH:0
FNDA:0,(anonymous_1)
FNDA:0,(anonymous_2)
FNDA:0,(anonymous_3)
FNDA:0,(anonymous_4)
FNDA:0,_findById
FNDA:0,(anonymous_6)
FNDA:0,(anonymous_7)
FNDA:0,(anonymous_8)
FNDA:0,(anonymous_9)
FNDA:0,(anonymous_10)
FNDA:0,(anonymous_11)
FNDA:0,(anonymous_12)
FNDA:0,(anonymous_13)
FNDA:0,(anonymous_14)
FNDA:0,(anonymous_15)
DA:1,1
DA:9,1
DA:10,0
DA:13,1
DA:14,0
DA:24,1
DA:25,0
DA:27,0
DA:28,0
DA:29,0
DA:30,0
DA:32,0
DA:35,0
DA:43,1
DA:44,0
DA:46,0
DA:47,0
DA:48,0
DA:49,0
DA:51,0
DA:54,0
DA:62,1
DA:63,0
DA:71,1
DA:72,0
DA:94,1
DA:95,0
DA:97,0
DA:98,0
DA:100,0
DA:104,0
DA:105,0
DA:106,0
DA:109,0
DA:112,0
DA:120,1
DA:121,0
DA:123,0
DA:124,0
DA:126,0
DA:127,0
DA:128,0
DA:129,0
DA:130,0
DA:132,0
DA:133,0
DA:134,0
DA:135,0
DA:137,0
DA:140,0
DA:143,0
DA:145,1
DA:147,1
LF:53
LH:11
BRDA:28,1,0,0
BRDA:28,1,1,0
BRDA:47,2,0,0
BRDA:47,2,1,0
BRDA:98,3,0,0
BRDA:98,3,1,0
BRDA:124,4,0,0
BRDA:124,4,1,0
BRDA:126,5,0,0
BRDA:126,5,1,0
BRDA:127,6,0,0
BRDA:127,6,1,0
BRDA:128,7,0,0
BRDA:128,7,1,0
BRDA:129,8,0,0
BRDA:129,8,1,0
BRDA:130,9,0,0
BRDA:130,9,1,0
BRDA:133,10,0,0
BRDA:133,10,1,0
BRF:20
BRH:0
end_of_record
TN:
SF:C:\Users\AcaHE\Desktop\diplomski\projekat\transportApp\model\client\schema.js
FN:3,(anonymous_1)
FNF:1
FNH:1
FNDA:1,(anonymous_1)
DA:1,1
DA:3,1
DA:4,1
DA:40,1
LF:4
LH:4
BRF:0
BRH:0
end_of_record
TN:
SF:C:\Users\AcaHE\Desktop\diplomski\projekat\transportApp\model\vehicle\model.js
FN:11,_findByLicensePlate
FN:14,(anonymous_2)
FN:27,_findById
FN:32,(anonymous_4)
FN:45,(anonymous_5)
FN:54,(anonymous_6)
FN:62,(anonymous_7)
FN:65,(anonymous_8)
FN:81,(anonymous_9)
FN:84,(anonymous_10)
FN:89,(anonymous_11)
FN:97,(anonymous_12)
FN:110,(anonymous_13)
FN:113,(anonymous_14)
FN:122,(anonymous_15)
FN:130,(anonymous_16)
FN:142,(anonymous_17)
FN:145,(anonymous_18)
FN:148,(anonymous_19)
FN:156,(anonymous_20)
FN:196,(anonymous_21)
FN:199,(anonymous_22)
FN:205,(anonymous_23)
FN:213,(anonymous_24)
FNF:24
FNH:0
FNDA:0,_findByLicensePlate
FNDA:0,(anonymous_2)
FNDA:0,_findById
FNDA:0,(anonymous_4)
FNDA:0,(anonymous_5)
FNDA:0,(anonymous_6)
FNDA:0,(anonymous_7)
FNDA:0,(anonymous_8)
FNDA:0,(anonymous_9)
FNDA:0,(anonymous_10)
FNDA:0,(anonymous_11)
FNDA:0,(anonymous_12)
FNDA:0,(anonymous_13)
FNDA:0,(anonymous_14)
FNDA:0,(anonymous_15)
FNDA:0,(anonymous_16)
FNDA:0,(anonymous_17)
FNDA:0,(anonymous_18)
FNDA:0,(anonymous_19)
FNDA:0,(anonymous_20)
FNDA:0,(anonymous_21)
FNDA:0,(anonymous_22)
FNDA:0,(anonymous_23)
FNDA:0,(anonymous_24)
DA:1,1
DA:11,1
DA:12,0
DA:14,0
DA:15,0
DA:16,0
DA:19,0
DA:27,1
DA:28,0
DA:30,0
DA:32,0
DA:33,0
DA:34,0
DA:37,0
DA:45,1
DA:46,0
DA:54,1
DA:55,0
DA:62,1
DA:63,0
DA:65,0
DA:66,0
DA:67,0
DA:68,0
DA:70,0
DA:73,0
DA:81,1
DA:82,0
DA:84,0
DA:85,0
DA:87,0
DA:89,0
DA:90,0
DA:91,0
DA:92,0
DA:94,0
DA:98,0
DA:101,0
DA:110,1
DA:111,0
DA:113,0
DA:114,0
DA:116,0
DA:117,0
DA:118,0
DA:119,0
DA:120,0
DA:122,0
DA:123,0
DA:124,0
DA:125,0
DA:127,0
DA:131,0
DA:134,0
DA:142,1
DA:143,0
DA:145,0
DA:146,0
DA:148,0
DA:149,0
DA:150,0
DA:151,0
DA:153,0
DA:157,0
DA:160,0
DA:196,1
DA:197,0
DA:199,0
DA:200,0
DA:202,0
DA:203,0
DA:205,0
DA:206,0
DA:207,0
DA:208,0
DA:210,0
DA:214,0
DA:217,0
DA:221,1
DA:223,1
LF:80
LH:12
BRDA:15,1,0,0
BRDA:15,1,1,0
BRDA:30,2,0,0
BRDA:30,2,1,0
BRDA:33,3,0,0
BRDA:33,3,1,0
BRDA:66,4,0,0
BRDA:66,4,1,0
BRDA:85,5,0,0
BRDA:85,5,1,0
BRDA:90,6,0,0
BRDA:90,6,1,0
BRDA:114,7,0,0
BRDA:114,7,1,0
BRDA:116,8,0,0
BRDA:116,8,1,0
BRDA:117,9,0,0
BRDA:117,9,1,0
BRDA:118,10,0,0
BRDA:118,10,1,0
BRDA:119,11,0,0
BRDA:119,11,1,0
BRDA:120,12,0,0
BRDA:120,12,1,0
BRDA:123,13,0,0
BRDA:123,13,1,0
BRDA:146,14,0,0
BRDA:146,14,1,0
BRDA:149,15,0,0
BRDA:149,15,1,0
BRDA:200,16,0,0
BRDA:200,16,1,0
BRDA:206,17,0,0
BRDA:206,17,1,0
BRF:34
BRH:0
end_of_record
TN:
SF:C:\Users\AcaHE\Desktop\diplomski\projekat\transportApp\model\vehicle\schema.js
FN:3,(anonymous_1)
FNF:1
FNH:1
FNDA:1,(anonymous_1)
DA:1,1
DA:3,1
DA:4,1
DA:53,1
LF:4
LH:4
BRF:0
BRH:0
end_of_record
TN:
SF:C:\Users\AcaHE\Desktop\diplomski\projekat\transportApp\model\driver\model.js
FN:11,_findById
FN:14,(anonymous_2)
FN:30,_findByEmail
FN:33,(anonymous_4)
FN:49,(anonymous_5)
FN:58,(anonymous_6)
FN:66,(anonymous_7)
FN:69,(anonymous_8)
FN:85,(anonymous_9)
FN:88,(anonymous_10)
FN:93,(anonymous_11)
FN:101,(anonymous_12)
FN:114,(anonymous_13)
FN:117,(anonymous_14)
FN:126,(anonymous_15)
FN:133,(anonymous_16)
FN:145,(anonymous_17)
FN:148,(anonymous_18)
FN:151,(anonymous_19)
FN:158,(anonymous_20)
FNF:20
FNH:0
FNDA:0,_findById
FNDA:0,(anonymous_2)
FNDA:0,_findByEmail
FNDA:0,(anonymous_4)
FNDA:0,(anonymous_5)
FNDA:0,(anonymous_6)
FNDA:0,(anonymous_7)
FNDA:0,(anonymous_8)
FNDA:0,(anonymous_9)
FNDA:0,(anonymous_10)
FNDA:0,(anonymous_11)
FNDA:0,(anonymous_12)
FNDA:0,(anonymous_13)
FNDA:0,(anonymous_14)
FNDA:0,(anonymous_15)
FNDA:0,(anonymous_16)
FNDA:0,(anonymous_17)
FNDA:0,(anonymous_18)
FNDA:0,(anonymous_19)
FNDA:0,(anonymous_20)
DA:1,1
DA:11,1
DA:12,0
DA:14,0
DA:15,0
DA:16,0
DA:17,0
DA:19,0
DA:22,0
DA:30,1
DA:31,0
DA:33,0
DA:34,0
DA:35,0
DA:36,0
DA:38,0
DA:41,0
DA:49,1
DA:50,0
DA:58,1
DA:59,0
DA:66,1
DA:67,0
DA:69,0
DA:70,0
DA:71,0
DA:72,0
DA:74,0
DA:77,0
DA:85,1
DA:86,0
DA:88,0
DA:89,0
DA:91,0
DA:93,0
DA:94,0
DA:95,0
DA:96,0
DA:98,0
DA:102,0
DA:105,0
DA:114,1
DA:115,0
DA:117,0
DA:118,0
DA:120,0
DA:121,0
DA:122,0
DA:123,0
DA:124,0
DA:126,0
DA:127,0
DA:128,0
DA:129,0
DA:131,0
DA:134,0
DA:137,0
DA:145,1
DA:146,0
DA:148,0
DA:149,0
DA:151,0
DA:152,0
DA:153,0
DA:154,0
DA:156,0
DA:159,0
DA:162,0
DA:166,1
DA:168,1
LF:70
LH:11
BRDA:15,1,0,0
BRDA:15,1,1,0
BRDA:34,2,0,0
BRDA:34,2,1,0
BRDA:70,3,0,0
BRDA:70,3,1,0
BRDA:89,4,0,0
BRDA:89,4,1,0
BRDA:94,5,0,0
BRDA:94,5,1,0
BRDA:118,6,0,0
BRDA:118,6,1,0
BRDA:120,7,0,0
BRDA:120,7,1,0
BRDA:121,8,0,0
BRDA:121,8,1,0
BRDA:122,9,0,0
BRDA:122,9,1,0
BRDA:123,10,0,0
BRDA:123,10,1,0
BRDA:124,11,0,0
BRDA:124,11,1,0
BRDA:127,12,0,0
BRDA:127,12,1,0
BRDA:149,13,0,0
BRDA:149,13,1,0
BRDA:152,14,0,0
BRDA:152,14,1,0
BRF:28
BRH:0
end_of_record
TN:
SF:C:\Users\AcaHE\Desktop\diplomski\projekat\transportApp\model\driver\schema.js
FN:3,(anonymous_1)
FNF:1
FNH:1
FNDA:1,(anonymous_1)
DA:1,1
DA:3,1
DA:4,1
DA:42,1
LF:4
LH:4
BRF:0
BRH:0
end_of_record
TN:
SF:C:\Users\AcaHE\Desktop\diplomski\projekat\transportApp\model\manager\model.js
FN:9,(anonymous_1)
FN:13,(anonymous_2)
FN:22,_findByEmail
FN:24,(anonymous_4)
FN:40,_findById
FN:43,(anonymous_6)
FN:59,(anonymous_7)
FN:68,(anonymous_8)
FN:76,(anonymous_9)
FN:79,(anonymous_10)
FN:83,(anonymous_11)
FN:91,(anonymous_12)
FN:102,(anonymous_13)
FN:104,(anonymous_14)
FN:116,(anonymous_15)
FN:128,(anonymous_16)
FN:130,(anonymous_17)
FN:138,(anonymous_18)
FN:147,(anonymous_19)
FN:157,(anonymous_20)
FN:159,(anonymous_21)
FN:171,(anonymous_22)
FN:174,(anonymous_23)
FN:177,(anonymous_24)
FN:185,(anonymous_25)
FNF:25
FNH:0
FNDA:0,(anonymous_1)
FNDA:0,(anonymous_2)
FNDA:0,_findByEmail
FNDA:0,(anonymous_4)
FNDA:0,_findById
FNDA:0,(anonymous_6)
FNDA:0,(anonymous_7)
FNDA:0,(anonymous_8)
FNDA:0,(anonymous_9)
FNDA:0,(anonymous_10)
FNDA:0,(anonymous_11)
FNDA:0,(anonymous_12)
FNDA:0,(anonymous_13)
FNDA:0,(anonymous_14)
FNDA:0,(anonymous_15)
FNDA:0,(anonymous_16)
FNDA:0,(anonymous_17)
FNDA:0,(anonymous_18)
FNDA:0,(anonymous_19)
FNDA:0,(anonymous_20)
FNDA:0,(anonymous_21)
FNDA:0,(anonymous_22)
FNDA:0,(anonymous_23)
FNDA:0,(anonymous_24)
FNDA:0,(anonymous_25)
DA:1,1
DA:9,1
DA:10,0
DA:13,1
DA:14,0
DA:22,1
DA:23,0
DA:24,0
DA:25,0
DA:26,0
DA:27,0
DA:29,0
DA:32,0
DA:40,1
DA:41,0
DA:43,0
DA:44,0
DA:45,0
DA:46,0
DA:48,0
DA:51,0
DA:59,1
DA:60,0
DA:68,1
DA:69,0
DA:76,1
DA:77,0
DA:78,0
DA:79,0
DA:80,0
DA:81,0
DA:83,0
DA:84,0
DA:85,0
DA:86,0
DA:88,0
DA:92,0
DA:95,0
DA:102,1
DA:103,0
DA:104,0
DA:105,0
DA:106,0
DA:108,0
DA:112,0
DA:113,0
DA:114,0
DA:117,0
DA:119,0
DA:128,1
DA:129,0
DA:130,0
DA:131,0
DA:133,0
DA:134,0
DA:135,0
DA:136,0
DA:138,0
DA:139,0
DA:140,0
DA:141,0
DA:143,0
DA:148,0
DA:150,0
DA:157,1
DA:158,0
DA:159,0
DA:160,0
DA:161,0
DA:163,0
DA:171,1
DA:172,0
DA:174,0
DA:175,0
DA:177,0
DA:178,0
DA:179,0
DA:180,0
DA:182,0
DA:186,0
DA:189,0
DA:192,1
DA:194,1
LF:83
LH:14
BRDA:25,1,0,0
BRDA:25,1,1,0
BRDA:44,2,0,0
BRDA:44,2,1,0
BRDA:80,3,0,0
BRDA:80,3,1,0
BRDA:84,4,0,0
BRDA:84,4,1,0
BRDA:105,5,0,0
BRDA:105,5,1,0
BRDA:131,6,0,0
BRDA:131,6,1,0
BRDA:133,7,0,0
BRDA:133,7,1,0
BRDA:134,8,0,0
BRDA:134,8,1,0
BRDA:135,9,0,0
BRDA:135,9,1,0
BRDA:136,10,0,0
BRDA:136,10,1,0
BRDA:139,11,0,0
BRDA:139,11,1,0
BRDA:160,12,0,0
BRDA:160,12,1,0
BRDA:175,13,0,0
BRDA:175,13,1,0
BRDA:178,14,0,0
BRDA:178,14,1,0
BRF:28
BRH:0
end_of_record
TN:
SF:C:\Users\AcaHE\Desktop\diplomski\projekat\transportApp\model\manager\schema.js
FN:3,(anonymous_1)
FNF:1
FNH:1
FNDA:1,(anonymous_1)
DA:1,1
DA:3,1
DA:4,1
DA:40,1
LF:4
LH:4
BRF:0
BRH:0
end_of_record
TN:
SF:C:\Users\AcaHE\Desktop\diplomski\projekat\transportApp\model\vehicleExpense\model.js
FN:11,_findById
FN:16,(anonymous_2)
FN:32,(anonymous_3)
FN:40,(anonymous_4)
FN:43,(anonymous_5)
FN:59,_findExpensesForVehicle
FN:62,(anonymous_7)
FN:78,(anonymous_8)
FN:88,(anonymous_9)
FN:94,(anonymous_10)
FN:111,(anonymous_11)
FN:114,(anonymous_12)
FN:122,(anonymous_13)
FN:130,(anonymous_14)
FN:142,(anonymous_15)
FN:145,(anonymous_16)
FN:148,(anonymous_17)
FN:155,(anonymous_18)
FNF:18
FNH:0
FNDA:0,_findById
FNDA:0,(anonymous_2)
FNDA:0,(anonymous_3)
FNDA:0,(anonymous_4)
FNDA:0,(anonymous_5)
FNDA:0,_findExpensesForVehicle
FNDA:0,(anonymous_7)
FNDA:0,(anonymous_8)
FNDA:0,(anonymous_9)
FNDA:0,(anonymous_10)
FNDA:0,(anonymous_11)
FNDA:0,(anonymous_12)
FNDA:0,(anonymous_13)
FNDA:0,(anonymous_14)
FNDA:0,(anonymous_15)
FNDA:0,(anonymous_16)
FNDA:0,(anonymous_17)
FNDA:0,(anonymous_18)
DA:1,1
DA:11,1
DA:12,0
DA:14,0
DA:16,0
DA:17,0
DA:18,0
DA:19,0
DA:21,0
DA:24,0
DA:32,1
DA:33,0
DA:40,1
DA:41,0
DA:43,0
DA:44,0
DA:45,0
DA:46,0
DA:48,0
DA:51,0
DA:59,1
DA:60,0
DA:62,0
DA:63,0
DA:64,0
DA:65,0
DA:67,0
DA:70,0
DA:78,1
DA:79,0
DA:88,1
DA:89,0
DA:91,0
DA:92,0
DA:94,0
DA:95,0
DA:96,0
DA:97,0
DA:99,0
DA:102,0
DA:111,1
DA:112,0
DA:114,0
DA:115,0
DA:118,0
DA:119,0
DA:120,0
DA:122,0
DA:123,0
DA:124,0
DA:125,0
DA:127,0
DA:131,0
DA:134,0
DA:142,1
DA:143,0
DA:145,0
DA:146,0
DA:148,0
DA:149,0
DA:150,0
DA:151,0
DA:153,0
DA:156,0
DA:159,0
DA:163,1
DA:165,1
LF:67
LH:11
BRDA:14,1,0,0
BRDA:14,1,1,0
BRDA:17,2,0,0
BRDA:17,2,1,0
BRDA:44,3,0,0
BRDA:44,3,1,0
BRDA:63,4,0,0
BRDA:63,4,1,0
BRDA:95,5,0,0
BRDA:95,5,1,0
BRDA:115,6,0,0
BRDA:115,6,1,0
BRDA:118,7,0,0
BRDA:118,7,1,0
BRDA:119,8,0,0
BRDA:119,8,1,0
BRDA:120,9,0,0
BRDA:120,9,1,0
BRDA:123,10,0,0
BRDA:123,10,1,0
BRDA:146,11,0,0
BRDA:146,11,1,0
BRDA:149,12,0,0
BRDA:149,12,1,0
BRF:24
BRH:0
end_of_record
TN:
SF:C:\Users\AcaHE\Desktop\diplomski\projekat\transportApp\model\vehicleExpense\schema.js
FN:3,(anonymous_1)
FNF:1
FNH:1
FNDA:1,(anonymous_1)
DA:1,1
DA:3,1
DA:4,1
DA:35,1
LF:4
LH:4
BRF:0
BRH:0
end_of_record
TN:
SF:C:\Users\AcaHE\Desktop\diplomski\projekat\transportApp\middleware\authMiddleware.js
FN:5,(anonymous_1)
FN:10,(anonymous_2)
FN:32,(anonymous_3)
FN:37,(anonymous_4)
FN:59,(anonymous_5)
FN:64,(anonymous_6)
FNF:6
FNH:2
FNDA:0,(anonymous_1)
FNDA:0,(anonymous_2)
FNDA:0,(anonymous_3)
FNDA:0,(anonymous_4)
FNDA:17,(anonymous_5)
FNDA:13,(anonymous_6)
DA:1,1
DA:4,1
DA:7,0
DA:8,0
DA:10,0
DA:11,0
DA:12,0
DA:13,0
DA:15,0
DA:18,0
DA:19,0
DA:21,0
DA:22,0
DA:24,0
DA:25,0
DA:29,0
DA:34,0
DA:35,0
DA:37,0
DA:38,0
DA:39,0
DA:40,0
DA:42,0
DA:45,0
DA:46,0
DA:48,0
DA:49,0
DA:51,0
DA:52,0
DA:56,0
DA:61,17
DA:62,17
DA:64,13
DA:65,13
DA:66,0
DA:67,0
DA:69,0
DA:72,13
DA:73,0
DA:75,13
DA:76,0
DA:78,13
DA:79,0
DA:83,13
DA:88,1
LF:45
LH:11
BRDA:8,1,0,0
BRDA:8,1,1,0
BRDA:11,2,0,0
BRDA:11,2,1,0
BRDA:12,3,0,0
BRDA:12,3,1,0
BRDA:18,4,0,0
BRDA:18,4,1,0
BRDA:21,5,0,0
BRDA:21,5,1,0
BRDA:24,6,0,0
BRDA:24,6,1,0
BRDA:35,7,0,0
BRDA:35,7,1,0
BRDA:38,8,0,0
BRDA:38,8,1,0
BRDA:39,9,0,0
BRDA:39,9,1,0
BRDA:45,10,0,0
BRDA:45,10,1,0
BRDA:48,11,0,0
BRDA:48,11,1,0
BRDA:51,12,0,0
BRDA:51,12,1,0
BRDA:62,13,0,4
BRDA:62,13,1,13
BRDA:65,14,0,0
BRDA:65,14,1,13
BRDA:66,15,0,0
BRDA:66,15,1,0
BRDA:72,16,0,0
BRDA:72,16,1,13
BRDA:75,17,0,0
BRDA:75,17,1,13
BRDA:78,18,0,0
BRDA:78,18,1,13
BRF:36
BRH:6
end_of_record
TN:
SF:C:\Users\AcaHE\Desktop\diplomski\projekat\transportApp\services\module_manager\router.js
FNF:0
FNH:0
DA:1,1
DA:2,1
DA:3,1
DA:4,1
DA:29,1
DA:69,1
DA:105,1
DA:133,1
DA:163,1
DA:195,1
DA:215,1
DA:238,1
DA:240,1
DA:242,1
LF:14
LH:14
BRF:0
BRH:0
end_of_record
TN:
SF:C:\Users\AcaHE\Desktop\diplomski\projekat\transportApp\services\module_manager\controller.js
FN:14,(anonymous_1)
FN:30,(anonymous_2)
FN:32,(anonymous_3)
FN:46,(anonymous_4)
FN:47,(anonymous_5)
FN:49,(anonymous_6)
FN:60,(anonymous_7)
FN:61,(anonymous_8)
FN:64,(anonymous_9)
FN:66,(anonymous_10)
FN:69,(anonymous_11)
FN:80,(anonymous_12)
FN:81,(anonymous_13)
FN:84,(anonymous_14)
FN:86,(anonymous_15)
FN:89,(anonymous_16)
FN:100,(anonymous_17)
FN:101,(anonymous_18)
FN:104,(anonymous_19)
FN:106,(anonymous_20)
FN:109,(anonymous_21)
FN:120,(anonymous_22)
FN:121,(anonymous_23)
FN:124,(anonymous_24)
FN:126,(anonymous_25)
FN:129,(anonymous_26)
FN:140,(anonymous_27)
FN:141,(anonymous_28)
FN:144,(anonymous_29)
FN:146,(anonymous_30)
FN:149,(anonymous_31)
FN:160,(anonymous_32)
FN:171,(anonymous_33)
FN:173,(anonymous_34)
FNF:34
FNH:0
FNDA:0,(anonymous_1)
FNDA:0,(anonymous_2)
FNDA:0,(anonymous_3)
FNDA:0,(anonymous_4)
FNDA:0,(anonymous_5)
FNDA:0,(anonymous_6)
FNDA:0,(anonymous_7)
FNDA:0,(anonymous_8)
FNDA:0,(anonymous_9)
FNDA:0,(anonymous_10)
FNDA:0,(anonymous_11)
FNDA:0,(anonymous_12)
FNDA:0,(anonymous_13)
FNDA:0,(anonymous_14)
FNDA:0,(anonymous_15)
FNDA:0,(anonymous_16)
FNDA:0,(anonymous_17)
FNDA:0,(anonymous_18)
FNDA:0,(anonymous_19)
FNDA:0,(anonymous_20)
FNDA:0,(anonymous_21)
FNDA:0,(anonymous_22)
FNDA:0,(anonymous_23)
FNDA:0,(anonymous_24)
FNDA:0,(anonymous_25)
FNDA:0,(anonymous_26)
FNDA:0,(anonymous_27)
FNDA:0,(anonymous_28)
FNDA:0,(anonymous_29)
FNDA:0,(anonymous_30)
FNDA:0,(anonymous_31)
FNDA:0,(anonymous_32)
FNDA:0,(anonymous_33)
FNDA:0,(anonymous_34)
DA:1,1
DA:2,1
DA:4,1
DA:14,1
DA:15,0
DA:16,0
DA:17,0
DA:20,0
DA:21,0
DA:22,0
DA:25,0
DA:26,0
DA:27,0
DA:30,0
DA:31,0
DA:33,0
DA:46,1
DA:47,0
DA:48,0
DA:50,0
DA:60,1
DA:61,0
DA:62,0
DA:64,0
DA:65,0
DA:67,0
DA:70,0
DA:80,1
DA:81,0
DA:82,0
DA:84,0
DA:85,0
DA:87,0
DA:90,0
DA:100,1
DA:101,0
DA:102,0
DA:104,0
DA:105,0
DA:107,0
DA:110,0
DA:120,1
DA:121,0
DA:122,0
DA:124,0
DA:125,0
DA:127,0
DA:130,0
DA:140,1
DA:141,0
DA:142,0
DA:144,0
DA:145,0
DA:147,0
DA:150,0
DA:160,1
DA:161,0
DA:162,0
DA:163,0
DA:166,0
DA:167,0
DA:168,0
DA:171,0
DA:172,0
DA:174,0
LF:65
LH:11
BRDA:15,1,0,0
BRDA:15,1,1,0
BRDA:20,2,0,0
BRDA:20,2,1,0
BRDA:25,3,0,0
BRDA:25,3,1,0
BRDA:62,4,0,0
BRDA:62,4,1,0
BRDA:82,5,0,0
BRDA:82,5,1,0
BRDA:102,6,0,0
BRDA:102,6,1,0
BRDA:122,7,0,0
BRDA:122,7,1,0
BRDA:142,8,0,0
BRDA:142,8,1,0
BRDA:161,9,0,0
BRDA:161,9,1,0
BRDA:166,10,0,0
BRDA:166,10,1,0
BRF:20
BRH:0
end_of_record
TN:
SF:C:\Users\AcaHE\Desktop\diplomski\projekat\transportApp\services\module_user\router.js
FNF:0
FNH:0
DA:1,1
DA:2,1
DA:3,1
DA:4,1
DA:36,1
DA:60,1
DA:96,1
DA:145,1
DA:169,1
DA:192,1
DA:194,1
DA:196,1
LF:12
LH:12
BRF:0
BRH:0
end_of_record
TN:
SF:C:\Users\AcaHE\Desktop\diplomski\projekat\transportApp\services\module_user\controller.js
FN:15,(anonymous_1)
FN:31,(anonymous_2)
FN:33,(anonymous_3)
FN:44,(anonymous_4)
FN:60,(anonymous_5)
FN:62,(anonymous_6)
FN:75,(anonymous_7)
FN:86,(anonymous_8)
FN:89,(anonymous_9)
FN:91,(anonymous_10)
FN:94,(anonymous_11)
FN:105,(anonymous_12)
FN:106,(anonymous_13)
FN:109,(anonymous_14)
FN:111,(anonymous_15)
FN:114,(anonymous_16)
FN:125,(anonymous_17)
FN:146,(anonymous_18)
FN:148,(anonymous_19)
FN:159,(anonymous_20)
FN:170,(anonymous_21)
FN:172,(anonymous_22)
FNF:22
FNH:18
FNDA:4,(anonymous_1)
FNDA:1,(anonymous_2)
FNDA:1,(anonymous_3)
FNDA:4,(anonymous_4)
FNDA:1,(anonymous_5)
FNDA:1,(anonymous_6)
FNDA:3,(anonymous_7)
FNDA:2,(anonymous_8)
FNDA:1,(anonymous_9)
FNDA:0,(anonymous_10)
FNDA:0,(anonymous_11)
FNDA:2,(anonymous_12)
FNDA:2,(anonymous_13)
FNDA:1,(anonymous_14)
FNDA:0,(anonymous_15)
FNDA:0,(anonymous_16)
FNDA:4,(anonymous_17)
FNDA:1,(anonymous_18)
FNDA:1,(anonymous_19)
FNDA:4,(anonymous_20)
FNDA:1,(anonymous_21)
FNDA:2,(anonymous_22)
DA:1,1
DA:2,1
DA:4,1
DA:5,1
DA:15,1
DA:16,4
DA:17,0
DA:18,0
DA:21,4
DA:22,1
DA:23,1
DA:26,3
DA:27,1
DA:28,1
DA:31,2
DA:32,1
DA:34,1
DA:44,1
DA:45,4
DA:46,0
DA:47,0
DA:50,4
DA:51,1
DA:52,1
DA:55,3
DA:56,1
DA:57,1
DA:60,2
DA:61,1
DA:63,1
DA:75,1
DA:76,3
DA:77,0
DA:78,0
DA:81,3
DA:82,1
DA:83,1
DA:86,2
DA:87,2
DA:89,1
DA:90,1
DA:92,0
DA:95,0
DA:105,1
DA:106,2
DA:107,2
DA:109,1
DA:110,1
DA:112,0
DA:115,0
DA:125,1
DA:126,4
DA:127,1
DA:128,1
DA:131,3
DA:132,0
DA:133,0
DA:136,3
DA:137,0
DA:138,0
DA:141,3
DA:142,1
DA:143,1
DA:146,2
DA:147,1
DA:149,1
DA:159,1
DA:160,4
DA:161,0
DA:162,0
DA:165,4
DA:166,1
DA:167,1
DA:170,3
DA:171,1
DA:173,2
LF:76
LH:60
BRDA:16,1,0,0
BRDA:16,1,1,4
BRDA:21,2,0,1
BRDA:21,2,1,3
BRDA:26,3,0,1
BRDA:26,3,1,2
BRDA:45,4,0,0
BRDA:45,4,1,4
BRDA:50,5,0,1
BRDA:50,5,1,3
BRDA:55,6,0,1
BRDA:55,6,1,2
BRDA:76,7,0,0
BRDA:76,7,1,3
BRDA:81,8,0,1
BRDA:81,8,1,2
BRDA:87,9,0,1
BRDA:87,9,1,1
BRDA:107,10,0,1
BRDA:107,10,1,1
BRDA:126,11,0,1
BRDA:126,11,1,3
BRDA:131,12,0,0
BRDA:131,12,1,3
BRDA:136,13,0,0
BRDA:136,13,1,3
BRDA:141,14,0,1
BRDA:141,14,1,2
BRDA:160,15,0,0
BRDA:160,15,1,4
BRDA:165,16,0,1
BRDA:165,16,1,3
BRF:32
BRH:26
end_of_record
TN:
SF:C:\Users\AcaHE\Desktop\diplomski\projekat\transportApp\model\user\model.js
FN:9,(anonymous_1)
FN:13,(anonymous_2)
FN:22,(anonymous_3)
FN:25,(anonymous_4)
FN:41,(anonymous_5)
FN:44,(anonymous_6)
FN:60,(anonymous_7)
FN:69,(anonymous_8)
FN:77,(anonymous_9)
FN:80,(anonymous_10)
FN:96,(anonymous_11)
FN:100,(anonymous_12)
FN:104,(anonymous_13)
FN:112,(anonymous_14)
FN:124,(anonymous_15)
FN:127,(anonymous_16)
FN:138,(anonymous_17)
FN:150,(anonymous_18)
FN:153,(anonymous_19)
FN:163,(anonymous_20)
FN:171,(anonymous_21)
FN:183,(anonymous_22)
FN:186,(anonymous_23)
FN:189,(anonymous_24)
FN:196,(anonymous_25)
FN:208,(anonymous_26)
FN:211,(anonymous_27)
FN:218,(anonymous_28)
FN:227,(anonymous_29)
FN:239,(anonymous_30)
FN:242,(anonymous_31)
FN:249,(anonymous_32)
FN:258,(anonymous_33)
FNF:33
FNH:18
FNDA:2,(anonymous_1)
FNDA:3,(anonymous_2)
FNDA:9,(anonymous_3)
FNDA:9,(anonymous_4)
FNDA:4,(anonymous_5)
FNDA:4,(anonymous_6)
FNDA:4,(anonymous_7)
FNDA:0,(anonymous_8)
FNDA:0,(anonymous_9)
FNDA:0,(anonymous_10)
FNDA:2,(anonymous_11)
FNDA:2,(anonymous_12)
FNDA:1,(anonymous_13)
FNDA:0,(anonymous_14)
FNDA:2,(anonymous_15)
FNDA:2,(anonymous_16)
FNDA:0,(anonymous_17)
FNDA:0,(anonymous_18)
FNDA:0,(anonymous_19)
FNDA:0,(anonymous_20)
FNDA:0,(anonymous_21)
FNDA:0,(anonymous_22)
FNDA:0,(anonymous_23)
FNDA:0,(anonymous_24)
FNDA:0,(anonymous_25)
FNDA:2,(anonymous_26)
FNDA:2,(anonymous_27)
FNDA:1,(anonymous_28)
FNDA:0,(anonymous_29)
FNDA:3,(anonymous_30)
FNDA:3,(anonymous_31)
FNDA:1,(anonymous_32)
FNDA:0,(anonymous_33)
DA:1,1
DA:9,1
DA:10,2
DA:13,1
DA:14,3
DA:22,1
DA:23,9
DA:25,9
DA:26,9
DA:27,0
DA:28,0
DA:30,9
DA:33,9
DA:41,1
DA:42,4
DA:44,4
DA:45,4
DA:46,0
DA:47,0
DA:49,4
DA:52,4
DA:60,1
DA:61,4
DA:69,1
DA:70,0
DA:77,1
DA:78,0
DA:80,0
DA:81,0
DA:82,0
DA:83,0
DA:85,0
DA:88,0
DA:96,1
DA:97,2
DA:98,2
DA:99,2
DA:100,2
DA:101,2
DA:103,1
DA:104,1
DA:105,1
DA:106,0
DA:107,0
DA:109,1
DA:113,0
DA:116,2
DA:124,1
DA:125,2
DA:127,2
DA:128,2
DA:130,1
DA:134,1
DA:135,1
DA:136,1
DA:139,0
DA:142,2
DA:150,1
DA:151,0
DA:153,0
DA:154,0
DA:156,0
DA:157,0
DA:158,0
DA:159,0
DA:160,0
DA:161,0
DA:163,0
DA:164,0
DA:165,0
DA:166,0
DA:168,0
DA:172,0
DA:175,0
DA:183,1
DA:184,0
DA:186,0
DA:187,0
DA:189,0
DA:190,0
DA:191,0
DA:193,0
DA:197,0
DA:200,0
DA:208,1
DA:209,2
DA:211,2
DA:212,2
DA:214,1
DA:216,1
DA:218,1
DA:219,1
DA:220,0
DA:221,0
DA:224,1
DA:228,0
DA:231,2
DA:239,1
DA:240,3
DA:242,3
DA:243,3
DA:245,2
DA:247,1
DA:249,1
DA:250,1
DA:251,0
DA:253,0
DA:255,1
DA:259,0
DA:262,3
DA:265,1
DA:267,1
LF:112
LH:65
BRDA:26,1,0,0
BRDA:26,1,1,9
BRDA:45,2,0,0
BRDA:45,2,1,4
BRDA:81,3,0,0
BRDA:81,3,1,0
BRDA:101,4,0,1
BRDA:101,4,1,1
BRDA:105,5,0,0
BRDA:105,5,1,1
BRDA:128,6,0,1
BRDA:128,6,1,1
BRDA:154,7,0,0
BRDA:154,7,1,0
BRDA:156,8,0,0
BRDA:156,8,1,0
BRDA:157,9,0,0
BRDA:157,9,1,0
BRDA:158,10,0,0
BRDA:158,10,1,0
BRDA:159,11,0,0
BRDA:159,11,1,0
BRDA:160,12,0,0
BRDA:160,12,1,0
BRDA:161,13,0,0
BRDA:161,13,1,0
BRDA:164,14,0,0
BRDA:164,14,1,0
BRDA:187,15,0,0
BRDA:187,15,1,0
BRDA:190,16,0,0
BRDA:190,16,1,0
BRDA:212,17,0,1
BRDA:212,17,1,1
BRDA:214,18,0,0
BRDA:214,18,1,1
BRDA:219,19,0,0
BRDA:219,19,1,1
BRDA:243,20,0,1
BRDA:243,20,1,2
BRDA:245,21,0,1
BRDA:245,21,1,1
BRDA:250,22,0,0
BRDA:250,22,1,1
BRF:44
BRH:16
end_of_record
TN:
SF:C:\Users\AcaHE\Desktop\diplomski\projekat\transportApp\model\user\schema.js
FN:3,(anonymous_1)
FNF:1
FNH:1
FNDA:1,(anonymous_1)
DA:1,1
DA:3,1
DA:4,1
DA:59,1
LF:4
LH:4
BRF:0
BRH:0
end_of_record
TN:
SF:C:\Users\AcaHE\Desktop\diplomski\projekat\transportApp\model\destinationRequest\model.js
FN:11,_findById
FN:14,(anonymous_2)
FN:30,_findByStatus
FN:33,(anonymous_4)
FN:49,_findByDestinationId
FN:52,(anonymous_6)
FN:68,_findByUserId
FN:71,(anonymous_8)
FN:87,(anonymous_9)
FN:96,(anonymous_10)
FN:105,(anonymous_11)
FN:114,(anonymous_12)
FN:122,(anonymous_13)
FN:125,(anonymous_14)
FN:142,(anonymous_15)
FN:148,(anonymous_16)
FN:165,(anonymous_17)
FN:168,(anonymous_18)
FN:182,(anonymous_19)
FN:190,(anonymous_20)
FN:202,(anonymous_21)
FN:205,(anonymous_22)
FN:208,(anonymous_23)
FN:216,(anonymous_24)
FNF:24
FNH:5
FNDA:0,_findById
FNDA:0,(anonymous_2)
FNDA:0,_findByStatus
FNDA:0,(anonymous_4)
FNDA:0,_findByDestinationId
FNDA:0,(anonymous_6)
FNDA:1,_findByUserId
FNDA:1,(anonymous_8)
FNDA:0,(anonymous_9)
FNDA:0,(anonymous_10)
FNDA:0,(anonymous_11)
FNDA:1,(anonymous_12)
FNDA:0,(anonymous_13)
FNDA:0,(anonymous_14)
FNDA:1,(anonymous_15)
FNDA:1,(anonymous_16)
FNDA:0,(anonymous_17)
FNDA:0,(anonymous_18)
FNDA:0,(anonymous_19)
FNDA:0,(anonymous_20)
FNDA:0,(anonymous_21)
FNDA:0,(anonymous_22)
FNDA:0,(anonymous_23)
FNDA:0,(anonymous_24)
DA:1,1
DA:11,1
DA:12,0
DA:14,0
DA:15,0
DA:16,0
DA:17,0
DA:19,0
DA:22,0
DA:30,1
DA:31,0
DA:33,0
DA:34,0
DA:35,0
DA:36,0
DA:38,0
DA:41,0
DA:49,1
DA:50,0
DA:52,0
DA:53,0
DA:54,0
DA:55,0
DA:57,0
DA:60,0
DA:68,1
DA:69,1
DA:71,1
DA:72,1
DA:73,0
DA:74,0
DA:76,1
DA:79,1
DA:87,1
DA:88,0
DA:96,1
DA:97,0
DA:105,1
DA:106,0
DA:114,1
DA:115,1
DA:122,1
DA:123,0
DA:125,0
DA:126,0
DA:127,0
DA:128,0
DA:130,0
DA:133,0
DA:142,1
DA:143,1
DA:145,1
DA:146,1
DA:148,1
DA:149,1
DA:150,0
DA:151,0
DA:153,1
DA:156,1
DA:165,1
DA:166,0
DA:168,0
DA:169,0
DA:171,0
DA:172,0
DA:173,0
DA:174,0
DA:175,0
DA:176,0
DA:177,0
DA:178,0
DA:179,0
DA:180,0
DA:182,0
DA:183,0
DA:184,0
DA:185,0
DA:187,0
DA:191,0
DA:194,0
DA:202,1
DA:203,0
DA:205,0
DA:206,0
DA:208,0
DA:209,0
DA:210,0
DA:211,0
DA:213,0
DA:217,0
DA:220,0
DA:224,1
DA:226,1
LF:93
LH:28
BRDA:15,1,0,0
BRDA:15,1,1,0
BRDA:34,2,0,0
BRDA:34,2,1,0
BRDA:53,3,0,0
BRDA:53,3,1,0
BRDA:72,4,0,0
BRDA:72,4,1,1
BRDA:126,5,0,0
BRDA:126,5,1,0
BRDA:149,6,0,0
BRDA:149,6,1,1
BRDA:169,7,0,0
BRDA:169,7,1,0
BRDA:171,8,0,0
BRDA:171,8,1,0
BRDA:172,9,0,0
BRDA:172,9,1,0
BRDA:173,10,0,0
BRDA:173,10,1,0
BRDA:174,11,0,0
BRDA:174,11,1,0
BRDA:175,12,0,0
BRDA:175,12,1,0
BRDA:176,13,0,0
BRDA:176,13,1,0
BRDA:177,14,0,0
BRDA:177,14,1,0
BRDA:178,15,0,0
BRDA:178,15,1,0
BRDA:179,16,0,0
BRDA:179,16,1,0
BRDA:180,17,0,0
BRDA:180,17,1,0
BRDA:183,18,0,0
BRDA:183,18,1,0
BRDA:206,19,0,0
BRDA:206,19,1,0
BRDA:209,20,0,0
BRDA:209,20,1,0
BRF:40
BRH:2
end_of_record
TN:
SF:C:\Users\AcaHE\Desktop\diplomski\projekat\transportApp\model\destinationRequest\schema.js
FN:3,(anonymous_1)
FNF:1
FNH:1
FNDA:1,(anonymous_1)
DA:1,1
DA:3,1
DA:4,1
DA:72,1
LF:4
LH:4
BRF:0
BRH:0
end_of_record
TN:
SF:C:\Users\AcaHE\Desktop\diplomski\projekat\transportApp\postLoader.js
FN:15,(anonymous_1)
FN:16,(anonymous_2)
FN:20,(anonymous_3)
FNF:3
FNH:3
FNDA:1,(anonymous_1)
FNDA:4,(anonymous_2)
FNDA:3,(anonymous_3)
DA:1,1
DA:15,1
DA:16,1
DA:17,4
DA:19,3
DA:20,3
DA:21,3
DA:22,0
DA:23,0
LF:9
LH:7
BRDA:17,1,0,3
BRDA:17,1,1,1
BRDA:21,2,0,0
BRDA:21,2,1,3
BRF:4
BRH:3
end_of_record
